[1.114s] Invoking command in '/home/vx792/ros2_ws/src/ros-controls/ros2_control/ros2controlcli': AMENT_PREFIX_PATH=/home/vx792/ros2_ws/src/ros-controls/ros2_control/install/controller_manager:/home/vx792/ros2_ws/src/ros-controls/ros2_control/install/controller_interface:/home/vx792/ros2_ws/src/ros-controls/ros2_control/install/hardware_interface:/home/vx792/ros2_ws/src/ros-controls/ros2_control/install/ros2_control_test_assets:/home/vx792/ros2_ws/src/ros-controls/ros2_control/install/controller_manager_msgs:${AMENT_PREFIX_PATH} CMAKE_PREFIX_PATH=/home/vx792/ros2_ws/src/ros-controls/ros2_control/install/controller_manager:/home/vx792/ros2_ws/src/ros-controls/ros2_control/install/controller_interface:/home/vx792/ros2_ws/src/ros-controls/ros2_control/install/hardware_interface:/home/vx792/ros2_ws/src/ros-controls/ros2_control/install/ros2_control_test_assets:/home/vx792/ros2_ws/src/ros-controls/ros2_control/install/controller_manager_msgs:${CMAKE_PREFIX_PATH} LD_LIBRARY_PATH=/home/vx792/ros2_ws/src/ros-controls/ros2_control/install/controller_manager/lib:/home/vx792/ros2_ws/src/ros-controls/ros2_control/install/controller_interface/lib:/home/vx792/ros2_ws/src/ros-controls/ros2_control/install/hardware_interface/lib:/home/vx792/ros2_ws/src/ros-controls/ros2_control/install/controller_manager_msgs/lib:${LD_LIBRARY_PATH} PYTHONPATH=/home/vx792/ros2_ws/src/ros-controls/ros2_control/install/ros2controlcli/lib/python3.8/site-packages:/home/vx792/ros2_ws/src/ros-controls/ros2_control/install/controller_manager/lib/python3.8/site-packages:/home/vx792/ros2_ws/src/ros-controls/ros2_control/install/controller_manager_msgs/lib/python3.8/site-packages:${PYTHONPATH} /usr/bin/python3 setup.py egg_info --egg-base ../build/ros2controlcli build --build-base /home/vx792/ros2_ws/src/ros-controls/ros2_control/build/ros2controlcli/build install --prefix /home/vx792/ros2_ws/src/ros-controls/ros2_control/install/ros2controlcli --record /home/vx792/ros2_ws/src/ros-controls/ros2_control/build/ros2controlcli/install.log --single-version-externally-managed
[1.478s] running egg_info
[1.478s] creating ../build/ros2controlcli/ros2controlcli.egg-info
[1.479s] writing ../build/ros2controlcli/ros2controlcli.egg-info/PKG-INFO
[1.485s] writing dependency_links to ../build/ros2controlcli/ros2controlcli.egg-info/dependency_links.txt
[1.485s] writing entry points to ../build/ros2controlcli/ros2controlcli.egg-info/entry_points.txt
[1.485s] writing requirements to ../build/ros2controlcli/ros2controlcli.egg-info/requires.txt
[1.485s] writing top-level names to ../build/ros2controlcli/ros2controlcli.egg-info/top_level.txt
[1.485s] writing manifest file '../build/ros2controlcli/ros2controlcli.egg-info/SOURCES.txt'
[1.541s] reading manifest file '../build/ros2controlcli/ros2controlcli.egg-info/SOURCES.txt'
[1.543s] writing manifest file '../build/ros2controlcli/ros2controlcli.egg-info/SOURCES.txt'
[1.543s] running build
[1.543s] running build_py
[1.544s] creating /home/vx792/ros2_ws/src/ros-controls/ros2_control/build/ros2controlcli/build
[1.544s] creating /home/vx792/ros2_ws/src/ros-controls/ros2_control/build/ros2controlcli/build/lib
[1.545s] creating /home/vx792/ros2_ws/src/ros-controls/ros2_control/build/ros2controlcli/build/lib/ros2controlcli
[1.545s] copying ros2controlcli/__init__.py -> /home/vx792/ros2_ws/src/ros-controls/ros2_control/build/ros2controlcli/build/lib/ros2controlcli
[1.545s] creating /home/vx792/ros2_ws/src/ros-controls/ros2_control/build/ros2controlcli/build/lib/ros2controlcli/command
[1.546s] copying ros2controlcli/command/__init__.py -> /home/vx792/ros2_ws/src/ros-controls/ros2_control/build/ros2controlcli/build/lib/ros2controlcli/command
[1.546s] copying ros2controlcli/command/control.py -> /home/vx792/ros2_ws/src/ros-controls/ros2_control/build/ros2controlcli/build/lib/ros2controlcli/command
[1.551s] creating /home/vx792/ros2_ws/src/ros-controls/ros2_control/build/ros2controlcli/build/lib/ros2controlcli/verb
[1.552s] copying ros2controlcli/verb/switch_controllers.py -> /home/vx792/ros2_ws/src/ros-controls/ros2_control/build/ros2controlcli/build/lib/ros2controlcli/verb
[1.553s] copying ros2controlcli/verb/list_hardware_interfaces.py -> /home/vx792/ros2_ws/src/ros-controls/ros2_control/build/ros2controlcli/build/lib/ros2controlcli/verb
[1.554s] copying ros2controlcli/verb/list_controllers.py -> /home/vx792/ros2_ws/src/ros-controls/ros2_control/build/ros2controlcli/build/lib/ros2controlcli/verb
[1.554s] copying ros2controlcli/verb/__init__.py -> /home/vx792/ros2_ws/src/ros-controls/ros2_control/build/ros2controlcli/build/lib/ros2controlcli/verb
[1.555s] copying ros2controlcli/verb/load_controller.py -> /home/vx792/ros2_ws/src/ros-controls/ros2_control/build/ros2controlcli/build/lib/ros2controlcli/verb
[1.556s] copying ros2controlcli/verb/reload_controller_libraries.py -> /home/vx792/ros2_ws/src/ros-controls/ros2_control/build/ros2controlcli/build/lib/ros2controlcli/verb
[1.557s] copying ros2controlcli/verb/unload_controller.py -> /home/vx792/ros2_ws/src/ros-controls/ros2_control/build/ros2controlcli/build/lib/ros2controlcli/verb
[1.558s] copying ros2controlcli/verb/set_controller_state.py -> /home/vx792/ros2_ws/src/ros-controls/ros2_control/build/ros2controlcli/build/lib/ros2controlcli/verb
[1.559s] copying ros2controlcli/verb/list_controller_types.py -> /home/vx792/ros2_ws/src/ros-controls/ros2_control/build/ros2controlcli/build/lib/ros2controlcli/verb
[1.560s] creating /home/vx792/ros2_ws/src/ros-controls/ros2_control/build/ros2controlcli/build/lib/ros2controlcli/api
[1.560s] copying ros2controlcli/api/__init__.py -> /home/vx792/ros2_ws/src/ros-controls/ros2_control/build/ros2controlcli/build/lib/ros2controlcli/api
[1.562s] running install
[1.566s] running install_lib
[1.567s] creating /home/vx792/ros2_ws/src/ros-controls/ros2_control/install/ros2controlcli/lib/python3.8/site-packages/ros2controlcli
[1.568s] copying /home/vx792/ros2_ws/src/ros-controls/ros2_control/build/ros2controlcli/build/lib/ros2controlcli/__init__.py -> /home/vx792/ros2_ws/src/ros-controls/ros2_control/install/ros2controlcli/lib/python3.8/site-packages/ros2controlcli
[1.569s] creating /home/vx792/ros2_ws/src/ros-controls/ros2_control/install/ros2controlcli/lib/python3.8/site-packages/ros2controlcli/command
[1.569s] copying /home/vx792/ros2_ws/src/ros-controls/ros2_control/build/ros2controlcli/build/lib/ros2controlcli/command/__init__.py -> /home/vx792/ros2_ws/src/ros-controls/ros2_control/install/ros2controlcli/lib/python3.8/site-packages/ros2controlcli/command
[1.569s] copying /home/vx792/ros2_ws/src/ros-controls/ros2_control/build/ros2controlcli/build/lib/ros2controlcli/command/control.py -> /home/vx792/ros2_ws/src/ros-controls/ros2_control/install/ros2controlcli/lib/python3.8/site-packages/ros2controlcli/command
[1.570s] creating /home/vx792/ros2_ws/src/ros-controls/ros2_control/install/ros2controlcli/lib/python3.8/site-packages/ros2controlcli/verb
[1.570s] copying /home/vx792/ros2_ws/src/ros-controls/ros2_control/build/ros2controlcli/build/lib/ros2controlcli/verb/switch_controllers.py -> /home/vx792/ros2_ws/src/ros-controls/ros2_control/install/ros2controlcli/lib/python3.8/site-packages/ros2controlcli/verb
[1.570s] copying /home/vx792/ros2_ws/src/ros-controls/ros2_control/build/ros2controlcli/build/lib/ros2controlcli/verb/list_hardware_interfaces.py -> /home/vx792/ros2_ws/src/ros-controls/ros2_control/install/ros2controlcli/lib/python3.8/site-packages/ros2controlcli/verb
[1.571s] copying /home/vx792/ros2_ws/src/ros-controls/ros2_control/build/ros2controlcli/build/lib/ros2controlcli/verb/list_controllers.py -> /home/vx792/ros2_ws/src/ros-controls/ros2_control/install/ros2controlcli/lib/python3.8/site-packages/ros2controlcli/verb
[1.571s] copying /home/vx792/ros2_ws/src/ros-controls/ros2_control/build/ros2controlcli/build/lib/ros2controlcli/verb/__init__.py -> /home/vx792/ros2_ws/src/ros-controls/ros2_control/install/ros2controlcli/lib/python3.8/site-packages/ros2controlcli/verb
[1.572s] copying /home/vx792/ros2_ws/src/ros-controls/ros2_control/build/ros2controlcli/build/lib/ros2controlcli/verb/load_controller.py -> /home/vx792/ros2_ws/src/ros-controls/ros2_control/install/ros2controlcli/lib/python3.8/site-packages/ros2controlcli/verb
[1.572s] copying /home/vx792/ros2_ws/src/ros-controls/ros2_control/build/ros2controlcli/build/lib/ros2controlcli/verb/reload_controller_libraries.py -> /home/vx792/ros2_ws/src/ros-controls/ros2_control/install/ros2controlcli/lib/python3.8/site-packages/ros2controlcli/verb
[1.572s] copying /home/vx792/ros2_ws/src/ros-controls/ros2_control/build/ros2controlcli/build/lib/ros2controlcli/verb/unload_controller.py -> /home/vx792/ros2_ws/src/ros-controls/ros2_control/install/ros2controlcli/lib/python3.8/site-packages/ros2controlcli/verb
[1.573s] copying /home/vx792/ros2_ws/src/ros-controls/ros2_control/build/ros2controlcli/build/lib/ros2controlcli/verb/set_controller_state.py -> /home/vx792/ros2_ws/src/ros-controls/ros2_control/install/ros2controlcli/lib/python3.8/site-packages/ros2controlcli/verb
[1.573s] copying /home/vx792/ros2_ws/src/ros-controls/ros2_control/build/ros2controlcli/build/lib/ros2controlcli/verb/list_controller_types.py -> /home/vx792/ros2_ws/src/ros-controls/ros2_control/install/ros2controlcli/lib/python3.8/site-packages/ros2controlcli/verb
[1.574s] creating /home/vx792/ros2_ws/src/ros-controls/ros2_control/install/ros2controlcli/lib/python3.8/site-packages/ros2controlcli/api
[1.574s] copying /home/vx792/ros2_ws/src/ros-controls/ros2_control/build/ros2controlcli/build/lib/ros2controlcli/api/__init__.py -> /home/vx792/ros2_ws/src/ros-controls/ros2_control/install/ros2controlcli/lib/python3.8/site-packages/ros2controlcli/api
[1.575s] byte-compiling /home/vx792/ros2_ws/src/ros-controls/ros2_control/install/ros2controlcli/lib/python3.8/site-packages/ros2controlcli/__init__.py to __init__.cpython-38.pyc
[1.577s] byte-compiling /home/vx792/ros2_ws/src/ros-controls/ros2_control/install/ros2controlcli/lib/python3.8/site-packages/ros2controlcli/command/__init__.py to __init__.cpython-38.pyc
[1.578s] byte-compiling /home/vx792/ros2_ws/src/ros-controls/ros2_control/install/ros2controlcli/lib/python3.8/site-packages/ros2controlcli/command/control.py to control.cpython-38.pyc
[1.579s] byte-compiling /home/vx792/ros2_ws/src/ros-controls/ros2_control/install/ros2controlcli/lib/python3.8/site-packages/ros2controlcli/verb/switch_controllers.py to switch_controllers.cpython-38.pyc
[1.580s] byte-compiling /home/vx792/ros2_ws/src/ros-controls/ros2_control/install/ros2controlcli/lib/python3.8/site-packages/ros2controlcli/verb/list_hardware_interfaces.py to list_hardware_interfaces.cpython-38.pyc
[1.581s] byte-compiling /home/vx792/ros2_ws/src/ros-controls/ros2_control/install/ros2controlcli/lib/python3.8/site-packages/ros2controlcli/verb/list_controllers.py to list_controllers.cpython-38.pyc
[1.583s] byte-compiling /home/vx792/ros2_ws/src/ros-controls/ros2_control/install/ros2controlcli/lib/python3.8/site-packages/ros2controlcli/verb/__init__.py to __init__.cpython-38.pyc
[1.583s] byte-compiling /home/vx792/ros2_ws/src/ros-controls/ros2_control/install/ros2controlcli/lib/python3.8/site-packages/ros2controlcli/verb/load_controller.py to load_controller.cpython-38.pyc
[1.583s] byte-compiling /home/vx792/ros2_ws/src/ros-controls/ros2_control/install/ros2controlcli/lib/python3.8/site-packages/ros2controlcli/verb/reload_controller_libraries.py to reload_controller_libraries.cpython-38.pyc
[1.584s] byte-compiling /home/vx792/ros2_ws/src/ros-controls/ros2_control/install/ros2controlcli/lib/python3.8/site-packages/ros2controlcli/verb/unload_controller.py to unload_controller.cpython-38.pyc
[1.585s] byte-compiling /home/vx792/ros2_ws/src/ros-controls/ros2_control/install/ros2controlcli/lib/python3.8/site-packages/ros2controlcli/verb/set_controller_state.py to set_controller_state.cpython-38.pyc
[1.586s] byte-compiling /home/vx792/ros2_ws/src/ros-controls/ros2_control/install/ros2controlcli/lib/python3.8/site-packages/ros2controlcli/verb/list_controller_types.py to list_controller_types.cpython-38.pyc
[1.587s] byte-compiling /home/vx792/ros2_ws/src/ros-controls/ros2_control/install/ros2controlcli/lib/python3.8/site-packages/ros2controlcli/api/__init__.py to __init__.cpython-38.pyc
[1.588s] running install_data
[1.589s] copying package.xml -> /home/vx792/ros2_ws/src/ros-controls/ros2_control/install/ros2controlcli/share/ros2controlcli
[1.589s] creating /home/vx792/ros2_ws/src/ros-controls/ros2_control/install/ros2controlcli/share/ament_index
[1.590s] creating /home/vx792/ros2_ws/src/ros-controls/ros2_control/install/ros2controlcli/share/ament_index/resource_index
[1.590s] creating /home/vx792/ros2_ws/src/ros-controls/ros2_control/install/ros2controlcli/share/ament_index/resource_index/packages
[1.591s] copying resource/ros2controlcli -> /home/vx792/ros2_ws/src/ros-controls/ros2_control/install/ros2controlcli/share/ament_index/resource_index/packages
[1.591s] running install_egg_info
[1.594s] Copying ../build/ros2controlcli/ros2controlcli.egg-info to /home/vx792/ros2_ws/src/ros-controls/ros2_control/install/ros2controlcli/lib/python3.8/site-packages/ros2controlcli-2.12.1-py3.8.egg-info
[1.596s] running install_scripts
[1.621s] writing list of installed files to '/home/vx792/ros2_ws/src/ros-controls/ros2_control/build/ros2controlcli/install.log'
[1.649s] Invoked command in '/home/vx792/ros2_ws/src/ros-controls/ros2_control/ros2controlcli' returned '0': AMENT_PREFIX_PATH=/home/vx792/ros2_ws/src/ros-controls/ros2_control/install/controller_manager:/home/vx792/ros2_ws/src/ros-controls/ros2_control/install/controller_interface:/home/vx792/ros2_ws/src/ros-controls/ros2_control/install/hardware_interface:/home/vx792/ros2_ws/src/ros-controls/ros2_control/install/ros2_control_test_assets:/home/vx792/ros2_ws/src/ros-controls/ros2_control/install/controller_manager_msgs:${AMENT_PREFIX_PATH} CMAKE_PREFIX_PATH=/home/vx792/ros2_ws/src/ros-controls/ros2_control/install/controller_manager:/home/vx792/ros2_ws/src/ros-controls/ros2_control/install/controller_interface:/home/vx792/ros2_ws/src/ros-controls/ros2_control/install/hardware_interface:/home/vx792/ros2_ws/src/ros-controls/ros2_control/install/ros2_control_test_assets:/home/vx792/ros2_ws/src/ros-controls/ros2_control/install/controller_manager_msgs:${CMAKE_PREFIX_PATH} LD_LIBRARY_PATH=/home/vx792/ros2_ws/src/ros-controls/ros2_control/install/controller_manager/lib:/home/vx792/ros2_ws/src/ros-controls/ros2_control/install/controller_interface/lib:/home/vx792/ros2_ws/src/ros-controls/ros2_control/install/hardware_interface/lib:/home/vx792/ros2_ws/src/ros-controls/ros2_control/install/controller_manager_msgs/lib:${LD_LIBRARY_PATH} PYTHONPATH=/home/vx792/ros2_ws/src/ros-controls/ros2_control/install/ros2controlcli/lib/python3.8/site-packages:/home/vx792/ros2_ws/src/ros-controls/ros2_control/install/controller_manager/lib/python3.8/site-packages:/home/vx792/ros2_ws/src/ros-controls/ros2_control/install/controller_manager_msgs/lib/python3.8/site-packages:${PYTHONPATH} /usr/bin/python3 setup.py egg_info --egg-base ../build/ros2controlcli build --build-base /home/vx792/ros2_ws/src/ros-controls/ros2_control/build/ros2controlcli/build install --prefix /home/vx792/ros2_ws/src/ros-controls/ros2_control/install/ros2controlcli --record /home/vx792/ros2_ws/src/ros-controls/ros2_control/build/ros2controlcli/install.log --single-version-externally-managed
