In file included from [01m[K/opt/ros/rolling/include/rclcpp/client.hpp:43[m[K,
                 from [01m[K/opt/ros/rolling/include/rclcpp/callback_group.hpp:23[m[K,
                 from [01m[K/opt/ros/rolling/include/rclcpp/any_executable.hpp:20[m[K,
                 from [01m[K/opt/ros/rolling/include/rclcpp/memory_strategy.hpp:25[m[K,
                 from [01m[K/opt/ros/rolling/include/rclcpp/memory_strategies.hpp:18[m[K,
                 from [01m[K/opt/ros/rolling/include/rclcpp/executor_options.hpp:20[m[K,
                 from [01m[K/opt/ros/rolling/include/rclcpp/executor.hpp:37[m[K,
                 from [01m[K/opt/ros/rolling/include/rclcpp/executors/multi_threaded_executor.hpp:25[m[K,
                 from [01m[K/opt/ros/rolling/include/rclcpp/executors.hpp:21[m[K,
                 from [01m[K/opt/ros/rolling/include/rclcpp/rclcpp.hpp:155[m[K,
                 from [01m[K/home/vx792/ros2_ws/src/ros-controls/ros2_control/install/controller_interface/include/controller_interface/controller_interface_base.hpp:28[m[K,
                 from [01m[K/home/vx792/ros2_ws/src/ros-controls/ros2_control/install/controller_interface/include/controller_interface/chainable_controller_interface.hpp:20[m[K,
                 from [01m[K/home/vx792/ros2_ws/src/ros-controls/ros2_control/controller_manager/include/controller_manager/controller_manager.hpp:25[m[K,
                 from [01m[K/home/vx792/ros2_ws/src/ros-controls/ros2_control/controller_manager/src/controller_manager.cpp:15[m[K:
[01m[K/home/vx792/ros2_ws/src/ros-controls/ros2_control/controller_manager/src/controller_manager.cpp:[m[K In member function ‘[01m[Kcontroller_interface::return_type controller_manager::ControllerManager::update(const rclcpp::Time&, const rclcpp::Duration&)[m[K’:
[01m[K/home/vx792/ros2_ws/src/ros-controls/ros2_control/controller_manager/src/controller_manager.cpp:1648:27:[m[K [01;35m[Kwarning: [m[Kformat ‘[01m[K%d[m[K’ expects argument of type ‘[01m[Kint[m[K’, but argument 5 has type ‘[01m[Kstd::vector<std::thread>::size_type[m[K’ {aka ‘[01m[Klong unsigned int[m[K’} [[01;35m[K-Wformat=[m[K]
 1648 |             get_logger(), [01;35m[K"vector size before : '%d'"[m[K, [32m[Kasync_controller_threads.size()[m[K);
      |                           [01;35m[K^~~~~~~~~~~~~~~~~~~~~~~~~~~[m[K  [32m[K~~~~~~~~~~~~~~~~~~~~~~~~~~~~~~~[m[K
      |                                                                                     [32m[K|[m[K
      |                                                                                     [32m[Kstd::vector<std::thread>::size_type {aka long unsigned int}[m[K
[01m[K/home/vx792/ros2_ws/src/ros-controls/ros2_control/controller_manager/src/controller_manager.cpp:1648:51:[m[K [01;36m[Knote: [m[Kformat string is defined here
 1648 |             get_logger(), "vector size before : '[01;36m[K%d[m[K'", async_controller_threads.size());
      |                                                  [01;36m[K~^[m[K
      |                                                   [01;36m[K|[m[K
      |                                                   [01;36m[Kint[m[K
      |                                                  [32m[K%ld[m[K
In file included from [01m[K/opt/ros/rolling/include/rclcpp/client.hpp:43[m[K,
                 from [01m[K/opt/ros/rolling/include/rclcpp/callback_group.hpp:23[m[K,
                 from [01m[K/opt/ros/rolling/include/rclcpp/any_executable.hpp:20[m[K,
                 from [01m[K/opt/ros/rolling/include/rclcpp/memory_strategy.hpp:25[m[K,
                 from [01m[K/opt/ros/rolling/include/rclcpp/memory_strategies.hpp:18[m[K,
                 from [01m[K/opt/ros/rolling/include/rclcpp/executor_options.hpp:20[m[K,
                 from [01m[K/opt/ros/rolling/include/rclcpp/executor.hpp:37[m[K,
                 from [01m[K/opt/ros/rolling/include/rclcpp/executors/multi_threaded_executor.hpp:25[m[K,
                 from [01m[K/opt/ros/rolling/include/rclcpp/executors.hpp:21[m[K,
                 from [01m[K/opt/ros/rolling/include/rclcpp/rclcpp.hpp:155[m[K,
                 from [01m[K/home/vx792/ros2_ws/src/ros-controls/ros2_control/install/controller_interface/include/controller_interface/controller_interface_base.hpp:28[m[K,
                 from [01m[K/home/vx792/ros2_ws/src/ros-controls/ros2_control/install/controller_interface/include/controller_interface/chainable_controller_interface.hpp:20[m[K,
                 from [01m[K/home/vx792/ros2_ws/src/ros-controls/ros2_control/controller_manager/include/controller_manager/controller_manager.hpp:25[m[K,
                 from [01m[K/home/vx792/ros2_ws/src/ros-controls/ros2_control/controller_manager/src/controller_manager.cpp:15[m[K:
[01m[K/home/vx792/ros2_ws/src/ros-controls/ros2_control/controller_manager/src/controller_manager.cpp:1673:25:[m[K [01;35m[Kwarning: [m[Kformat ‘[01m[K%d[m[K’ expects argument of type ‘[01m[Kint[m[K’, but argument 5 has type ‘[01m[Kstd::vector<std::thread>::size_type[m[K’ {aka ‘[01m[Klong unsigned int[m[K’} [[01;35m[K-Wformat=[m[K]
 1673 |           get_logger(), [01;35m[K"vector size after: '%d'"[m[K, [32m[Kasync_controller_threads.size()[m[K);
      |                         [01;35m[K^~~~~~~~~~~~~~~~~~~~~~~~~[m[K  [32m[K~~~~~~~~~~~~~~~~~~~~~~~~~~~~~~~[m[K
      |                                                                                 [32m[K|[m[K
      |                                                                                 [32m[Kstd::vector<std::thread>::size_type {aka long unsigned int}[m[K
[01m[K/home/vx792/ros2_ws/src/ros-controls/ros2_control/controller_manager/src/controller_manager.cpp:1673:47:[m[K [01;36m[Knote: [m[Kformat string is defined here
 1673 |           get_logger(), "vector size after: '[01;36m[K%d[m[K'", async_controller_threads.size());
      |                                              [01;36m[K~^[m[K
      |                                               [01;36m[K|[m[K
      |                                               [01;36m[Kint[m[K
      |                                              [32m[K%ld[m[K
