[0.125s] Invoking command in '/home/vx792/ros2_ws/src/ros-controls/ros2_control/build/controller_manager': AMENT_PREFIX_PATH=/home/vx792/ros2_ws/src/ros-controls/ros2_control/install/controller_interface:/home/vx792/ros2_ws/src/ros-controls/ros2_control/install/hardware_interface:/home/vx792/ros2_ws/src/ros-controls/ros2_control/install/ros2_control_test_assets:/home/vx792/ros2_ws/src/ros-controls/ros2_control/install/controller_manager_msgs:${AMENT_PREFIX_PATH} CMAKE_PREFIX_PATH=/home/vx792/ros2_ws/src/ros-controls/ros2_control/install/controller_interface:/home/vx792/ros2_ws/src/ros-controls/ros2_control/install/hardware_interface:/home/vx792/ros2_ws/src/ros-controls/ros2_control/install/ros2_control_test_assets:/home/vx792/ros2_ws/src/ros-controls/ros2_control/install/controller_manager_msgs:/home/vx792/ros2_ws/src/ros-controls/install/gazebo_ros2_control_demos:/home/vx792/ros2_ws/src/ros-controls/install/ros2_controllers:/home/vx792/ros2_ws/src/ros-controls/install/velocity_controllers:/home/vx792/ros2_ws/src/ros-controls/install/ros2_control:/home/vx792/ros2_ws/src/ros-controls/install/transmission_interface:/home/vx792/ros2_ws/src/ros-controls/install/ros2_control_demos:/home/vx792/ros2_ws/src/ros-controls/install/ros2_control_demo_bringup:/home/vx792/ros2_ws/src/ros-controls/install/rrbot_description:/home/vx792/ros2_ws/src/ros-controls/install/gazebo_ros2_control:/home/vx792/ros2_ws/src/ros-controls/install/controller_manager:/home/vx792/ros2_ws/src/ros-controls/install/ros2_control_test_assets:/home/vx792/ros2_ws/src/ros-controls/install/ros2_control_demo_hardware:/home/vx792/ros2_ws/src/ros-controls/install/position_controllers:/home/vx792/ros2_ws/src/ros-controls/install/joint_trajectory_controller:/home/vx792/ros2_ws/src/ros-controls/install/joint_state_broadcaster:/home/vx792/ros2_ws/src/ros-controls/install/joint_limits:/home/vx792/ros2_ws/src/ros-controls/install/imu_sensor_broadcaster:/home/vx792/ros2_ws/src/ros-controls/install/gripper_controllers:/home/vx792/ros2_ws/src/ros-controls/install/effort_controllers:/home/vx792/ros2_ws/src/ros-controls/install/forward_command_controller:/home/vx792/ros2_ws/src/ros-controls/install/force_torque_sensor_broadcaster:/home/vx792/ros2_ws/src/ros-controls/install/diff_drive_controller:/home/vx792/ros2_ws/src/ros-controls/install/controller_interface:/home/vx792/ros2_ws/src/ros-controls/install/hardware_interface:/home/vx792/ros2_ws/src/ros-controls/install/diffbot_description:/home/vx792/ros2_ws/src/ros-controls/install/controller_manager_msgs:/home/vx792/ros2_ws/src/ros-controls/install/ros2controlcli:/home/vx792/ros2_ws/src/ros-controls/install/ros2_controllers_test_nodes:/home/vx792/ros2_ws/src/ros-controls/install/ros2_control_test_nodes:/opt/ros/rolling LD_LIBRARY_PATH=/home/vx792/ros2_ws/src/ros-controls/ros2_control/install/controller_interface/lib:/home/vx792/ros2_ws/src/ros-controls/ros2_control/install/hardware_interface/lib:/home/vx792/ros2_ws/src/ros-controls/ros2_control/install/controller_manager_msgs/lib:${LD_LIBRARY_PATH} PYTHONPATH=/home/vx792/ros2_ws/src/ros-controls/ros2_control/install/controller_manager_msgs/lib/python3.8/site-packages:${PYTHONPATH} /usr/bin/cmake /home/vx792/ros2_ws/src/ros-controls/ros2_control/controller_manager -DCMAKE_INSTALL_PREFIX=/home/vx792/ros2_ws/src/ros-controls/ros2_control/install/controller_manager
[0.352s] -- The C compiler identification is GNU 9.4.0
[0.469s] -- The CXX compiler identification is GNU 9.4.0
[0.479s] -- Check for working C compiler: /usr/bin/cc
[0.759s] -- Check for working C compiler: /usr/bin/cc -- works
[0.761s] -- Detecting C compiler ABI info
[1.015s] -- Detecting C compiler ABI info - done
[1.049s] -- Detecting C compile features
[1.050s] -- Detecting C compile features - done
[1.062s] -- Check for working CXX compiler: /usr/bin/c++
[1.358s] -- Check for working CXX compiler: /usr/bin/c++ -- works
[1.360s] -- Detecting CXX compiler ABI info
[1.638s] -- Detecting CXX compiler ABI info - done
[1.676s] -- Detecting CXX compile features
[1.687s] -- Detecting CXX compile features - done
[1.693s] -- Found ament_cmake: 1.2.1 (/opt/ros/rolling/share/ament_cmake/cmake)
[2.269s] -- Found Python3: /usr/bin/python3.8 (found version "3.8.10") found components: Interpreter 
[2.615s] -- Found ament_index_cpp: 1.3.0 (/opt/ros/rolling/share/ament_index_cpp/cmake)
[2.626s] -- Found controller_interface: 2.12.1 (/home/vx792/ros2_ws/src/ros-controls/ros2_control/install/controller_interface/share/controller_interface/cmake)
[2.803s] -- Using all available rosidl_typesupport_c: rosidl_typesupport_fastrtps_c;rosidl_typesupport_introspection_c
[2.839s] -- Found rosidl_adapter: 3.0.1 (/opt/ros/rolling/share/rosidl_adapter/cmake)
[3.043s] -- Using all available rosidl_typesupport_cpp: rosidl_typesupport_fastrtps_cpp;rosidl_typesupport_introspection_cpp
[5.610s] -- Found rmw_implementation_cmake: 5.1.0 (/opt/ros/rolling/share/rmw_implementation_cmake/cmake)
[5.631s] -- Found rmw_cyclonedds_cpp: 1.1.2 (/opt/ros/rolling/share/rmw_cyclonedds_cpp/cmake)
[5.739s] -- Using RMW implementation 'rmw_cyclonedds_cpp' as default
[7.087s] -- Found controller_manager_msgs: 2.12.1 (/home/vx792/ros2_ws/src/ros-controls/ros2_control/install/controller_manager_msgs/share/controller_manager_msgs/cmake)
[8.174s] -- Found ament_cmake_gmock: 1.2.1 (/opt/ros/rolling/share/ament_cmake_gmock/cmake)
[8.177s] -- Found ros2_control_test_assets: 2.12.1 (/home/vx792/ros2_ws/src/ros-controls/ros2_control/install/ros2_control_test_assets/share/ros2_control_test_assets/cmake)
[8.191s] -- Found realtime_tools: 2.2.0 (/opt/ros/rolling/share/realtime_tools/cmake)
[8.337s] -- Found gmock sources under '/opt/ros/rolling/src/gmock_vendor': C++ tests using 'Google Mock' will be built
[8.349s] -- Found ament_cmake_gtest: 1.2.1 (/opt/ros/rolling/share/ament_cmake_gtest/cmake)
[8.351s] -- Found gtest sources under '/opt/ros/rolling/src/gtest_vendor': C++ tests using 'Google Test' will be built
[8.641s] -- Configuring done
[9.217s] -- Generating done
[9.227s] -- Build files have been written to: /home/vx792/ros2_ws/src/ros-controls/ros2_control/build/controller_manager
[9.240s] Invoked command in '/home/vx792/ros2_ws/src/ros-controls/ros2_control/build/controller_manager' returned '0': AMENT_PREFIX_PATH=/home/vx792/ros2_ws/src/ros-controls/ros2_control/install/controller_interface:/home/vx792/ros2_ws/src/ros-controls/ros2_control/install/hardware_interface:/home/vx792/ros2_ws/src/ros-controls/ros2_control/install/ros2_control_test_assets:/home/vx792/ros2_ws/src/ros-controls/ros2_control/install/controller_manager_msgs:${AMENT_PREFIX_PATH} CMAKE_PREFIX_PATH=/home/vx792/ros2_ws/src/ros-controls/ros2_control/install/controller_interface:/home/vx792/ros2_ws/src/ros-controls/ros2_control/install/hardware_interface:/home/vx792/ros2_ws/src/ros-controls/ros2_control/install/ros2_control_test_assets:/home/vx792/ros2_ws/src/ros-controls/ros2_control/install/controller_manager_msgs:/home/vx792/ros2_ws/src/ros-controls/install/gazebo_ros2_control_demos:/home/vx792/ros2_ws/src/ros-controls/install/ros2_controllers:/home/vx792/ros2_ws/src/ros-controls/install/velocity_controllers:/home/vx792/ros2_ws/src/ros-controls/install/ros2_control:/home/vx792/ros2_ws/src/ros-controls/install/transmission_interface:/home/vx792/ros2_ws/src/ros-controls/install/ros2_control_demos:/home/vx792/ros2_ws/src/ros-controls/install/ros2_control_demo_bringup:/home/vx792/ros2_ws/src/ros-controls/install/rrbot_description:/home/vx792/ros2_ws/src/ros-controls/install/gazebo_ros2_control:/home/vx792/ros2_ws/src/ros-controls/install/controller_manager:/home/vx792/ros2_ws/src/ros-controls/install/ros2_control_test_assets:/home/vx792/ros2_ws/src/ros-controls/install/ros2_control_demo_hardware:/home/vx792/ros2_ws/src/ros-controls/install/position_controllers:/home/vx792/ros2_ws/src/ros-controls/install/joint_trajectory_controller:/home/vx792/ros2_ws/src/ros-controls/install/joint_state_broadcaster:/home/vx792/ros2_ws/src/ros-controls/install/joint_limits:/home/vx792/ros2_ws/src/ros-controls/install/imu_sensor_broadcaster:/home/vx792/ros2_ws/src/ros-controls/install/gripper_controllers:/home/vx792/ros2_ws/src/ros-controls/install/effort_controllers:/home/vx792/ros2_ws/src/ros-controls/install/forward_command_controller:/home/vx792/ros2_ws/src/ros-controls/install/force_torque_sensor_broadcaster:/home/vx792/ros2_ws/src/ros-controls/install/diff_drive_controller:/home/vx792/ros2_ws/src/ros-controls/install/controller_interface:/home/vx792/ros2_ws/src/ros-controls/install/hardware_interface:/home/vx792/ros2_ws/src/ros-controls/install/diffbot_description:/home/vx792/ros2_ws/src/ros-controls/install/controller_manager_msgs:/home/vx792/ros2_ws/src/ros-controls/install/ros2controlcli:/home/vx792/ros2_ws/src/ros-controls/install/ros2_controllers_test_nodes:/home/vx792/ros2_ws/src/ros-controls/install/ros2_control_test_nodes:/opt/ros/rolling LD_LIBRARY_PATH=/home/vx792/ros2_ws/src/ros-controls/ros2_control/install/controller_interface/lib:/home/vx792/ros2_ws/src/ros-controls/ros2_control/install/hardware_interface/lib:/home/vx792/ros2_ws/src/ros-controls/ros2_control/install/controller_manager_msgs/lib:${LD_LIBRARY_PATH} PYTHONPATH=/home/vx792/ros2_ws/src/ros-controls/ros2_control/install/controller_manager_msgs/lib/python3.8/site-packages:${PYTHONPATH} /usr/bin/cmake /home/vx792/ros2_ws/src/ros-controls/ros2_control/controller_manager -DCMAKE_INSTALL_PREFIX=/home/vx792/ros2_ws/src/ros-controls/ros2_control/install/controller_manager
[9.244s] Invoking command in '/home/vx792/ros2_ws/src/ros-controls/ros2_control/build/controller_manager': AMENT_PREFIX_PATH=/home/vx792/ros2_ws/src/ros-controls/ros2_control/install/controller_interface:/home/vx792/ros2_ws/src/ros-controls/ros2_control/install/hardware_interface:/home/vx792/ros2_ws/src/ros-controls/ros2_control/install/ros2_control_test_assets:/home/vx792/ros2_ws/src/ros-controls/ros2_control/install/controller_manager_msgs:${AMENT_PREFIX_PATH} CMAKE_PREFIX_PATH=/home/vx792/ros2_ws/src/ros-controls/ros2_control/install/controller_interface:/home/vx792/ros2_ws/src/ros-controls/ros2_control/install/hardware_interface:/home/vx792/ros2_ws/src/ros-controls/ros2_control/install/ros2_control_test_assets:/home/vx792/ros2_ws/src/ros-controls/ros2_control/install/controller_manager_msgs:/home/vx792/ros2_ws/src/ros-controls/install/gazebo_ros2_control_demos:/home/vx792/ros2_ws/src/ros-controls/install/ros2_controllers:/home/vx792/ros2_ws/src/ros-controls/install/velocity_controllers:/home/vx792/ros2_ws/src/ros-controls/install/ros2_control:/home/vx792/ros2_ws/src/ros-controls/install/transmission_interface:/home/vx792/ros2_ws/src/ros-controls/install/ros2_control_demos:/home/vx792/ros2_ws/src/ros-controls/install/ros2_control_demo_bringup:/home/vx792/ros2_ws/src/ros-controls/install/rrbot_description:/home/vx792/ros2_ws/src/ros-controls/install/gazebo_ros2_control:/home/vx792/ros2_ws/src/ros-controls/install/controller_manager:/home/vx792/ros2_ws/src/ros-controls/install/ros2_control_test_assets:/home/vx792/ros2_ws/src/ros-controls/install/ros2_control_demo_hardware:/home/vx792/ros2_ws/src/ros-controls/install/position_controllers:/home/vx792/ros2_ws/src/ros-controls/install/joint_trajectory_controller:/home/vx792/ros2_ws/src/ros-controls/install/joint_state_broadcaster:/home/vx792/ros2_ws/src/ros-controls/install/joint_limits:/home/vx792/ros2_ws/src/ros-controls/install/imu_sensor_broadcaster:/home/vx792/ros2_ws/src/ros-controls/install/gripper_controllers:/home/vx792/ros2_ws/src/ros-controls/install/effort_controllers:/home/vx792/ros2_ws/src/ros-controls/install/forward_command_controller:/home/vx792/ros2_ws/src/ros-controls/install/force_torque_sensor_broadcaster:/home/vx792/ros2_ws/src/ros-controls/install/diff_drive_controller:/home/vx792/ros2_ws/src/ros-controls/install/controller_interface:/home/vx792/ros2_ws/src/ros-controls/install/hardware_interface:/home/vx792/ros2_ws/src/ros-controls/install/diffbot_description:/home/vx792/ros2_ws/src/ros-controls/install/controller_manager_msgs:/home/vx792/ros2_ws/src/ros-controls/install/ros2controlcli:/home/vx792/ros2_ws/src/ros-controls/install/ros2_controllers_test_nodes:/home/vx792/ros2_ws/src/ros-controls/install/ros2_control_test_nodes:/opt/ros/rolling LD_LIBRARY_PATH=/home/vx792/ros2_ws/src/ros-controls/ros2_control/install/controller_interface/lib:/home/vx792/ros2_ws/src/ros-controls/ros2_control/install/hardware_interface/lib:/home/vx792/ros2_ws/src/ros-controls/ros2_control/install/controller_manager_msgs/lib:${LD_LIBRARY_PATH} PYTHONPATH=/home/vx792/ros2_ws/src/ros-controls/ros2_control/install/controller_manager_msgs/lib/python3.8/site-packages:${PYTHONPATH} /usr/bin/cmake --build /home/vx792/ros2_ws/src/ros-controls/ros2_control/build/controller_manager -- -j2 -l2
[9.313s] [35m[1mScanning dependencies of target ament_cmake_python_copy_controller_manager[0m
[9.345s] [  0%] Built target ament_cmake_python_copy_controller_manager
[9.361s] [35m[1mScanning dependencies of target ament_cmake_python_copy_controller_manager_setup[0m
[9.390s] [  0%] Built target ament_cmake_python_copy_controller_manager_setup
[9.406s] [35m[1mScanning dependencies of target gmock[0m
[9.458s] [  2%] [32mBuilding CXX object gmock/CMakeFiles/gmock.dir/opt/ros/rolling/src/gtest_vendor/src/gtest-all.cc.o[0m
[14.644s] [  5%] [32mBuilding CXX object gmock/CMakeFiles/gmock.dir/src/gmock-all.cc.o[0m
[16.943s] [  8%] [32m[1mLinking CXX static library libgmock.a[0m
[17.047s] [  8%] Built target gmock
[17.064s] [35m[1mScanning dependencies of target controller_manager[0m
[17.158s] [ 11%] [32mBuilding CXX object CMakeFiles/controller_manager.dir/src/controller_manager.cpp.o[0m
[21.558s] In file included from [01m[K/opt/ros/rolling/include/rclcpp/client.hpp:43[m[K,
[21.558s]                  from [01m[K/opt/ros/rolling/include/rclcpp/callback_group.hpp:23[m[K,
[21.559s]                  from [01m[K/opt/ros/rolling/include/rclcpp/any_executable.hpp:20[m[K,
[21.559s]                  from [01m[K/opt/ros/rolling/include/rclcpp/memory_strategy.hpp:25[m[K,
[21.559s]                  from [01m[K/opt/ros/rolling/include/rclcpp/memory_strategies.hpp:18[m[K,
[21.560s]                  from [01m[K/opt/ros/rolling/include/rclcpp/executor_options.hpp:20[m[K,
[21.560s]                  from [01m[K/opt/ros/rolling/include/rclcpp/executor.hpp:37[m[K,
[21.560s]                  from [01m[K/opt/ros/rolling/include/rclcpp/executors/multi_threaded_executor.hpp:25[m[K,
[21.560s]                  from [01m[K/opt/ros/rolling/include/rclcpp/executors.hpp:21[m[K,
[21.560s]                  from [01m[K/opt/ros/rolling/include/rclcpp/rclcpp.hpp:155[m[K,
[21.560s]                  from [01m[K/home/vx792/ros2_ws/src/ros-controls/ros2_control/install/controller_interface/include/controller_interface/controller_interface_base.hpp:28[m[K,
[21.561s]                  from [01m[K/home/vx792/ros2_ws/src/ros-controls/ros2_control/install/controller_interface/include/controller_interface/chainable_controller_interface.hpp:20[m[K,
[21.561s]                  from [01m[K/home/vx792/ros2_ws/src/ros-controls/ros2_control/controller_manager/include/controller_manager/controller_manager.hpp:25[m[K,
[21.561s]                  from [01m[K/home/vx792/ros2_ws/src/ros-controls/ros2_control/controller_manager/src/controller_manager.cpp:15[m[K:
[21.561s] [01m[K/home/vx792/ros2_ws/src/ros-controls/ros2_control/controller_manager/src/controller_manager.cpp:[m[K In member function ‘[01m[Kcontroller_interface::return_type controller_manager::ControllerManager::update(const rclcpp::Time&, const rclcpp::Duration&)[m[K’:
[21.561s] [01m[K/home/vx792/ros2_ws/src/ros-controls/ros2_control/controller_manager/src/controller_manager.cpp:1648:27:[m[K [01;35m[Kwarning: [m[Kformat ‘[01m[K%d[m[K’ expects argument of type ‘[01m[Kint[m[K’, but argument 5 has type ‘[01m[Kstd::vector<std::thread>::size_type[m[K’ {aka ‘[01m[Klong unsigned int[m[K’} [[01;35m[K-Wformat=[m[K]
[21.562s]  1648 |             get_logger(), [01;35m[K"vector size before : '%d'"[m[K, [32m[Kasync_controller_threads.size()[m[K);
[21.562s]       |                           [01;35m[K^~~~~~~~~~~~~~~~~~~~~~~~~~~[m[K  [32m[K~~~~~~~~~~~~~~~~~~~~~~~~~~~~~~~[m[K
[21.562s]       |                                                                                     [32m[K|[m[K
[21.562s]       |                                                                                     [32m[Kstd::vector<std::thread>::size_type {aka long unsigned int}[m[K
[21.562s] [01m[K/home/vx792/ros2_ws/src/ros-controls/ros2_control/controller_manager/src/controller_manager.cpp:1648:51:[m[K [01;36m[Knote: [m[Kformat string is defined here
[21.562s]  1648 |             get_logger(), "vector size before : '[01;36m[K%d[m[K'", async_controller_threads.size());
[21.563s]       |                                                  [01;36m[K~^[m[K
[21.563s]       |                                                   [01;36m[K|[m[K
[21.563s]       |                                                   [01;36m[Kint[m[K
[21.563s]       |                                                  [32m[K%ld[m[K
[21.565s] In file included from [01m[K/opt/ros/rolling/include/rclcpp/client.hpp:43[m[K,
[21.566s]                  from [01m[K/opt/ros/rolling/include/rclcpp/callback_group.hpp:23[m[K,
[21.566s]                  from [01m[K/opt/ros/rolling/include/rclcpp/any_executable.hpp:20[m[K,
[21.566s]                  from [01m[K/opt/ros/rolling/include/rclcpp/memory_strategy.hpp:25[m[K,
[21.566s]                  from [01m[K/opt/ros/rolling/include/rclcpp/memory_strategies.hpp:18[m[K,
[21.566s]                  from [01m[K/opt/ros/rolling/include/rclcpp/executor_options.hpp:20[m[K,
[21.566s]                  from [01m[K/opt/ros/rolling/include/rclcpp/executor.hpp:37[m[K,
[21.567s]                  from [01m[K/opt/ros/rolling/include/rclcpp/executors/multi_threaded_executor.hpp:25[m[K,
[21.567s]                  from [01m[K/opt/ros/rolling/include/rclcpp/executors.hpp:21[m[K,
[21.567s]                  from [01m[K/opt/ros/rolling/include/rclcpp/rclcpp.hpp:155[m[K,
[21.567s]                  from [01m[K/home/vx792/ros2_ws/src/ros-controls/ros2_control/install/controller_interface/include/controller_interface/controller_interface_base.hpp:28[m[K,
[21.567s]                  from [01m[K/home/vx792/ros2_ws/src/ros-controls/ros2_control/install/controller_interface/include/controller_interface/chainable_controller_interface.hpp:20[m[K,
[21.568s]                  from [01m[K/home/vx792/ros2_ws/src/ros-controls/ros2_control/controller_manager/include/controller_manager/controller_manager.hpp:25[m[K,
[21.568s]                  from [01m[K/home/vx792/ros2_ws/src/ros-controls/ros2_control/controller_manager/src/controller_manager.cpp:15[m[K:
[21.568s] [01m[K/home/vx792/ros2_ws/src/ros-controls/ros2_control/controller_manager/src/controller_manager.cpp:1673:25:[m[K [01;35m[Kwarning: [m[Kformat ‘[01m[K%d[m[K’ expects argument of type ‘[01m[Kint[m[K’, but argument 5 has type ‘[01m[Kstd::vector<std::thread>::size_type[m[K’ {aka ‘[01m[Klong unsigned int[m[K’} [[01;35m[K-Wformat=[m[K]
[21.568s]  1673 |           get_logger(), [01;35m[K"vector size after: '%d'"[m[K, [32m[Kasync_controller_threads.size()[m[K);
[21.568s]       |                         [01;35m[K^~~~~~~~~~~~~~~~~~~~~~~~~[m[K  [32m[K~~~~~~~~~~~~~~~~~~~~~~~~~~~~~~~[m[K
[21.568s]       |                                                                                 [32m[K|[m[K
[21.569s]       |                                                                                 [32m[Kstd::vector<std::thread>::size_type {aka long unsigned int}[m[K
[21.569s] [01m[K/home/vx792/ros2_ws/src/ros-controls/ros2_control/controller_manager/src/controller_manager.cpp:1673:47:[m[K [01;36m[Knote: [m[Kformat string is defined here
[21.569s]  1673 |           get_logger(), "vector size after: '[01;36m[K%d[m[K'", async_controller_threads.size());
[21.569s]       |                                              [01;36m[K~^[m[K
[21.569s]       |                                               [01;36m[K|[m[K
[21.570s]       |                                               [01;36m[Kint[m[K
[21.570s]       |                                              [32m[K%ld[m[K
[35.657s] [ 14%] [32mBuilding CXX object CMakeFiles/controller_manager.dir/src/realtime.cpp.o[0m
[36.072s] [ 17%] [32m[1mLinking CXX shared library libcontroller_manager.so[0m
[37.102s] [ 17%] Built target controller_manager
[37.121s] [35m[1mScanning dependencies of target gmock_main[0m
[37.151s] [ 20%] [32mBuilding CXX object gmock/CMakeFiles/gmock_main.dir/src/gmock_main.cc.o[0m
[38.434s] [ 23%] [32m[1mLinking CXX static library libgmock_main.a[0m
[38.479s] [ 23%] Built target gmock_main
[38.494s] [35m[1mScanning dependencies of target ament_cmake_python_build_controller_manager_scripts[0m
[38.850s] running install_scripts
[38.879s] running egg_info
[38.880s] creating controller_manager.egg-info
[38.880s] writing controller_manager.egg-info/PKG-INFO
[38.880s] writing dependency_links to controller_manager.egg-info/dependency_links.txt
[38.881s] writing entry points to controller_manager.egg-info/entry_points.txt
[38.881s] writing top-level names to controller_manager.egg-info/top_level.txt
[38.882s] writing manifest file 'controller_manager.egg-info/SOURCES.txt'
[38.941s] reading manifest file 'controller_manager.egg-info/SOURCES.txt'
[38.942s] writing manifest file 'controller_manager.egg-info/SOURCES.txt'
[38.944s] Installing spawner script to scripts
[38.945s] Installing unspawner script to scripts
[38.982s] [ 23%] Built target ament_cmake_python_build_controller_manager_scripts
[38.998s] [35m[1mScanning dependencies of target ament_cmake_python_build_controller_manager_egg[0m
[39.359s] running egg_info
[39.359s] writing controller_manager.egg-info/PKG-INFO
[39.360s] writing dependency_links to controller_manager.egg-info/dependency_links.txt
[39.360s] writing entry points to controller_manager.egg-info/entry_points.txt
[39.360s] writing top-level names to controller_manager.egg-info/top_level.txt
[39.419s] reading manifest file 'controller_manager.egg-info/SOURCES.txt'
[39.421s] writing manifest file 'controller_manager.egg-info/SOURCES.txt'
[39.455s] [ 23%] Built target ament_cmake_python_build_controller_manager_egg
[39.470s] [35m[1mScanning dependencies of target test_controller[0m
[39.564s] [ 26%] [32mBuilding CXX object CMakeFiles/test_controller.dir/test/test_controller/test_controller.cpp.o[0m
[43.472s] [ 29%] [32m[1mLinking CXX shared library libtest_controller.so[0m
[43.674s] [ 29%] Built target test_controller
[43.688s] [35m[1mScanning dependencies of target test_controller_with_interfaces[0m
[43.778s] [ 32%] [32mBuilding CXX object CMakeFiles/test_controller_with_interfaces.dir/test/test_controller_with_interfaces/test_controller_with_interfaces.cpp.o[0m
[48.820s] [ 35%] [32m[1mLinking CXX shared library libtest_controller_with_interfaces.so[0m
[48.995s] [ 35%] Built target test_controller_with_interfaces
[49.009s] [35m[1mScanning dependencies of target ros2_control_node[0m
[49.094s] [ 38%] [32mBuilding CXX object CMakeFiles/ros2_control_node.dir/src/ros2_control_node.cpp.o[0m
[54.074s] [ 41%] [32m[1mLinking CXX executable ros2_control_node[0m
[54.537s] [ 41%] Built target ros2_control_node
[54.552s] [35m[1mScanning dependencies of target test_controller_failed_init[0m
[54.635s] [ 44%] [32mBuilding CXX object CMakeFiles/test_controller_failed_init.dir/test/test_controller_failed_init/test_controller_failed_init.cpp.o[0m
[59.532s] [ 47%] [32m[1mLinking CXX shared library libtest_controller_failed_init.so[0m
[59.703s] [ 47%] Built target test_controller_failed_init
[59.718s] [35m[1mScanning dependencies of target test_hardware_management_srvs[0m
[59.834s] [ 50%] [32mBuilding CXX object CMakeFiles/test_hardware_management_srvs.dir/test/test_hardware_management_srvs.cpp.o[0m
[69.489s] [ 52%] [32m[1mLinking CXX executable test_hardware_management_srvs[0m
[70.397s] [ 52%] Built target test_hardware_management_srvs
[70.412s] [35m[1mScanning dependencies of target test_chainable_controller[0m
[70.487s] [ 55%] [32mBuilding CXX object CMakeFiles/test_chainable_controller.dir/test/test_chainable_controller/test_chainable_controller.cpp.o[0m
[81.521s] [ 58%] [32m[1mLinking CXX shared library libtest_chainable_controller.so[0m
[82.183s] [ 58%] Built target test_chainable_controller
[82.198s] [35m[1mScanning dependencies of target test_release_interfaces[0m
[82.310s] [ 61%] [32mBuilding CXX object CMakeFiles/test_release_interfaces.dir/test/test_release_interfaces.cpp.o[0m
[90.093s] [ 64%] [32m[1mLinking CXX executable test_release_interfaces[0m
[90.876s] [ 64%] Built target test_release_interfaces
[90.891s] [35m[1mScanning dependencies of target test_controller_manager[0m
[91.006s] [ 67%] [32mBuilding CXX object CMakeFiles/test_controller_manager.dir/test/test_controller_manager.cpp.o[0m
[93.001s] [35m[1mScanning dependencies of target test_load_controller[0m
[93.151s] [ 70%] [32mBuilding CXX object CMakeFiles/test_load_controller.dir/test/test_load_controller.cpp.o[0m
[100.481s] [ 73%] [32m[1mLinking CXX executable test_controller_manager[0m
[101.619s] [ 73%] Built target test_controller_manager
[101.635s] [35m[1mScanning dependencies of target test_controllers_chaining_with_controller_manager[0m
[101.787s] [ 76%] [32mBuilding CXX object CMakeFiles/test_controllers_chaining_with_controller_manager.dir/test/test_controllers_chaining_with_controller_manager.cpp.o[0m
[103.919s] [ 79%] [32m[1mLinking CXX executable test_load_controller[0m
[105.002s] [ 79%] Built target test_load_controller
[105.021s] [35m[1mScanning dependencies of target test_controller_manager_srvs[0m
[105.154s] [ 82%] [32mBuilding CXX object CMakeFiles/test_controller_manager_srvs.dir/test/test_controller_manager_srvs.cpp.o[0m
[112.057s] [ 85%] [32m[1mLinking CXX executable test_controllers_chaining_with_controller_manager[0m
[113.464s] [ 85%] Built target test_controllers_chaining_with_controller_manager
[113.480s] [35m[1mScanning dependencies of target test_spawner_unspawner[0m
[113.644s] [ 88%] [32mBuilding CXX object CMakeFiles/test_spawner_unspawner.dir/test/test_spawner_unspawner.cpp.o[0m
[120.899s] [ 91%] [32m[1mLinking CXX executable test_controller_manager_srvs[0m
[122.309s] [ 91%] Built target test_controller_manager_srvs
[123.059s] [ 94%] [32m[1mLinking CXX executable test_spawner_unspawner[0m
[123.877s] [ 94%] Built target test_spawner_unspawner
[123.893s] [35m[1mScanning dependencies of target test_controller_manager_with_namespace.cpp[0m
[124.003s] [ 97%] [32mBuilding CXX object CMakeFiles/test_controller_manager_with_namespace.cpp.dir/test/test_controller_manager_with_namespace.cpp.o[0m
[132.004s] [100%] [32m[1mLinking CXX executable test_controller_manager_with_namespace.cpp[0m
[132.781s] [100%] Built target test_controller_manager_with_namespace.cpp
[132.797s] Invoked command in '/home/vx792/ros2_ws/src/ros-controls/ros2_control/build/controller_manager' returned '0': AMENT_PREFIX_PATH=/home/vx792/ros2_ws/src/ros-controls/ros2_control/install/controller_interface:/home/vx792/ros2_ws/src/ros-controls/ros2_control/install/hardware_interface:/home/vx792/ros2_ws/src/ros-controls/ros2_control/install/ros2_control_test_assets:/home/vx792/ros2_ws/src/ros-controls/ros2_control/install/controller_manager_msgs:${AMENT_PREFIX_PATH} CMAKE_PREFIX_PATH=/home/vx792/ros2_ws/src/ros-controls/ros2_control/install/controller_interface:/home/vx792/ros2_ws/src/ros-controls/ros2_control/install/hardware_interface:/home/vx792/ros2_ws/src/ros-controls/ros2_control/install/ros2_control_test_assets:/home/vx792/ros2_ws/src/ros-controls/ros2_control/install/controller_manager_msgs:/home/vx792/ros2_ws/src/ros-controls/install/gazebo_ros2_control_demos:/home/vx792/ros2_ws/src/ros-controls/install/ros2_controllers:/home/vx792/ros2_ws/src/ros-controls/install/velocity_controllers:/home/vx792/ros2_ws/src/ros-controls/install/ros2_control:/home/vx792/ros2_ws/src/ros-controls/install/transmission_interface:/home/vx792/ros2_ws/src/ros-controls/install/ros2_control_demos:/home/vx792/ros2_ws/src/ros-controls/install/ros2_control_demo_bringup:/home/vx792/ros2_ws/src/ros-controls/install/rrbot_description:/home/vx792/ros2_ws/src/ros-controls/install/gazebo_ros2_control:/home/vx792/ros2_ws/src/ros-controls/install/controller_manager:/home/vx792/ros2_ws/src/ros-controls/install/ros2_control_test_assets:/home/vx792/ros2_ws/src/ros-controls/install/ros2_control_demo_hardware:/home/vx792/ros2_ws/src/ros-controls/install/position_controllers:/home/vx792/ros2_ws/src/ros-controls/install/joint_trajectory_controller:/home/vx792/ros2_ws/src/ros-controls/install/joint_state_broadcaster:/home/vx792/ros2_ws/src/ros-controls/install/joint_limits:/home/vx792/ros2_ws/src/ros-controls/install/imu_sensor_broadcaster:/home/vx792/ros2_ws/src/ros-controls/install/gripper_controllers:/home/vx792/ros2_ws/src/ros-controls/install/effort_controllers:/home/vx792/ros2_ws/src/ros-controls/install/forward_command_controller:/home/vx792/ros2_ws/src/ros-controls/install/force_torque_sensor_broadcaster:/home/vx792/ros2_ws/src/ros-controls/install/diff_drive_controller:/home/vx792/ros2_ws/src/ros-controls/install/controller_interface:/home/vx792/ros2_ws/src/ros-controls/install/hardware_interface:/home/vx792/ros2_ws/src/ros-controls/install/diffbot_description:/home/vx792/ros2_ws/src/ros-controls/install/controller_manager_msgs:/home/vx792/ros2_ws/src/ros-controls/install/ros2controlcli:/home/vx792/ros2_ws/src/ros-controls/install/ros2_controllers_test_nodes:/home/vx792/ros2_ws/src/ros-controls/install/ros2_control_test_nodes:/opt/ros/rolling LD_LIBRARY_PATH=/home/vx792/ros2_ws/src/ros-controls/ros2_control/install/controller_interface/lib:/home/vx792/ros2_ws/src/ros-controls/ros2_control/install/hardware_interface/lib:/home/vx792/ros2_ws/src/ros-controls/ros2_control/install/controller_manager_msgs/lib:${LD_LIBRARY_PATH} PYTHONPATH=/home/vx792/ros2_ws/src/ros-controls/ros2_control/install/controller_manager_msgs/lib/python3.8/site-packages:${PYTHONPATH} /usr/bin/cmake --build /home/vx792/ros2_ws/src/ros-controls/ros2_control/build/controller_manager -- -j2 -l2
[132.934s] Invoking command in '/home/vx792/ros2_ws/src/ros-controls/ros2_control/build/controller_manager': AMENT_PREFIX_PATH=/home/vx792/ros2_ws/src/ros-controls/ros2_control/install/controller_interface:/home/vx792/ros2_ws/src/ros-controls/ros2_control/install/hardware_interface:/home/vx792/ros2_ws/src/ros-controls/ros2_control/install/ros2_control_test_assets:/home/vx792/ros2_ws/src/ros-controls/ros2_control/install/controller_manager_msgs:${AMENT_PREFIX_PATH} CMAKE_PREFIX_PATH=/home/vx792/ros2_ws/src/ros-controls/ros2_control/install/controller_interface:/home/vx792/ros2_ws/src/ros-controls/ros2_control/install/hardware_interface:/home/vx792/ros2_ws/src/ros-controls/ros2_control/install/ros2_control_test_assets:/home/vx792/ros2_ws/src/ros-controls/ros2_control/install/controller_manager_msgs:/home/vx792/ros2_ws/src/ros-controls/install/gazebo_ros2_control_demos:/home/vx792/ros2_ws/src/ros-controls/install/ros2_controllers:/home/vx792/ros2_ws/src/ros-controls/install/velocity_controllers:/home/vx792/ros2_ws/src/ros-controls/install/ros2_control:/home/vx792/ros2_ws/src/ros-controls/install/transmission_interface:/home/vx792/ros2_ws/src/ros-controls/install/ros2_control_demos:/home/vx792/ros2_ws/src/ros-controls/install/ros2_control_demo_bringup:/home/vx792/ros2_ws/src/ros-controls/install/rrbot_description:/home/vx792/ros2_ws/src/ros-controls/install/gazebo_ros2_control:/home/vx792/ros2_ws/src/ros-controls/install/controller_manager:/home/vx792/ros2_ws/src/ros-controls/install/ros2_control_test_assets:/home/vx792/ros2_ws/src/ros-controls/install/ros2_control_demo_hardware:/home/vx792/ros2_ws/src/ros-controls/install/position_controllers:/home/vx792/ros2_ws/src/ros-controls/install/joint_trajectory_controller:/home/vx792/ros2_ws/src/ros-controls/install/joint_state_broadcaster:/home/vx792/ros2_ws/src/ros-controls/install/joint_limits:/home/vx792/ros2_ws/src/ros-controls/install/imu_sensor_broadcaster:/home/vx792/ros2_ws/src/ros-controls/install/gripper_controllers:/home/vx792/ros2_ws/src/ros-controls/install/effort_controllers:/home/vx792/ros2_ws/src/ros-controls/install/forward_command_controller:/home/vx792/ros2_ws/src/ros-controls/install/force_torque_sensor_broadcaster:/home/vx792/ros2_ws/src/ros-controls/install/diff_drive_controller:/home/vx792/ros2_ws/src/ros-controls/install/controller_interface:/home/vx792/ros2_ws/src/ros-controls/install/hardware_interface:/home/vx792/ros2_ws/src/ros-controls/install/diffbot_description:/home/vx792/ros2_ws/src/ros-controls/install/controller_manager_msgs:/home/vx792/ros2_ws/src/ros-controls/install/ros2controlcli:/home/vx792/ros2_ws/src/ros-controls/install/ros2_controllers_test_nodes:/home/vx792/ros2_ws/src/ros-controls/install/ros2_control_test_nodes:/opt/ros/rolling LD_LIBRARY_PATH=/home/vx792/ros2_ws/src/ros-controls/ros2_control/install/controller_interface/lib:/home/vx792/ros2_ws/src/ros-controls/ros2_control/install/hardware_interface/lib:/home/vx792/ros2_ws/src/ros-controls/ros2_control/install/controller_manager_msgs/lib:${LD_LIBRARY_PATH} PYTHONPATH=/home/vx792/ros2_ws/src/ros-controls/ros2_control/install/controller_manager_msgs/lib/python3.8/site-packages:${PYTHONPATH} /usr/bin/cmake --install /home/vx792/ros2_ws/src/ros-controls/ros2_control/build/controller_manager
[132.943s] -- Install configuration: ""
[132.943s] -- Installing: /home/vx792/ros2_ws/src/ros-controls/ros2_control/install/controller_manager/lib/libcontroller_manager.so
[132.968s] -- Set runtime path of "/home/vx792/ros2_ws/src/ros-controls/ros2_control/install/controller_manager/lib/libcontroller_manager.so" to ""
[132.968s] -- Installing: /home/vx792/ros2_ws/src/ros-controls/ros2_control/install/controller_manager/lib/controller_manager/ros2_control_node
[132.969s] -- Set runtime path of "/home/vx792/ros2_ws/src/ros-controls/ros2_control/install/controller_manager/lib/controller_manager/ros2_control_node" to ""
[132.969s] -- Installing: /home/vx792/ros2_ws/src/ros-controls/ros2_control/install/controller_manager/include
[132.969s] -- Installing: /home/vx792/ros2_ws/src/ros-controls/ros2_control/install/controller_manager/include/controller_manager
[132.970s] -- Installing: /home/vx792/ros2_ws/src/ros-controls/ros2_control/install/controller_manager/include/controller_manager/controller_spec.hpp
[132.970s] -- Installing: /home/vx792/ros2_ws/src/ros-controls/ros2_control/install/controller_manager/include/controller_manager/visibility_control.h
[132.970s] -- Installing: /home/vx792/ros2_ws/src/ros-controls/ros2_control/install/controller_manager/include/controller_manager/controller_manager.hpp
[132.971s] -- Installing: /home/vx792/ros2_ws/src/ros-controls/ros2_control/install/controller_manager/include/controller_manager/realtime.hpp
[132.971s] -- Installing: /home/vx792/ros2_ws/src/ros-controls/ros2_control/install/controller_manager/share/controller_manager/test/test_controller/test_controller.xml
[132.971s] -- Installing: /home/vx792/ros2_ws/src/ros-controls/ros2_control/install/controller_manager/lib/libtest_controller.so
[132.972s] -- Set runtime path of "/home/vx792/ros2_ws/src/ros-controls/ros2_control/install/controller_manager/lib/libtest_controller.so" to ""
[132.973s] -- Installing: /home/vx792/ros2_ws/src/ros-controls/ros2_control/install/controller_manager/share/controller_manager/test/test_controller_failed_init/test_controller_failed_init.xml
[132.973s] -- Installing: /home/vx792/ros2_ws/src/ros-controls/ros2_control/install/controller_manager/lib/libtest_controller_failed_init.so
[132.974s] -- Set runtime path of "/home/vx792/ros2_ws/src/ros-controls/ros2_control/install/controller_manager/lib/libtest_controller_failed_init.so" to ""
[132.974s] -- Installing: /home/vx792/ros2_ws/src/ros-controls/ros2_control/install/controller_manager/share/controller_manager/test/test_chainable_controller/test_chainable_controller.xml
[132.974s] -- Installing: /home/vx792/ros2_ws/src/ros-controls/ros2_control/install/controller_manager/lib/libtest_chainable_controller.so
[132.986s] -- Set runtime path of "/home/vx792/ros2_ws/src/ros-controls/ros2_control/install/controller_manager/lib/libtest_chainable_controller.so" to ""
[132.986s] -- Installing: /home/vx792/ros2_ws/src/ros-controls/ros2_control/install/controller_manager/share/controller_manager/test/test_controller_with_interfaces/test_controller_with_interfaces.xml
[132.986s] -- Installing: /home/vx792/ros2_ws/src/ros-controls/ros2_control/install/controller_manager/lib/libtest_controller_with_interfaces.so
[132.986s] -- Set runtime path of "/home/vx792/ros2_ws/src/ros-controls/ros2_control/install/controller_manager/lib/libtest_controller_with_interfaces.so" to ""
[132.987s] -- Installing: /home/vx792/ros2_ws/src/ros-controls/ros2_control/install/controller_manager/share/controller_manager/environment/pythonpath.sh
[132.987s] -- Installing: /home/vx792/ros2_ws/src/ros-controls/ros2_control/install/controller_manager/share/controller_manager/environment/pythonpath.dsv
[132.987s] -- Installing: /home/vx792/ros2_ws/src/ros-controls/ros2_control/install/controller_manager/lib/python3.8/site-packages/controller_manager-2.12.1-py3.8.egg-info
[132.987s] -- Installing: /home/vx792/ros2_ws/src/ros-controls/ros2_control/install/controller_manager/lib/python3.8/site-packages/controller_manager-2.12.1-py3.8.egg-info/PKG-INFO
[132.987s] -- Installing: /home/vx792/ros2_ws/src/ros-controls/ros2_control/install/controller_manager/lib/python3.8/site-packages/controller_manager-2.12.1-py3.8.egg-info/entry_points.txt
[132.987s] -- Installing: /home/vx792/ros2_ws/src/ros-controls/ros2_control/install/controller_manager/lib/python3.8/site-packages/controller_manager-2.12.1-py3.8.egg-info/dependency_links.txt
[132.988s] -- Installing: /home/vx792/ros2_ws/src/ros-controls/ros2_control/install/controller_manager/lib/python3.8/site-packages/controller_manager-2.12.1-py3.8.egg-info/SOURCES.txt
[132.991s] -- Installing: /home/vx792/ros2_ws/src/ros-controls/ros2_control/install/controller_manager/lib/python3.8/site-packages/controller_manager-2.12.1-py3.8.egg-info/top_level.txt
[132.992s] -- Up-to-date: /home/vx792/ros2_ws/src/ros-controls/ros2_control/install/controller_manager/lib/controller_manager/
[132.992s] -- Installing: /home/vx792/ros2_ws/src/ros-controls/ros2_control/install/controller_manager/lib/controller_manager//spawner
[132.992s] -- Installing: /home/vx792/ros2_ws/src/ros-controls/ros2_control/install/controller_manager/lib/controller_manager//unspawner
[132.992s] -- Installing: /home/vx792/ros2_ws/src/ros-controls/ros2_control/install/controller_manager/lib/python3.8/site-packages/controller_manager
[132.992s] -- Installing: /home/vx792/ros2_ws/src/ros-controls/ros2_control/install/controller_manager/lib/python3.8/site-packages/controller_manager/__init__.py
[132.992s] -- Installing: /home/vx792/ros2_ws/src/ros-controls/ros2_control/install/controller_manager/lib/python3.8/site-packages/controller_manager/unspawner.py
[132.992s] -- Installing: /home/vx792/ros2_ws/src/ros-controls/ros2_control/install/controller_manager/lib/python3.8/site-packages/controller_manager/controller_manager_services.py
[132.993s] -- Installing: /home/vx792/ros2_ws/src/ros-controls/ros2_control/install/controller_manager/lib/python3.8/site-packages/controller_manager/spawner.py
[132.993s] -- Installing: /home/vx792/ros2_ws/src/ros-controls/ros2_control/install/controller_manager/lib/python3.8/site-packages/controller_manager/launch_utils.py
[133.039s] Listing '/home/vx792/ros2_ws/src/ros-controls/ros2_control/install/controller_manager/lib/python3.8/site-packages/controller_manager'...
[133.039s] Compiling '/home/vx792/ros2_ws/src/ros-controls/ros2_control/install/controller_manager/lib/python3.8/site-packages/controller_manager/__init__.py'...
[133.039s] Compiling '/home/vx792/ros2_ws/src/ros-controls/ros2_control/install/controller_manager/lib/python3.8/site-packages/controller_manager/controller_manager_services.py'...
[133.039s] Compiling '/home/vx792/ros2_ws/src/ros-controls/ros2_control/install/controller_manager/lib/python3.8/site-packages/controller_manager/launch_utils.py'...
[133.039s] Compiling '/home/vx792/ros2_ws/src/ros-controls/ros2_control/install/controller_manager/lib/python3.8/site-packages/controller_manager/spawner.py'...
[133.039s] Compiling '/home/vx792/ros2_ws/src/ros-controls/ros2_control/install/controller_manager/lib/python3.8/site-packages/controller_manager/unspawner.py'...
[133.048s] -- Installing: /home/vx792/ros2_ws/src/ros-controls/ros2_control/install/controller_manager/share/controller_manager/environment/library_path.sh
[133.048s] -- Installing: /home/vx792/ros2_ws/src/ros-controls/ros2_control/install/controller_manager/share/controller_manager/environment/library_path.dsv
[133.048s] -- Installing: /home/vx792/ros2_ws/src/ros-controls/ros2_control/install/controller_manager/share/ament_index/resource_index/package_run_dependencies/controller_manager
[133.049s] -- Installing: /home/vx792/ros2_ws/src/ros-controls/ros2_control/install/controller_manager/share/ament_index/resource_index/parent_prefix_path/controller_manager
[133.049s] -- Installing: /home/vx792/ros2_ws/src/ros-controls/ros2_control/install/controller_manager/share/controller_manager/environment/ament_prefix_path.sh
[133.049s] -- Installing: /home/vx792/ros2_ws/src/ros-controls/ros2_control/install/controller_manager/share/controller_manager/environment/ament_prefix_path.dsv
[133.049s] -- Installing: /home/vx792/ros2_ws/src/ros-controls/ros2_control/install/controller_manager/share/controller_manager/environment/path.sh
[133.049s] -- Installing: /home/vx792/ros2_ws/src/ros-controls/ros2_control/install/controller_manager/share/controller_manager/environment/path.dsv
[133.049s] -- Installing: /home/vx792/ros2_ws/src/ros-controls/ros2_control/install/controller_manager/share/controller_manager/local_setup.bash
[133.049s] -- Installing: /home/vx792/ros2_ws/src/ros-controls/ros2_control/install/controller_manager/share/controller_manager/local_setup.sh
[133.049s] -- Installing: /home/vx792/ros2_ws/src/ros-controls/ros2_control/install/controller_manager/share/controller_manager/local_setup.zsh
[133.049s] -- Installing: /home/vx792/ros2_ws/src/ros-controls/ros2_control/install/controller_manager/share/controller_manager/local_setup.dsv
[133.050s] -- Installing: /home/vx792/ros2_ws/src/ros-controls/ros2_control/install/controller_manager/share/controller_manager/package.dsv
[133.050s] -- Installing: /home/vx792/ros2_ws/src/ros-controls/ros2_control/install/controller_manager/share/ament_index/resource_index/packages/controller_manager
[133.050s] -- Installing: /home/vx792/ros2_ws/src/ros-controls/ros2_control/install/controller_manager/share/ament_index/resource_index/controller_interface__pluginlib__plugin/controller_manager
[133.051s] -- Installing: /home/vx792/ros2_ws/src/ros-controls/ros2_control/install/controller_manager/share/controller_manager/cmake/ament_cmake_export_libraries-extras.cmake
[133.051s] -- Installing: /home/vx792/ros2_ws/src/ros-controls/ros2_control/install/controller_manager/share/controller_manager/cmake/ament_cmake_export_include_directories-extras.cmake
[133.051s] -- Installing: /home/vx792/ros2_ws/src/ros-controls/ros2_control/install/controller_manager/share/controller_manager/cmake/ament_cmake_export_dependencies-extras.cmake
[133.052s] -- Installing: /home/vx792/ros2_ws/src/ros-controls/ros2_control/install/controller_manager/share/controller_manager/cmake/controller_managerConfig.cmake
[133.052s] -- Installing: /home/vx792/ros2_ws/src/ros-controls/ros2_control/install/controller_manager/share/controller_manager/cmake/controller_managerConfig-version.cmake
[133.052s] -- Installing: /home/vx792/ros2_ws/src/ros-controls/ros2_control/install/controller_manager/share/controller_manager/package.xml
[133.060s] Invoked command in '/home/vx792/ros2_ws/src/ros-controls/ros2_control/build/controller_manager' returned '0': AMENT_PREFIX_PATH=/home/vx792/ros2_ws/src/ros-controls/ros2_control/install/controller_interface:/home/vx792/ros2_ws/src/ros-controls/ros2_control/install/hardware_interface:/home/vx792/ros2_ws/src/ros-controls/ros2_control/install/ros2_control_test_assets:/home/vx792/ros2_ws/src/ros-controls/ros2_control/install/controller_manager_msgs:${AMENT_PREFIX_PATH} CMAKE_PREFIX_PATH=/home/vx792/ros2_ws/src/ros-controls/ros2_control/install/controller_interface:/home/vx792/ros2_ws/src/ros-controls/ros2_control/install/hardware_interface:/home/vx792/ros2_ws/src/ros-controls/ros2_control/install/ros2_control_test_assets:/home/vx792/ros2_ws/src/ros-controls/ros2_control/install/controller_manager_msgs:/home/vx792/ros2_ws/src/ros-controls/install/gazebo_ros2_control_demos:/home/vx792/ros2_ws/src/ros-controls/install/ros2_controllers:/home/vx792/ros2_ws/src/ros-controls/install/velocity_controllers:/home/vx792/ros2_ws/src/ros-controls/install/ros2_control:/home/vx792/ros2_ws/src/ros-controls/install/transmission_interface:/home/vx792/ros2_ws/src/ros-controls/install/ros2_control_demos:/home/vx792/ros2_ws/src/ros-controls/install/ros2_control_demo_bringup:/home/vx792/ros2_ws/src/ros-controls/install/rrbot_description:/home/vx792/ros2_ws/src/ros-controls/install/gazebo_ros2_control:/home/vx792/ros2_ws/src/ros-controls/install/controller_manager:/home/vx792/ros2_ws/src/ros-controls/install/ros2_control_test_assets:/home/vx792/ros2_ws/src/ros-controls/install/ros2_control_demo_hardware:/home/vx792/ros2_ws/src/ros-controls/install/position_controllers:/home/vx792/ros2_ws/src/ros-controls/install/joint_trajectory_controller:/home/vx792/ros2_ws/src/ros-controls/install/joint_state_broadcaster:/home/vx792/ros2_ws/src/ros-controls/install/joint_limits:/home/vx792/ros2_ws/src/ros-controls/install/imu_sensor_broadcaster:/home/vx792/ros2_ws/src/ros-controls/install/gripper_controllers:/home/vx792/ros2_ws/src/ros-controls/install/effort_controllers:/home/vx792/ros2_ws/src/ros-controls/install/forward_command_controller:/home/vx792/ros2_ws/src/ros-controls/install/force_torque_sensor_broadcaster:/home/vx792/ros2_ws/src/ros-controls/install/diff_drive_controller:/home/vx792/ros2_ws/src/ros-controls/install/controller_interface:/home/vx792/ros2_ws/src/ros-controls/install/hardware_interface:/home/vx792/ros2_ws/src/ros-controls/install/diffbot_description:/home/vx792/ros2_ws/src/ros-controls/install/controller_manager_msgs:/home/vx792/ros2_ws/src/ros-controls/install/ros2controlcli:/home/vx792/ros2_ws/src/ros-controls/install/ros2_controllers_test_nodes:/home/vx792/ros2_ws/src/ros-controls/install/ros2_control_test_nodes:/opt/ros/rolling LD_LIBRARY_PATH=/home/vx792/ros2_ws/src/ros-controls/ros2_control/install/controller_interface/lib:/home/vx792/ros2_ws/src/ros-controls/ros2_control/install/hardware_interface/lib:/home/vx792/ros2_ws/src/ros-controls/ros2_control/install/controller_manager_msgs/lib:${LD_LIBRARY_PATH} PYTHONPATH=/home/vx792/ros2_ws/src/ros-controls/ros2_control/install/controller_manager_msgs/lib/python3.8/site-packages:${PYTHONPATH} /usr/bin/cmake --install /home/vx792/ros2_ws/src/ros-controls/ros2_control/build/controller_manager
