-- The C compiler identification is GNU 9.4.0
-- The CXX compiler identification is GNU 9.4.0
-- Check for working C compiler: /usr/bin/cc
-- Check for working C compiler: /usr/bin/cc -- works
-- Detecting C compiler ABI info
-- Detecting C compiler ABI info - done
-- Detecting C compile features
-- Detecting C compile features - done
-- Check for working CXX compiler: /usr/bin/c++
-- Check for working CXX compiler: /usr/bin/c++ -- works
-- Detecting CXX compiler ABI info
-- Detecting CXX compiler ABI info - done
-- Detecting CXX compile features
-- Detecting CXX compile features - done
-- Found ament_cmake: 1.2.1 (/opt/ros/rolling/share/ament_cmake/cmake)
-- Found Python3: /usr/bin/python3.8 (found version "3.8.10") found components: Interpreter 
-- Found hardware_interface: 2.12.1 (/home/vx792/ros2_ws/src/ros-controls/ros2_control/install/hardware_interface/share/hardware_interface/cmake)
-- Using all available rosidl_typesupport_c: rosidl_typesupport_fastrtps_c;rosidl_typesupport_introspection_c
-- Found rosidl_adapter: 3.0.1 (/opt/ros/rolling/share/rosidl_adapter/cmake)
-- Using all available rosidl_typesupport_cpp: rosidl_typesupport_fastrtps_cpp;rosidl_typesupport_introspection_cpp
-- Found rmw_implementation_cmake: 5.1.0 (/opt/ros/rolling/share/rmw_implementation_cmake/cmake)
-- Found rmw_cyclonedds_cpp: 1.1.2 (/opt/ros/rolling/share/rmw_cyclonedds_cpp/cmake)
-- Using RMW implementation 'rmw_cyclonedds_cpp' as default
-- Found ament_cmake_gmock: 1.2.1 (/opt/ros/rolling/share/ament_cmake_gmock/cmake)
-- Found gmock sources under '/opt/ros/rolling/src/gmock_vendor': C++ tests using 'Google Mock' will be built
-- Found ament_cmake_gtest: 1.2.1 (/opt/ros/rolling/share/ament_cmake_gtest/cmake)
-- Found gtest sources under '/opt/ros/rolling/src/gtest_vendor': C++ tests using 'Google Test' will be built
-- Configuring done
-- Generating done
-- Build files have been written to: /home/vx792/ros2_ws/src/ros-controls/ros2_control/build/transmission_interface
[35m[1mScanning dependencies of target transmission_interface[0m
[  4%] [32mBuilding CXX object CMakeFiles/transmission_interface.dir/src/simple_transmission_loader.cpp.o[0m
[  9%] [32mBuilding CXX object CMakeFiles/transmission_interface.dir/src/four_bar_linkage_transmission_loader.cpp.o[0m
[ 14%] [32mBuilding CXX object CMakeFiles/transmission_interface.dir/src/differential_transmission_loader.cpp.o[0m
[ 19%] [32m[1mLinking CXX shared library libtransmission_interface.so[0m
[ 19%] Built target transmission_interface
[35m[1mScanning dependencies of target gmock[0m
[ 23%] [32mBuilding CXX object gmock/CMakeFiles/gmock.dir/opt/ros/rolling/src/gtest_vendor/src/gtest-all.cc.o[0m
[ 28%] [32mBuilding CXX object gmock/CMakeFiles/gmock.dir/src/gmock-all.cc.o[0m
[ 33%] [32m[1mLinking CXX static library libgmock.a[0m
[ 33%] Built target gmock
[35m[1mScanning dependencies of target gmock_main[0m
[ 38%] [32mBuilding CXX object gmock/CMakeFiles/gmock_main.dir/src/gmock_main.cc.o[0m
[ 42%] [32m[1mLinking CXX static library libgmock_main.a[0m
[ 42%] Built target gmock_main
[35m[1mScanning dependencies of target test_simple_transmission[0m
[ 47%] [32mBuilding CXX object CMakeFiles/test_simple_transmission.dir/test/simple_transmission_test.cpp.o[0m
[ 52%] [32m[1mLinking CXX executable test_simple_transmission[0m
[ 52%] Built target test_simple_transmission
[35m[1mScanning dependencies of target test_differential_transmission[0m
[ 57%] [32mBuilding CXX object CMakeFiles/test_differential_transmission.dir/test/differential_transmission_test.cpp.o[0m
[ 61%] [32m[1mLinking CXX executable test_differential_transmission[0m
[ 61%] Built target test_differential_transmission
[35m[1mScanning dependencies of target test_four_bar_linkage_transmission[0m
[ 66%] [32mBuilding CXX object CMakeFiles/test_four_bar_linkage_transmission.dir/test/four_bar_linkage_transmission_test.cpp.o[0m
[ 71%] [32m[1mLinking CXX executable test_four_bar_linkage_transmission[0m
[ 71%] Built target test_four_bar_linkage_transmission
[35m[1mScanning dependencies of target test_simple_transmission_loader[0m
[ 76%] [32mBuilding CXX object CMakeFiles/test_simple_transmission_loader.dir/test/simple_transmission_loader_test.cpp.o[0m
[ 80%] [32m[1mLinking CXX executable test_simple_transmission_loader[0m
[ 80%] Built target test_simple_transmission_loader
[35m[1mScanning dependencies of target test_four_bar_linkage_transmission_loader[0m
[ 85%] [32mBuilding CXX object CMakeFiles/test_four_bar_linkage_transmission_loader.dir/test/four_bar_linkage_transmission_loader_test.cpp.o[0m
[ 90%] [32m[1mLinking CXX executable test_four_bar_linkage_transmission_loader[0m
[ 90%] Built target test_four_bar_linkage_transmission_loader
[35m[1mScanning dependencies of target test_differential_transmission_loader[0m
[ 95%] [32mBuilding CXX object CMakeFiles/test_differential_transmission_loader.dir/test/differential_transmission_loader_test.cpp.o[0m
[100%] [32m[1mLinking CXX executable test_differential_transmission_loader[0m
[100%] Built target test_differential_transmission_loader
-- Install configuration: ""
-- Installing: /home/vx792/ros2_ws/src/ros-controls/ros2_control/install/transmission_interface/include
-- Installing: /home/vx792/ros2_ws/src/ros-controls/ros2_control/install/transmission_interface/include/transmission_interface
-- Installing: /home/vx792/ros2_ws/src/ros-controls/ros2_control/install/transmission_interface/include/transmission_interface/transmission_loader.hpp
-- Installing: /home/vx792/ros2_ws/src/ros-controls/ros2_control/install/transmission_interface/include/transmission_interface/differential_transmission.hpp
-- Installing: /home/vx792/ros2_ws/src/ros-controls/ros2_control/install/transmission_interface/include/transmission_interface/differential_transmission_loader.hpp
-- Installing: /home/vx792/ros2_ws/src/ros-controls/ros2_control/install/transmission_interface/include/transmission_interface/transmission_interface_exception.hpp
-- Installing: /home/vx792/ros2_ws/src/ros-controls/ros2_control/install/transmission_interface/include/transmission_interface/exception.hpp
-- Installing: /home/vx792/ros2_ws/src/ros-controls/ros2_control/install/transmission_interface/include/transmission_interface/accessor.hpp
-- Installing: /home/vx792/ros2_ws/src/ros-controls/ros2_control/install/transmission_interface/include/transmission_interface/visibility_control.h
-- Installing: /home/vx792/ros2_ws/src/ros-controls/ros2_control/install/transmission_interface/include/transmission_interface/handle.hpp
-- Installing: /home/vx792/ros2_ws/src/ros-controls/ros2_control/install/transmission_interface/include/transmission_interface/simple_transmission.hpp
-- Installing: /home/vx792/ros2_ws/src/ros-controls/ros2_control/install/transmission_interface/include/transmission_interface/four_bar_linkage_transmission_loader.hpp
-- Installing: /home/vx792/ros2_ws/src/ros-controls/ros2_control/install/transmission_interface/include/transmission_interface/transmission.hpp
-- Installing: /home/vx792/ros2_ws/src/ros-controls/ros2_control/install/transmission_interface/include/transmission_interface/four_bar_linkage_transmission.hpp
-- Installing: /home/vx792/ros2_ws/src/ros-controls/ros2_control/install/transmission_interface/include/transmission_interface/simple_transmission_loader.hpp
-- Installing: /home/vx792/ros2_ws/src/ros-controls/ros2_control/install/transmission_interface/share/transmission_interface/ros2_control_plugins.xml
-- Installing: /home/vx792/ros2_ws/src/ros-controls/ros2_control/install/transmission_interface/lib/libtransmission_interface.so
-- Set runtime path of "/home/vx792/ros2_ws/src/ros-controls/ros2_control/install/transmission_interface/lib/libtransmission_interface.so" to ""
-- Installing: /home/vx792/ros2_ws/src/ros-controls/ros2_control/install/transmission_interface/share/transmission_interface/environment/library_path.sh
-- Installing: /home/vx792/ros2_ws/src/ros-controls/ros2_control/install/transmission_interface/share/transmission_interface/environment/library_path.dsv
-- Installing: /home/vx792/ros2_ws/src/ros-controls/ros2_control/install/transmission_interface/share/ament_index/resource_index/package_run_dependencies/transmission_interface
-- Installing: /home/vx792/ros2_ws/src/ros-controls/ros2_control/install/transmission_interface/share/ament_index/resource_index/parent_prefix_path/transmission_interface
-- Installing: /home/vx792/ros2_ws/src/ros-controls/ros2_control/install/transmission_interface/share/transmission_interface/environment/ament_prefix_path.sh
-- Installing: /home/vx792/ros2_ws/src/ros-controls/ros2_control/install/transmission_interface/share/transmission_interface/environment/ament_prefix_path.dsv
-- Installing: /home/vx792/ros2_ws/src/ros-controls/ros2_control/install/transmission_interface/share/transmission_interface/environment/path.sh
-- Installing: /home/vx792/ros2_ws/src/ros-controls/ros2_control/install/transmission_interface/share/transmission_interface/environment/path.dsv
-- Installing: /home/vx792/ros2_ws/src/ros-controls/ros2_control/install/transmission_interface/share/transmission_interface/local_setup.bash
-- Installing: /home/vx792/ros2_ws/src/ros-controls/ros2_control/install/transmission_interface/share/transmission_interface/local_setup.sh
-- Installing: /home/vx792/ros2_ws/src/ros-controls/ros2_control/install/transmission_interface/share/transmission_interface/local_setup.zsh
-- Installing: /home/vx792/ros2_ws/src/ros-controls/ros2_control/install/transmission_interface/share/transmission_interface/local_setup.dsv
-- Installing: /home/vx792/ros2_ws/src/ros-controls/ros2_control/install/transmission_interface/share/transmission_interface/package.dsv
-- Installing: /home/vx792/ros2_ws/src/ros-controls/ros2_control/install/transmission_interface/share/ament_index/resource_index/packages/transmission_interface
-- Installing: /home/vx792/ros2_ws/src/ros-controls/ros2_control/install/transmission_interface/share/ament_index/resource_index/transmission_interface__pluginlib__plugin/transmission_interface
-- Installing: /home/vx792/ros2_ws/src/ros-controls/ros2_control/install/transmission_interface/share/transmission_interface/cmake/ament_cmake_export_include_directories-extras.cmake
-- Installing: /home/vx792/ros2_ws/src/ros-controls/ros2_control/install/transmission_interface/share/transmission_interface/cmake/ament_cmake_export_dependencies-extras.cmake
-- Installing: /home/vx792/ros2_ws/src/ros-controls/ros2_control/install/transmission_interface/share/transmission_interface/cmake/ament_cmake_export_libraries-extras.cmake
-- Installing: /home/vx792/ros2_ws/src/ros-controls/ros2_control/install/transmission_interface/share/transmission_interface/cmake/transmission_interfaceConfig.cmake
-- Installing: /home/vx792/ros2_ws/src/ros-controls/ros2_control/install/transmission_interface/share/transmission_interface/cmake/transmission_interfaceConfig-version.cmake
-- Installing: /home/vx792/ros2_ws/src/ros-controls/ros2_control/install/transmission_interface/share/transmission_interface/package.xml
