[0.082s] Invoking command in '/home/vx792/ros2_ws/src/ros-controls/ros2_control/build/transmission_interface': AMENT_PREFIX_PATH=/home/vx792/ros2_ws/src/ros-controls/ros2_control/install/hardware_interface:${AMENT_PREFIX_PATH} CMAKE_PREFIX_PATH=/home/vx792/ros2_ws/src/ros-controls/ros2_control/install/hardware_interface:/home/vx792/ros2_ws/src/ros-controls/install/gazebo_ros2_control_demos:/home/vx792/ros2_ws/src/ros-controls/install/ros2_controllers:/home/vx792/ros2_ws/src/ros-controls/install/velocity_controllers:/home/vx792/ros2_ws/src/ros-controls/install/ros2_control:/home/vx792/ros2_ws/src/ros-controls/install/transmission_interface:/home/vx792/ros2_ws/src/ros-controls/install/ros2_control_demos:/home/vx792/ros2_ws/src/ros-controls/install/ros2_control_demo_bringup:/home/vx792/ros2_ws/src/ros-controls/install/rrbot_description:/home/vx792/ros2_ws/src/ros-controls/install/gazebo_ros2_control:/home/vx792/ros2_ws/src/ros-controls/install/controller_manager:/home/vx792/ros2_ws/src/ros-controls/install/ros2_control_test_assets:/home/vx792/ros2_ws/src/ros-controls/install/ros2_control_demo_hardware:/home/vx792/ros2_ws/src/ros-controls/install/position_controllers:/home/vx792/ros2_ws/src/ros-controls/install/joint_trajectory_controller:/home/vx792/ros2_ws/src/ros-controls/install/joint_state_broadcaster:/home/vx792/ros2_ws/src/ros-controls/install/joint_limits:/home/vx792/ros2_ws/src/ros-controls/install/imu_sensor_broadcaster:/home/vx792/ros2_ws/src/ros-controls/install/gripper_controllers:/home/vx792/ros2_ws/src/ros-controls/install/effort_controllers:/home/vx792/ros2_ws/src/ros-controls/install/forward_command_controller:/home/vx792/ros2_ws/src/ros-controls/install/force_torque_sensor_broadcaster:/home/vx792/ros2_ws/src/ros-controls/install/diff_drive_controller:/home/vx792/ros2_ws/src/ros-controls/install/controller_interface:/home/vx792/ros2_ws/src/ros-controls/install/hardware_interface:/home/vx792/ros2_ws/src/ros-controls/install/diffbot_description:/home/vx792/ros2_ws/src/ros-controls/install/controller_manager_msgs:/home/vx792/ros2_ws/src/ros-controls/install/ros2controlcli:/home/vx792/ros2_ws/src/ros-controls/install/ros2_controllers_test_nodes:/home/vx792/ros2_ws/src/ros-controls/install/ros2_control_test_nodes:/opt/ros/rolling LD_LIBRARY_PATH=/home/vx792/ros2_ws/src/ros-controls/ros2_control/install/hardware_interface/lib:${LD_LIBRARY_PATH} /usr/bin/cmake /home/vx792/ros2_ws/src/ros-controls/ros2_control/transmission_interface -DCMAKE_INSTALL_PREFIX=/home/vx792/ros2_ws/src/ros-controls/ros2_control/install/transmission_interface
[0.353s] -- The C compiler identification is GNU 9.4.0
[0.563s] -- The CXX compiler identification is GNU 9.4.0
[0.586s] -- Check for working C compiler: /usr/bin/cc
[0.857s] -- Check for working C compiler: /usr/bin/cc -- works
[0.858s] -- Detecting C compiler ABI info
[1.095s] -- Detecting C compiler ABI info - done
[1.155s] -- Detecting C compile features
[1.161s] -- Detecting C compile features - done
[1.165s] -- Check for working CXX compiler: /usr/bin/c++
[1.454s] -- Check for working CXX compiler: /usr/bin/c++ -- works
[1.455s] -- Detecting CXX compiler ABI info
[1.775s] -- Detecting CXX compiler ABI info - done
[1.814s] -- Detecting CXX compile features
[1.819s] -- Detecting CXX compile features - done
[1.833s] -- Found ament_cmake: 1.2.1 (/opt/ros/rolling/share/ament_cmake/cmake)
[2.381s] -- Found Python3: /usr/bin/python3.8 (found version "3.8.10") found components: Interpreter 
[2.747s] -- Found hardware_interface: 2.12.1 (/home/vx792/ros2_ws/src/ros-controls/ros2_control/install/hardware_interface/share/hardware_interface/cmake)
[2.931s] -- Using all available rosidl_typesupport_c: rosidl_typesupport_fastrtps_c;rosidl_typesupport_introspection_c
[2.967s] -- Found rosidl_adapter: 3.0.1 (/opt/ros/rolling/share/rosidl_adapter/cmake)
[3.167s] -- Using all available rosidl_typesupport_cpp: rosidl_typesupport_fastrtps_cpp;rosidl_typesupport_introspection_cpp
[5.772s] -- Found rmw_implementation_cmake: 5.1.0 (/opt/ros/rolling/share/rmw_implementation_cmake/cmake)
[5.787s] -- Found rmw_cyclonedds_cpp: 1.1.2 (/opt/ros/rolling/share/rmw_cyclonedds_cpp/cmake)
[5.876s] -- Using RMW implementation 'rmw_cyclonedds_cpp' as default
[6.747s] -- Found ament_cmake_gmock: 1.2.1 (/opt/ros/rolling/share/ament_cmake_gmock/cmake)
[6.757s] -- Found gmock sources under '/opt/ros/rolling/src/gmock_vendor': C++ tests using 'Google Mock' will be built
[6.775s] -- Found ament_cmake_gtest: 1.2.1 (/opt/ros/rolling/share/ament_cmake_gtest/cmake)
[6.777s] -- Found gtest sources under '/opt/ros/rolling/src/gtest_vendor': C++ tests using 'Google Test' will be built
[7.879s] -- Configuring done
[8.470s] -- Generating done
[8.484s] -- Build files have been written to: /home/vx792/ros2_ws/src/ros-controls/ros2_control/build/transmission_interface
[8.515s] Invoked command in '/home/vx792/ros2_ws/src/ros-controls/ros2_control/build/transmission_interface' returned '0': AMENT_PREFIX_PATH=/home/vx792/ros2_ws/src/ros-controls/ros2_control/install/hardware_interface:${AMENT_PREFIX_PATH} CMAKE_PREFIX_PATH=/home/vx792/ros2_ws/src/ros-controls/ros2_control/install/hardware_interface:/home/vx792/ros2_ws/src/ros-controls/install/gazebo_ros2_control_demos:/home/vx792/ros2_ws/src/ros-controls/install/ros2_controllers:/home/vx792/ros2_ws/src/ros-controls/install/velocity_controllers:/home/vx792/ros2_ws/src/ros-controls/install/ros2_control:/home/vx792/ros2_ws/src/ros-controls/install/transmission_interface:/home/vx792/ros2_ws/src/ros-controls/install/ros2_control_demos:/home/vx792/ros2_ws/src/ros-controls/install/ros2_control_demo_bringup:/home/vx792/ros2_ws/src/ros-controls/install/rrbot_description:/home/vx792/ros2_ws/src/ros-controls/install/gazebo_ros2_control:/home/vx792/ros2_ws/src/ros-controls/install/controller_manager:/home/vx792/ros2_ws/src/ros-controls/install/ros2_control_test_assets:/home/vx792/ros2_ws/src/ros-controls/install/ros2_control_demo_hardware:/home/vx792/ros2_ws/src/ros-controls/install/position_controllers:/home/vx792/ros2_ws/src/ros-controls/install/joint_trajectory_controller:/home/vx792/ros2_ws/src/ros-controls/install/joint_state_broadcaster:/home/vx792/ros2_ws/src/ros-controls/install/joint_limits:/home/vx792/ros2_ws/src/ros-controls/install/imu_sensor_broadcaster:/home/vx792/ros2_ws/src/ros-controls/install/gripper_controllers:/home/vx792/ros2_ws/src/ros-controls/install/effort_controllers:/home/vx792/ros2_ws/src/ros-controls/install/forward_command_controller:/home/vx792/ros2_ws/src/ros-controls/install/force_torque_sensor_broadcaster:/home/vx792/ros2_ws/src/ros-controls/install/diff_drive_controller:/home/vx792/ros2_ws/src/ros-controls/install/controller_interface:/home/vx792/ros2_ws/src/ros-controls/install/hardware_interface:/home/vx792/ros2_ws/src/ros-controls/install/diffbot_description:/home/vx792/ros2_ws/src/ros-controls/install/controller_manager_msgs:/home/vx792/ros2_ws/src/ros-controls/install/ros2controlcli:/home/vx792/ros2_ws/src/ros-controls/install/ros2_controllers_test_nodes:/home/vx792/ros2_ws/src/ros-controls/install/ros2_control_test_nodes:/opt/ros/rolling LD_LIBRARY_PATH=/home/vx792/ros2_ws/src/ros-controls/ros2_control/install/hardware_interface/lib:${LD_LIBRARY_PATH} /usr/bin/cmake /home/vx792/ros2_ws/src/ros-controls/ros2_control/transmission_interface -DCMAKE_INSTALL_PREFIX=/home/vx792/ros2_ws/src/ros-controls/ros2_control/install/transmission_interface
[8.520s] Invoking command in '/home/vx792/ros2_ws/src/ros-controls/ros2_control/build/transmission_interface': AMENT_PREFIX_PATH=/home/vx792/ros2_ws/src/ros-controls/ros2_control/install/hardware_interface:${AMENT_PREFIX_PATH} CMAKE_PREFIX_PATH=/home/vx792/ros2_ws/src/ros-controls/ros2_control/install/hardware_interface:/home/vx792/ros2_ws/src/ros-controls/install/gazebo_ros2_control_demos:/home/vx792/ros2_ws/src/ros-controls/install/ros2_controllers:/home/vx792/ros2_ws/src/ros-controls/install/velocity_controllers:/home/vx792/ros2_ws/src/ros-controls/install/ros2_control:/home/vx792/ros2_ws/src/ros-controls/install/transmission_interface:/home/vx792/ros2_ws/src/ros-controls/install/ros2_control_demos:/home/vx792/ros2_ws/src/ros-controls/install/ros2_control_demo_bringup:/home/vx792/ros2_ws/src/ros-controls/install/rrbot_description:/home/vx792/ros2_ws/src/ros-controls/install/gazebo_ros2_control:/home/vx792/ros2_ws/src/ros-controls/install/controller_manager:/home/vx792/ros2_ws/src/ros-controls/install/ros2_control_test_assets:/home/vx792/ros2_ws/src/ros-controls/install/ros2_control_demo_hardware:/home/vx792/ros2_ws/src/ros-controls/install/position_controllers:/home/vx792/ros2_ws/src/ros-controls/install/joint_trajectory_controller:/home/vx792/ros2_ws/src/ros-controls/install/joint_state_broadcaster:/home/vx792/ros2_ws/src/ros-controls/install/joint_limits:/home/vx792/ros2_ws/src/ros-controls/install/imu_sensor_broadcaster:/home/vx792/ros2_ws/src/ros-controls/install/gripper_controllers:/home/vx792/ros2_ws/src/ros-controls/install/effort_controllers:/home/vx792/ros2_ws/src/ros-controls/install/forward_command_controller:/home/vx792/ros2_ws/src/ros-controls/install/force_torque_sensor_broadcaster:/home/vx792/ros2_ws/src/ros-controls/install/diff_drive_controller:/home/vx792/ros2_ws/src/ros-controls/install/controller_interface:/home/vx792/ros2_ws/src/ros-controls/install/hardware_interface:/home/vx792/ros2_ws/src/ros-controls/install/diffbot_description:/home/vx792/ros2_ws/src/ros-controls/install/controller_manager_msgs:/home/vx792/ros2_ws/src/ros-controls/install/ros2controlcli:/home/vx792/ros2_ws/src/ros-controls/install/ros2_controllers_test_nodes:/home/vx792/ros2_ws/src/ros-controls/install/ros2_control_test_nodes:/opt/ros/rolling LD_LIBRARY_PATH=/home/vx792/ros2_ws/src/ros-controls/ros2_control/install/hardware_interface/lib:${LD_LIBRARY_PATH} /usr/bin/cmake --build /home/vx792/ros2_ws/src/ros-controls/ros2_control/build/transmission_interface -- -j2 -l2
[8.678s] [35m[1mScanning dependencies of target transmission_interface[0m
[8.868s] [  4%] [32mBuilding CXX object CMakeFiles/transmission_interface.dir/src/simple_transmission_loader.cpp.o[0m
[17.384s] [  9%] [32mBuilding CXX object CMakeFiles/transmission_interface.dir/src/four_bar_linkage_transmission_loader.cpp.o[0m
[22.036s] [ 14%] [32mBuilding CXX object CMakeFiles/transmission_interface.dir/src/differential_transmission_loader.cpp.o[0m
[26.425s] [ 19%] [32m[1mLinking CXX shared library libtransmission_interface.so[0m
[26.761s] [ 19%] Built target transmission_interface
[26.776s] [35m[1mScanning dependencies of target gmock[0m
[26.827s] [ 23%] [32mBuilding CXX object gmock/CMakeFiles/gmock.dir/opt/ros/rolling/src/gtest_vendor/src/gtest-all.cc.o[0m
[31.143s] [ 28%] [32mBuilding CXX object gmock/CMakeFiles/gmock.dir/src/gmock-all.cc.o[0m
[33.442s] [ 33%] [32m[1mLinking CXX static library libgmock.a[0m
[33.576s] [ 33%] Built target gmock
[33.591s] [35m[1mScanning dependencies of target gmock_main[0m
[33.627s] [ 38%] [32mBuilding CXX object gmock/CMakeFiles/gmock_main.dir/src/gmock_main.cc.o[0m
[34.852s] [ 42%] [32m[1mLinking CXX static library libgmock_main.a[0m
[34.920s] [ 42%] Built target gmock_main
[34.936s] [35m[1mScanning dependencies of target test_simple_transmission[0m
[34.987s] [ 47%] [32mBuilding CXX object CMakeFiles/test_simple_transmission.dir/test/simple_transmission_test.cpp.o[0m
[38.338s] [ 52%] [32m[1mLinking CXX executable test_simple_transmission[0m
[38.826s] [ 52%] Built target test_simple_transmission
[38.842s] [35m[1mScanning dependencies of target test_differential_transmission[0m
[38.889s] [ 57%] [32mBuilding CXX object CMakeFiles/test_differential_transmission.dir/test/differential_transmission_test.cpp.o[0m
[42.317s] [ 61%] [32m[1mLinking CXX executable test_differential_transmission[0m
[42.801s] [ 61%] Built target test_differential_transmission
[42.816s] [35m[1mScanning dependencies of target test_four_bar_linkage_transmission[0m
[42.867s] [ 66%] [32mBuilding CXX object CMakeFiles/test_four_bar_linkage_transmission.dir/test/four_bar_linkage_transmission_test.cpp.o[0m
[46.380s] [ 71%] [32m[1mLinking CXX executable test_four_bar_linkage_transmission[0m
[46.857s] [ 71%] Built target test_four_bar_linkage_transmission
[46.875s] [35m[1mScanning dependencies of target test_simple_transmission_loader[0m
[46.930s] [ 76%] [32mBuilding CXX object CMakeFiles/test_simple_transmission_loader.dir/test/simple_transmission_loader_test.cpp.o[0m
[57.499s] [ 80%] [32m[1mLinking CXX executable test_simple_transmission_loader[0m
[58.272s] [ 80%] Built target test_simple_transmission_loader
[58.287s] [35m[1mScanning dependencies of target test_four_bar_linkage_transmission_loader[0m
[58.335s] [ 85%] [32mBuilding CXX object CMakeFiles/test_four_bar_linkage_transmission_loader.dir/test/four_bar_linkage_transmission_loader_test.cpp.o[0m
[66.206s] [ 90%] [32m[1mLinking CXX executable test_four_bar_linkage_transmission_loader[0m
[66.927s] [ 90%] Built target test_four_bar_linkage_transmission_loader
[66.946s] [35m[1mScanning dependencies of target test_differential_transmission_loader[0m
[67.003s] [ 95%] [32mBuilding CXX object CMakeFiles/test_differential_transmission_loader.dir/test/differential_transmission_loader_test.cpp.o[0m
[73.781s] [100%] [32m[1mLinking CXX executable test_differential_transmission_loader[0m
[74.464s] [100%] Built target test_differential_transmission_loader
[74.496s] Invoked command in '/home/vx792/ros2_ws/src/ros-controls/ros2_control/build/transmission_interface' returned '0': AMENT_PREFIX_PATH=/home/vx792/ros2_ws/src/ros-controls/ros2_control/install/hardware_interface:${AMENT_PREFIX_PATH} CMAKE_PREFIX_PATH=/home/vx792/ros2_ws/src/ros-controls/ros2_control/install/hardware_interface:/home/vx792/ros2_ws/src/ros-controls/install/gazebo_ros2_control_demos:/home/vx792/ros2_ws/src/ros-controls/install/ros2_controllers:/home/vx792/ros2_ws/src/ros-controls/install/velocity_controllers:/home/vx792/ros2_ws/src/ros-controls/install/ros2_control:/home/vx792/ros2_ws/src/ros-controls/install/transmission_interface:/home/vx792/ros2_ws/src/ros-controls/install/ros2_control_demos:/home/vx792/ros2_ws/src/ros-controls/install/ros2_control_demo_bringup:/home/vx792/ros2_ws/src/ros-controls/install/rrbot_description:/home/vx792/ros2_ws/src/ros-controls/install/gazebo_ros2_control:/home/vx792/ros2_ws/src/ros-controls/install/controller_manager:/home/vx792/ros2_ws/src/ros-controls/install/ros2_control_test_assets:/home/vx792/ros2_ws/src/ros-controls/install/ros2_control_demo_hardware:/home/vx792/ros2_ws/src/ros-controls/install/position_controllers:/home/vx792/ros2_ws/src/ros-controls/install/joint_trajectory_controller:/home/vx792/ros2_ws/src/ros-controls/install/joint_state_broadcaster:/home/vx792/ros2_ws/src/ros-controls/install/joint_limits:/home/vx792/ros2_ws/src/ros-controls/install/imu_sensor_broadcaster:/home/vx792/ros2_ws/src/ros-controls/install/gripper_controllers:/home/vx792/ros2_ws/src/ros-controls/install/effort_controllers:/home/vx792/ros2_ws/src/ros-controls/install/forward_command_controller:/home/vx792/ros2_ws/src/ros-controls/install/force_torque_sensor_broadcaster:/home/vx792/ros2_ws/src/ros-controls/install/diff_drive_controller:/home/vx792/ros2_ws/src/ros-controls/install/controller_interface:/home/vx792/ros2_ws/src/ros-controls/install/hardware_interface:/home/vx792/ros2_ws/src/ros-controls/install/diffbot_description:/home/vx792/ros2_ws/src/ros-controls/install/controller_manager_msgs:/home/vx792/ros2_ws/src/ros-controls/install/ros2controlcli:/home/vx792/ros2_ws/src/ros-controls/install/ros2_controllers_test_nodes:/home/vx792/ros2_ws/src/ros-controls/install/ros2_control_test_nodes:/opt/ros/rolling LD_LIBRARY_PATH=/home/vx792/ros2_ws/src/ros-controls/ros2_control/install/hardware_interface/lib:${LD_LIBRARY_PATH} /usr/bin/cmake --build /home/vx792/ros2_ws/src/ros-controls/ros2_control/build/transmission_interface -- -j2 -l2
[74.584s] Invoking command in '/home/vx792/ros2_ws/src/ros-controls/ros2_control/build/transmission_interface': AMENT_PREFIX_PATH=/home/vx792/ros2_ws/src/ros-controls/ros2_control/install/hardware_interface:${AMENT_PREFIX_PATH} CMAKE_PREFIX_PATH=/home/vx792/ros2_ws/src/ros-controls/ros2_control/install/hardware_interface:/home/vx792/ros2_ws/src/ros-controls/install/gazebo_ros2_control_demos:/home/vx792/ros2_ws/src/ros-controls/install/ros2_controllers:/home/vx792/ros2_ws/src/ros-controls/install/velocity_controllers:/home/vx792/ros2_ws/src/ros-controls/install/ros2_control:/home/vx792/ros2_ws/src/ros-controls/install/transmission_interface:/home/vx792/ros2_ws/src/ros-controls/install/ros2_control_demos:/home/vx792/ros2_ws/src/ros-controls/install/ros2_control_demo_bringup:/home/vx792/ros2_ws/src/ros-controls/install/rrbot_description:/home/vx792/ros2_ws/src/ros-controls/install/gazebo_ros2_control:/home/vx792/ros2_ws/src/ros-controls/install/controller_manager:/home/vx792/ros2_ws/src/ros-controls/install/ros2_control_test_assets:/home/vx792/ros2_ws/src/ros-controls/install/ros2_control_demo_hardware:/home/vx792/ros2_ws/src/ros-controls/install/position_controllers:/home/vx792/ros2_ws/src/ros-controls/install/joint_trajectory_controller:/home/vx792/ros2_ws/src/ros-controls/install/joint_state_broadcaster:/home/vx792/ros2_ws/src/ros-controls/install/joint_limits:/home/vx792/ros2_ws/src/ros-controls/install/imu_sensor_broadcaster:/home/vx792/ros2_ws/src/ros-controls/install/gripper_controllers:/home/vx792/ros2_ws/src/ros-controls/install/effort_controllers:/home/vx792/ros2_ws/src/ros-controls/install/forward_command_controller:/home/vx792/ros2_ws/src/ros-controls/install/force_torque_sensor_broadcaster:/home/vx792/ros2_ws/src/ros-controls/install/diff_drive_controller:/home/vx792/ros2_ws/src/ros-controls/install/controller_interface:/home/vx792/ros2_ws/src/ros-controls/install/hardware_interface:/home/vx792/ros2_ws/src/ros-controls/install/diffbot_description:/home/vx792/ros2_ws/src/ros-controls/install/controller_manager_msgs:/home/vx792/ros2_ws/src/ros-controls/install/ros2controlcli:/home/vx792/ros2_ws/src/ros-controls/install/ros2_controllers_test_nodes:/home/vx792/ros2_ws/src/ros-controls/install/ros2_control_test_nodes:/opt/ros/rolling LD_LIBRARY_PATH=/home/vx792/ros2_ws/src/ros-controls/ros2_control/install/hardware_interface/lib:${LD_LIBRARY_PATH} /usr/bin/cmake --install /home/vx792/ros2_ws/src/ros-controls/ros2_control/build/transmission_interface
[74.596s] -- Install configuration: ""
[74.597s] -- Installing: /home/vx792/ros2_ws/src/ros-controls/ros2_control/install/transmission_interface/include
[74.597s] -- Installing: /home/vx792/ros2_ws/src/ros-controls/ros2_control/install/transmission_interface/include/transmission_interface
[74.597s] -- Installing: /home/vx792/ros2_ws/src/ros-controls/ros2_control/install/transmission_interface/include/transmission_interface/transmission_loader.hpp
[74.598s] -- Installing: /home/vx792/ros2_ws/src/ros-controls/ros2_control/install/transmission_interface/include/transmission_interface/differential_transmission.hpp
[74.598s] -- Installing: /home/vx792/ros2_ws/src/ros-controls/ros2_control/install/transmission_interface/include/transmission_interface/differential_transmission_loader.hpp
[74.599s] -- Installing: /home/vx792/ros2_ws/src/ros-controls/ros2_control/install/transmission_interface/include/transmission_interface/transmission_interface_exception.hpp
[74.600s] -- Installing: /home/vx792/ros2_ws/src/ros-controls/ros2_control/install/transmission_interface/include/transmission_interface/exception.hpp
[74.601s] -- Installing: /home/vx792/ros2_ws/src/ros-controls/ros2_control/install/transmission_interface/include/transmission_interface/accessor.hpp
[74.601s] -- Installing: /home/vx792/ros2_ws/src/ros-controls/ros2_control/install/transmission_interface/include/transmission_interface/visibility_control.h
[74.602s] -- Installing: /home/vx792/ros2_ws/src/ros-controls/ros2_control/install/transmission_interface/include/transmission_interface/handle.hpp
[74.602s] -- Installing: /home/vx792/ros2_ws/src/ros-controls/ros2_control/install/transmission_interface/include/transmission_interface/simple_transmission.hpp
[74.603s] -- Installing: /home/vx792/ros2_ws/src/ros-controls/ros2_control/install/transmission_interface/include/transmission_interface/four_bar_linkage_transmission_loader.hpp
[74.604s] -- Installing: /home/vx792/ros2_ws/src/ros-controls/ros2_control/install/transmission_interface/include/transmission_interface/transmission.hpp
[74.604s] -- Installing: /home/vx792/ros2_ws/src/ros-controls/ros2_control/install/transmission_interface/include/transmission_interface/four_bar_linkage_transmission.hpp
[74.605s] -- Installing: /home/vx792/ros2_ws/src/ros-controls/ros2_control/install/transmission_interface/include/transmission_interface/simple_transmission_loader.hpp
[74.605s] -- Installing: /home/vx792/ros2_ws/src/ros-controls/ros2_control/install/transmission_interface/share/transmission_interface/ros2_control_plugins.xml
[74.606s] -- Installing: /home/vx792/ros2_ws/src/ros-controls/ros2_control/install/transmission_interface/lib/libtransmission_interface.so
[74.610s] -- Set runtime path of "/home/vx792/ros2_ws/src/ros-controls/ros2_control/install/transmission_interface/lib/libtransmission_interface.so" to ""
[74.611s] -- Installing: /home/vx792/ros2_ws/src/ros-controls/ros2_control/install/transmission_interface/share/transmission_interface/environment/library_path.sh
[74.611s] -- Installing: /home/vx792/ros2_ws/src/ros-controls/ros2_control/install/transmission_interface/share/transmission_interface/environment/library_path.dsv
[74.612s] -- Installing: /home/vx792/ros2_ws/src/ros-controls/ros2_control/install/transmission_interface/share/ament_index/resource_index/package_run_dependencies/transmission_interface
[74.613s] -- Installing: /home/vx792/ros2_ws/src/ros-controls/ros2_control/install/transmission_interface/share/ament_index/resource_index/parent_prefix_path/transmission_interface
[74.613s] -- Installing: /home/vx792/ros2_ws/src/ros-controls/ros2_control/install/transmission_interface/share/transmission_interface/environment/ament_prefix_path.sh
[74.614s] -- Installing: /home/vx792/ros2_ws/src/ros-controls/ros2_control/install/transmission_interface/share/transmission_interface/environment/ament_prefix_path.dsv
[74.614s] -- Installing: /home/vx792/ros2_ws/src/ros-controls/ros2_control/install/transmission_interface/share/transmission_interface/environment/path.sh
[74.615s] -- Installing: /home/vx792/ros2_ws/src/ros-controls/ros2_control/install/transmission_interface/share/transmission_interface/environment/path.dsv
[74.615s] -- Installing: /home/vx792/ros2_ws/src/ros-controls/ros2_control/install/transmission_interface/share/transmission_interface/local_setup.bash
[74.616s] -- Installing: /home/vx792/ros2_ws/src/ros-controls/ros2_control/install/transmission_interface/share/transmission_interface/local_setup.sh
[74.616s] -- Installing: /home/vx792/ros2_ws/src/ros-controls/ros2_control/install/transmission_interface/share/transmission_interface/local_setup.zsh
[74.617s] -- Installing: /home/vx792/ros2_ws/src/ros-controls/ros2_control/install/transmission_interface/share/transmission_interface/local_setup.dsv
[74.617s] -- Installing: /home/vx792/ros2_ws/src/ros-controls/ros2_control/install/transmission_interface/share/transmission_interface/package.dsv
[74.618s] -- Installing: /home/vx792/ros2_ws/src/ros-controls/ros2_control/install/transmission_interface/share/ament_index/resource_index/packages/transmission_interface
[74.618s] -- Installing: /home/vx792/ros2_ws/src/ros-controls/ros2_control/install/transmission_interface/share/ament_index/resource_index/transmission_interface__pluginlib__plugin/transmission_interface
[74.619s] -- Installing: /home/vx792/ros2_ws/src/ros-controls/ros2_control/install/transmission_interface/share/transmission_interface/cmake/ament_cmake_export_include_directories-extras.cmake
[74.620s] -- Installing: /home/vx792/ros2_ws/src/ros-controls/ros2_control/install/transmission_interface/share/transmission_interface/cmake/ament_cmake_export_dependencies-extras.cmake
[74.620s] -- Installing: /home/vx792/ros2_ws/src/ros-controls/ros2_control/install/transmission_interface/share/transmission_interface/cmake/ament_cmake_export_libraries-extras.cmake
[74.621s] -- Installing: /home/vx792/ros2_ws/src/ros-controls/ros2_control/install/transmission_interface/share/transmission_interface/cmake/transmission_interfaceConfig.cmake
[74.621s] -- Installing: /home/vx792/ros2_ws/src/ros-controls/ros2_control/install/transmission_interface/share/transmission_interface/cmake/transmission_interfaceConfig-version.cmake
[74.622s] -- Installing: /home/vx792/ros2_ws/src/ros-controls/ros2_control/install/transmission_interface/share/transmission_interface/package.xml
[74.628s] Invoked command in '/home/vx792/ros2_ws/src/ros-controls/ros2_control/build/transmission_interface' returned '0': AMENT_PREFIX_PATH=/home/vx792/ros2_ws/src/ros-controls/ros2_control/install/hardware_interface:${AMENT_PREFIX_PATH} CMAKE_PREFIX_PATH=/home/vx792/ros2_ws/src/ros-controls/ros2_control/install/hardware_interface:/home/vx792/ros2_ws/src/ros-controls/install/gazebo_ros2_control_demos:/home/vx792/ros2_ws/src/ros-controls/install/ros2_controllers:/home/vx792/ros2_ws/src/ros-controls/install/velocity_controllers:/home/vx792/ros2_ws/src/ros-controls/install/ros2_control:/home/vx792/ros2_ws/src/ros-controls/install/transmission_interface:/home/vx792/ros2_ws/src/ros-controls/install/ros2_control_demos:/home/vx792/ros2_ws/src/ros-controls/install/ros2_control_demo_bringup:/home/vx792/ros2_ws/src/ros-controls/install/rrbot_description:/home/vx792/ros2_ws/src/ros-controls/install/gazebo_ros2_control:/home/vx792/ros2_ws/src/ros-controls/install/controller_manager:/home/vx792/ros2_ws/src/ros-controls/install/ros2_control_test_assets:/home/vx792/ros2_ws/src/ros-controls/install/ros2_control_demo_hardware:/home/vx792/ros2_ws/src/ros-controls/install/position_controllers:/home/vx792/ros2_ws/src/ros-controls/install/joint_trajectory_controller:/home/vx792/ros2_ws/src/ros-controls/install/joint_state_broadcaster:/home/vx792/ros2_ws/src/ros-controls/install/joint_limits:/home/vx792/ros2_ws/src/ros-controls/install/imu_sensor_broadcaster:/home/vx792/ros2_ws/src/ros-controls/install/gripper_controllers:/home/vx792/ros2_ws/src/ros-controls/install/effort_controllers:/home/vx792/ros2_ws/src/ros-controls/install/forward_command_controller:/home/vx792/ros2_ws/src/ros-controls/install/force_torque_sensor_broadcaster:/home/vx792/ros2_ws/src/ros-controls/install/diff_drive_controller:/home/vx792/ros2_ws/src/ros-controls/install/controller_interface:/home/vx792/ros2_ws/src/ros-controls/install/hardware_interface:/home/vx792/ros2_ws/src/ros-controls/install/diffbot_description:/home/vx792/ros2_ws/src/ros-controls/install/controller_manager_msgs:/home/vx792/ros2_ws/src/ros-controls/install/ros2controlcli:/home/vx792/ros2_ws/src/ros-controls/install/ros2_controllers_test_nodes:/home/vx792/ros2_ws/src/ros-controls/install/ros2_control_test_nodes:/opt/ros/rolling LD_LIBRARY_PATH=/home/vx792/ros2_ws/src/ros-controls/ros2_control/install/hardware_interface/lib:${LD_LIBRARY_PATH} /usr/bin/cmake --install /home/vx792/ros2_ws/src/ros-controls/ros2_control/build/transmission_interface
