-- The C compiler identification is GNU 9.4.0
-- The CXX compiler identification is GNU 9.4.0
-- Check for working C compiler: /usr/bin/cc
-- Check for working C compiler: /usr/bin/cc -- works
-- Detecting C compiler ABI info
-- Detecting C compiler ABI info - done
-- Detecting C compile features
-- Detecting C compile features - done
-- Check for working CXX compiler: /usr/bin/c++
-- Check for working CXX compiler: /usr/bin/c++ -- works
-- Detecting CXX compiler ABI info
-- Detecting CXX compiler ABI info - done
-- Detecting CXX compile features
-- Detecting CXX compile features - done
-- Found ament_cmake: 1.2.1 (/opt/ros/rolling/share/ament_cmake/cmake)
-- Found Python3: /usr/bin/python3.8 (found version "3.8.10") found components: Interpreter 
-- Found control_msgs: 3.0.0 (/opt/ros/rolling/share/control_msgs/cmake)
-- Using all available rosidl_typesupport_c: rosidl_typesupport_fastrtps_c;rosidl_typesupport_introspection_c
-- Found rosidl_adapter: 3.0.1 (/opt/ros/rolling/share/rosidl_adapter/cmake)
-- Using all available rosidl_typesupport_cpp: rosidl_typesupport_fastrtps_cpp;rosidl_typesupport_introspection_cpp
-- Found lifecycle_msgs: 1.1.0 (/opt/ros/rolling/share/lifecycle_msgs/cmake)
-- Found pluginlib: 5.1.0 (/opt/ros/rolling/share/pluginlib/cmake)
-- Found rclcpp_lifecycle: 15.0.0 (/opt/ros/rolling/share/rclcpp_lifecycle/cmake)
-- Found rmw_implementation_cmake: 5.1.0 (/opt/ros/rolling/share/rmw_implementation_cmake/cmake)
-- Found rmw_cyclonedds_cpp: 1.1.2 (/opt/ros/rolling/share/rmw_cyclonedds_cpp/cmake)
-- Using RMW implementation 'rmw_cyclonedds_cpp' as default
-- Found TinyXML2: /usr/lib/x86_64-linux-gnu/libtinyxml2.so  
-- Found ament_cmake_gmock: 1.2.1 (/opt/ros/rolling/share/ament_cmake_gmock/cmake)
-- Found ros2_control_test_assets: 2.12.1 (/home/vx792/ros2_ws/src/ros-controls/ros2_control/install/ros2_control_test_assets/share/ros2_control_test_assets/cmake)
-- Found gmock sources under '/opt/ros/rolling/src/gmock_vendor': C++ tests using 'Google Mock' will be built
-- Found ament_cmake_gtest: 1.2.1 (/opt/ros/rolling/share/ament_cmake_gtest/cmake)
-- Found gtest sources under '/opt/ros/rolling/src/gtest_vendor': C++ tests using 'Google Test' will be built
-- Configuring done
-- Generating done
-- Build files have been written to: /home/vx792/ros2_ws/src/ros-controls/ros2_control/build/hardware_interface
[35m[1mScanning dependencies of target hardware_interface[0m
[35m[1mScanning dependencies of target gmock[0m
[  2%] [32mBuilding CXX object gmock/CMakeFiles/gmock.dir/opt/ros/rolling/src/gtest_vendor/src/gtest-all.cc.o[0m
[  5%] [32mBuilding CXX object CMakeFiles/hardware_interface.dir/src/actuator.cpp.o[0m
[  8%] [32mBuilding CXX object CMakeFiles/hardware_interface.dir/src/component_parser.cpp.o[0m
[ 10%] [32mBuilding CXX object gmock/CMakeFiles/gmock.dir/src/gmock-all.cc.o[0m
[ 13%] [32mBuilding CXX object CMakeFiles/hardware_interface.dir/src/resource_manager.cpp.o[0m
[ 16%] [32m[1mLinking CXX static library libgmock.a[0m
[ 16%] Built target gmock
[ 18%] [32mBuilding CXX object CMakeFiles/hardware_interface.dir/src/sensor.cpp.o[0m
[ 21%] [32mBuilding CXX object CMakeFiles/hardware_interface.dir/src/system.cpp.o[0m
[ 24%] [32m[1mLinking CXX shared library libhardware_interface.so[0m
[ 24%] Built target hardware_interface
[35m[1mScanning dependencies of target gmock_main[0m
[ 27%] [32mBuilding CXX object gmock/CMakeFiles/gmock_main.dir/src/gmock_main.cc.o[0m
[ 29%] [32m[1mLinking CXX static library libgmock_main.a[0m
[ 29%] Built target gmock_main
[35m[1mScanning dependencies of target fake_components[0m
[ 32%] [32mBuilding CXX object CMakeFiles/fake_components.dir/src/mock_components/generic_system.cpp.o[0m
[ 35%] [32mBuilding CXX object CMakeFiles/fake_components.dir/src/mock_components/fake_generic_system.cpp.o[0m
[ 37%] [32m[1mLinking CXX shared library libfake_components.so[0m
[ 37%] Built target fake_components
[35m[1mScanning dependencies of target test_components[0m
[ 40%] [32mBuilding CXX object CMakeFiles/test_components.dir/test/test_components/test_actuator.cpp.o[0m
[ 43%] [32mBuilding CXX object CMakeFiles/test_components.dir/test/test_components/test_sensor.cpp.o[0m
[ 45%] [32mBuilding CXX object CMakeFiles/test_components.dir/test/test_components/test_system.cpp.o[0m
[ 48%] [32m[1mLinking CXX shared library libtest_components.so[0m
[ 48%] Built target test_components
[35m[1mScanning dependencies of target test_hardware_components[0m
[ 51%] [32mBuilding CXX object CMakeFiles/test_hardware_components.dir/test/test_hardware_components/test_single_joint_actuator.cpp.o[0m
[ 54%] [32mBuilding CXX object CMakeFiles/test_hardware_components.dir/test/test_hardware_components/test_force_torque_sensor.cpp.o[0m
[ 56%] [32mBuilding CXX object CMakeFiles/test_hardware_components.dir/test/test_hardware_components/test_two_joint_system.cpp.o[0m
[ 59%] [32mBuilding CXX object CMakeFiles/test_hardware_components.dir/test/test_hardware_components/test_system_with_command_modes.cpp.o[0m
[ 62%] [32m[1mLinking CXX shared library libtest_hardware_components.so[0m
[ 62%] Built target test_hardware_components
[35m[1mScanning dependencies of target test_generic_system[0m
[ 64%] [32mBuilding CXX object CMakeFiles/test_generic_system.dir/test/mock_components/test_generic_system.cpp.o[0m
[ 67%] [32m[1mLinking CXX executable test_generic_system[0m
[ 67%] Built target test_generic_system
[35m[1mScanning dependencies of target mock_components[0m
[ 70%] [32mBuilding CXX object CMakeFiles/mock_components.dir/src/mock_components/generic_system.cpp.o[0m
[ 72%] [32m[1mLinking CXX shared library libmock_components.so[0m
[ 72%] Built target mock_components
[35m[1mScanning dependencies of target test_macros[0m
[ 75%] [32mBuilding CXX object CMakeFiles/test_macros.dir/test/test_macros.cpp.o[0m
[ 78%] [32m[1mLinking CXX executable test_macros[0m
[ 78%] Built target test_macros
[35m[1mScanning dependencies of target test_resource_manager[0m
[ 81%] [32mBuilding CXX object CMakeFiles/test_resource_manager.dir/test/test_resource_manager.cpp.o[0m
[ 83%] [32m[1mLinking CXX executable test_resource_manager[0m
[ 83%] Built target test_resource_manager
[35m[1mScanning dependencies of target test_component_interfaces[0m
[ 86%] [32mBuilding CXX object CMakeFiles/test_component_interfaces.dir/test/test_component_interfaces.cpp.o[0m
[ 89%] [32m[1mLinking CXX executable test_component_interfaces[0m
[ 89%] Built target test_component_interfaces
[35m[1mScanning dependencies of target test_joint_handle[0m
[ 91%] [32mBuilding CXX object CMakeFiles/test_joint_handle.dir/test/test_handle.cpp.o[0m
[ 94%] [32m[1mLinking CXX executable test_joint_handle[0m
[ 94%] Built target test_joint_handle
[35m[1mScanning dependencies of target test_component_parser[0m
[ 97%] [32mBuilding CXX object CMakeFiles/test_component_parser.dir/test/test_component_parser.cpp.o[0m
[100%] [32m[1mLinking CXX executable test_component_parser[0m
[100%] Built target test_component_parser
-- Install configuration: ""
-- Installing: /home/vx792/ros2_ws/src/ros-controls/ros2_control/install/hardware_interface/share/hardware_interface/mock_components_plugin_description.xml
-- Installing: /home/vx792/ros2_ws/src/ros-controls/ros2_control/install/hardware_interface/share/hardware_interface/fake_components_plugin_description.xml
-- Installing: /home/vx792/ros2_ws/src/ros-controls/ros2_control/install/hardware_interface/include
-- Installing: /home/vx792/ros2_ws/src/ros-controls/ros2_control/install/hardware_interface/include/mock_components
-- Installing: /home/vx792/ros2_ws/src/ros-controls/ros2_control/install/hardware_interface/include/mock_components/visibility_control.h
-- Installing: /home/vx792/ros2_ws/src/ros-controls/ros2_control/install/hardware_interface/include/mock_components/generic_system.hpp
-- Installing: /home/vx792/ros2_ws/src/ros-controls/ros2_control/install/hardware_interface/include/fake_components
-- Installing: /home/vx792/ros2_ws/src/ros-controls/ros2_control/install/hardware_interface/include/fake_components/visibility_control.h
-- Installing: /home/vx792/ros2_ws/src/ros-controls/ros2_control/install/hardware_interface/include/fake_components/generic_system.hpp
-- Installing: /home/vx792/ros2_ws/src/ros-controls/ros2_control/install/hardware_interface/include/hardware_interface
-- Installing: /home/vx792/ros2_ws/src/ros-controls/ros2_control/install/hardware_interface/include/hardware_interface/actuator_interface.hpp
-- Installing: /home/vx792/ros2_ws/src/ros-controls/ros2_control/install/hardware_interface/include/hardware_interface/loaned_command_interface.hpp
-- Installing: /home/vx792/ros2_ws/src/ros-controls/ros2_control/install/hardware_interface/include/hardware_interface/component_parser.hpp
-- Installing: /home/vx792/ros2_ws/src/ros-controls/ros2_control/install/hardware_interface/include/hardware_interface/sensor_interface.hpp
-- Installing: /home/vx792/ros2_ws/src/ros-controls/ros2_control/install/hardware_interface/include/hardware_interface/sensor.hpp
-- Installing: /home/vx792/ros2_ws/src/ros-controls/ros2_control/install/hardware_interface/include/hardware_interface/actuator.hpp
-- Installing: /home/vx792/ros2_ws/src/ros-controls/ros2_control/install/hardware_interface/include/hardware_interface/loaned_state_interface.hpp
-- Installing: /home/vx792/ros2_ws/src/ros-controls/ros2_control/install/hardware_interface/include/hardware_interface/system_interface.hpp
-- Installing: /home/vx792/ros2_ws/src/ros-controls/ros2_control/install/hardware_interface/include/hardware_interface/resource_manager.hpp
-- Installing: /home/vx792/ros2_ws/src/ros-controls/ros2_control/install/hardware_interface/include/hardware_interface/controller_info.hpp
-- Installing: /home/vx792/ros2_ws/src/ros-controls/ros2_control/install/hardware_interface/include/hardware_interface/macros.hpp
-- Installing: /home/vx792/ros2_ws/src/ros-controls/ros2_control/install/hardware_interface/include/hardware_interface/types
-- Installing: /home/vx792/ros2_ws/src/ros-controls/ros2_control/install/hardware_interface/include/hardware_interface/types/hardware_interface_type_values.hpp
-- Installing: /home/vx792/ros2_ws/src/ros-controls/ros2_control/install/hardware_interface/include/hardware_interface/types/lifecycle_state_names.hpp
-- Installing: /home/vx792/ros2_ws/src/ros-controls/ros2_control/install/hardware_interface/include/hardware_interface/types/hardware_interface_return_values.hpp
-- Installing: /home/vx792/ros2_ws/src/ros-controls/ros2_control/install/hardware_interface/include/hardware_interface/visibility_control.h
-- Installing: /home/vx792/ros2_ws/src/ros-controls/ros2_control/install/hardware_interface/include/hardware_interface/handle.hpp
-- Installing: /home/vx792/ros2_ws/src/ros-controls/ros2_control/install/hardware_interface/include/hardware_interface/hardware_component_info.hpp
-- Installing: /home/vx792/ros2_ws/src/ros-controls/ros2_control/install/hardware_interface/include/hardware_interface/system.hpp
-- Installing: /home/vx792/ros2_ws/src/ros-controls/ros2_control/install/hardware_interface/include/hardware_interface/hardware_info.hpp
-- Installing: /home/vx792/ros2_ws/src/ros-controls/ros2_control/install/hardware_interface/lib/libfake_components.so
-- Set runtime path of "/home/vx792/ros2_ws/src/ros-controls/ros2_control/install/hardware_interface/lib/libfake_components.so" to ""
-- Installing: /home/vx792/ros2_ws/src/ros-controls/ros2_control/install/hardware_interface/lib/libmock_components.so
-- Set runtime path of "/home/vx792/ros2_ws/src/ros-controls/ros2_control/install/hardware_interface/lib/libmock_components.so" to ""
-- Installing: /home/vx792/ros2_ws/src/ros-controls/ros2_control/install/hardware_interface/lib/libhardware_interface.so
-- Set runtime path of "/home/vx792/ros2_ws/src/ros-controls/ros2_control/install/hardware_interface/lib/libhardware_interface.so" to ""
-- Installing: /home/vx792/ros2_ws/src/ros-controls/ros2_control/install/hardware_interface/lib/libtest_components.so
-- Set runtime path of "/home/vx792/ros2_ws/src/ros-controls/ros2_control/install/hardware_interface/lib/libtest_components.so" to ""
-- Installing: /home/vx792/ros2_ws/src/ros-controls/ros2_control/install/hardware_interface/share/hardware_interface/test/test_components/test_components.xml
-- Installing: /home/vx792/ros2_ws/src/ros-controls/ros2_control/install/hardware_interface/lib/libtest_hardware_components.so
-- Set runtime path of "/home/vx792/ros2_ws/src/ros-controls/ros2_control/install/hardware_interface/lib/libtest_hardware_components.so" to ""
-- Installing: /home/vx792/ros2_ws/src/ros-controls/ros2_control/install/hardware_interface/share/hardware_interface/test/test_hardware_components/test_hardware_components.xml
-- Installing: /home/vx792/ros2_ws/src/ros-controls/ros2_control/install/hardware_interface/share/hardware_interface/environment/library_path.sh
-- Installing: /home/vx792/ros2_ws/src/ros-controls/ros2_control/install/hardware_interface/share/hardware_interface/environment/library_path.dsv
-- Installing: /home/vx792/ros2_ws/src/ros-controls/ros2_control/install/hardware_interface/share/ament_index/resource_index/package_run_dependencies/hardware_interface
-- Installing: /home/vx792/ros2_ws/src/ros-controls/ros2_control/install/hardware_interface/share/ament_index/resource_index/parent_prefix_path/hardware_interface
-- Installing: /home/vx792/ros2_ws/src/ros-controls/ros2_control/install/hardware_interface/share/hardware_interface/environment/ament_prefix_path.sh
-- Installing: /home/vx792/ros2_ws/src/ros-controls/ros2_control/install/hardware_interface/share/hardware_interface/environment/ament_prefix_path.dsv
-- Installing: /home/vx792/ros2_ws/src/ros-controls/ros2_control/install/hardware_interface/share/hardware_interface/environment/path.sh
-- Installing: /home/vx792/ros2_ws/src/ros-controls/ros2_control/install/hardware_interface/share/hardware_interface/environment/path.dsv
-- Installing: /home/vx792/ros2_ws/src/ros-controls/ros2_control/install/hardware_interface/share/hardware_interface/local_setup.bash
-- Installing: /home/vx792/ros2_ws/src/ros-controls/ros2_control/install/hardware_interface/share/hardware_interface/local_setup.sh
-- Installing: /home/vx792/ros2_ws/src/ros-controls/ros2_control/install/hardware_interface/share/hardware_interface/local_setup.zsh
-- Installing: /home/vx792/ros2_ws/src/ros-controls/ros2_control/install/hardware_interface/share/hardware_interface/local_setup.dsv
-- Installing: /home/vx792/ros2_ws/src/ros-controls/ros2_control/install/hardware_interface/share/hardware_interface/package.dsv
-- Installing: /home/vx792/ros2_ws/src/ros-controls/ros2_control/install/hardware_interface/share/ament_index/resource_index/packages/hardware_interface
-- Installing: /home/vx792/ros2_ws/src/ros-controls/ros2_control/install/hardware_interface/share/ament_index/resource_index/hardware_interface__pluginlib__plugin/hardware_interface
-- Installing: /home/vx792/ros2_ws/src/ros-controls/ros2_control/install/hardware_interface/share/hardware_interface/cmake/ament_cmake_export_include_directories-extras.cmake
-- Installing: /home/vx792/ros2_ws/src/ros-controls/ros2_control/install/hardware_interface/share/hardware_interface/cmake/ament_cmake_export_libraries-extras.cmake
-- Installing: /home/vx792/ros2_ws/src/ros-controls/ros2_control/install/hardware_interface/share/hardware_interface/cmake/ament_cmake_export_dependencies-extras.cmake
-- Installing: /home/vx792/ros2_ws/src/ros-controls/ros2_control/install/hardware_interface/share/hardware_interface/cmake/hardware_interfaceConfig.cmake
-- Installing: /home/vx792/ros2_ws/src/ros-controls/ros2_control/install/hardware_interface/share/hardware_interface/cmake/hardware_interfaceConfig-version.cmake
-- Installing: /home/vx792/ros2_ws/src/ros-controls/ros2_control/install/hardware_interface/share/hardware_interface/package.xml
