[0.040s] Invoking command in '/home/vx792/ros2_ws/src/ros-controls/ros2_control/build/hardware_interface': AMENT_PREFIX_PATH=/home/vx792/ros2_ws/src/ros-controls/ros2_control/install/ros2_control_test_assets:${AMENT_PREFIX_PATH} CMAKE_PREFIX_PATH=/home/vx792/ros2_ws/src/ros-controls/ros2_control/install/ros2_control_test_assets:/home/vx792/ros2_ws/src/ros-controls/install/gazebo_ros2_control_demos:/home/vx792/ros2_ws/src/ros-controls/install/ros2_controllers:/home/vx792/ros2_ws/src/ros-controls/install/velocity_controllers:/home/vx792/ros2_ws/src/ros-controls/install/ros2_control:/home/vx792/ros2_ws/src/ros-controls/install/transmission_interface:/home/vx792/ros2_ws/src/ros-controls/install/ros2_control_demos:/home/vx792/ros2_ws/src/ros-controls/install/ros2_control_demo_bringup:/home/vx792/ros2_ws/src/ros-controls/install/rrbot_description:/home/vx792/ros2_ws/src/ros-controls/install/gazebo_ros2_control:/home/vx792/ros2_ws/src/ros-controls/install/controller_manager:/home/vx792/ros2_ws/src/ros-controls/install/ros2_control_test_assets:/home/vx792/ros2_ws/src/ros-controls/install/ros2_control_demo_hardware:/home/vx792/ros2_ws/src/ros-controls/install/position_controllers:/home/vx792/ros2_ws/src/ros-controls/install/joint_trajectory_controller:/home/vx792/ros2_ws/src/ros-controls/install/joint_state_broadcaster:/home/vx792/ros2_ws/src/ros-controls/install/joint_limits:/home/vx792/ros2_ws/src/ros-controls/install/imu_sensor_broadcaster:/home/vx792/ros2_ws/src/ros-controls/install/gripper_controllers:/home/vx792/ros2_ws/src/ros-controls/install/effort_controllers:/home/vx792/ros2_ws/src/ros-controls/install/forward_command_controller:/home/vx792/ros2_ws/src/ros-controls/install/force_torque_sensor_broadcaster:/home/vx792/ros2_ws/src/ros-controls/install/diff_drive_controller:/home/vx792/ros2_ws/src/ros-controls/install/controller_interface:/home/vx792/ros2_ws/src/ros-controls/install/hardware_interface:/home/vx792/ros2_ws/src/ros-controls/install/diffbot_description:/home/vx792/ros2_ws/src/ros-controls/install/controller_manager_msgs:/home/vx792/ros2_ws/src/ros-controls/install/ros2controlcli:/home/vx792/ros2_ws/src/ros-controls/install/ros2_controllers_test_nodes:/home/vx792/ros2_ws/src/ros-controls/install/ros2_control_test_nodes:/opt/ros/rolling /usr/bin/cmake /home/vx792/ros2_ws/src/ros-controls/ros2_control/hardware_interface -DCMAKE_INSTALL_PREFIX=/home/vx792/ros2_ws/src/ros-controls/ros2_control/install/hardware_interface
[0.198s] -- The C compiler identification is GNU 9.4.0
[0.401s] -- The CXX compiler identification is GNU 9.4.0
[0.429s] -- Check for working C compiler: /usr/bin/cc
[0.641s] -- Check for working C compiler: /usr/bin/cc -- works
[0.646s] -- Detecting C compiler ABI info
[0.876s] -- Detecting C compiler ABI info - done
[0.901s] -- Detecting C compile features
[0.907s] -- Detecting C compile features - done
[0.910s] -- Check for working CXX compiler: /usr/bin/c++
[1.063s] -- Check for working CXX compiler: /usr/bin/c++ -- works
[1.067s] -- Detecting CXX compiler ABI info
[1.196s] -- Detecting CXX compiler ABI info - done
[1.221s] -- Detecting CXX compile features
[1.222s] -- Detecting CXX compile features - done
[1.228s] -- Found ament_cmake: 1.2.1 (/opt/ros/rolling/share/ament_cmake/cmake)
[1.594s] -- Found Python3: /usr/bin/python3.8 (found version "3.8.10") found components: Interpreter 
[1.938s] -- Found control_msgs: 3.0.0 (/opt/ros/rolling/share/control_msgs/cmake)
[2.207s] -- Using all available rosidl_typesupport_c: rosidl_typesupport_fastrtps_c;rosidl_typesupport_introspection_c
[2.252s] -- Found rosidl_adapter: 3.0.1 (/opt/ros/rolling/share/rosidl_adapter/cmake)
[2.471s] -- Using all available rosidl_typesupport_cpp: rosidl_typesupport_fastrtps_cpp;rosidl_typesupport_introspection_cpp
[4.045s] -- Found lifecycle_msgs: 1.1.0 (/opt/ros/rolling/share/lifecycle_msgs/cmake)
[4.070s] -- Found pluginlib: 5.1.0 (/opt/ros/rolling/share/pluginlib/cmake)
[4.140s] -- Found rclcpp_lifecycle: 15.0.0 (/opt/ros/rolling/share/rclcpp_lifecycle/cmake)
[4.483s] -- Found rmw_implementation_cmake: 5.1.0 (/opt/ros/rolling/share/rmw_implementation_cmake/cmake)
[4.508s] -- Found rmw_cyclonedds_cpp: 1.1.2 (/opt/ros/rolling/share/rmw_cyclonedds_cpp/cmake)
[4.598s] -- Using RMW implementation 'rmw_cyclonedds_cpp' as default
[5.539s] -- Found TinyXML2: /usr/lib/x86_64-linux-gnu/libtinyxml2.so  
[5.620s] -- Found ament_cmake_gmock: 1.2.1 (/opt/ros/rolling/share/ament_cmake_gmock/cmake)
[5.628s] -- Found ros2_control_test_assets: 2.12.1 (/home/vx792/ros2_ws/src/ros-controls/ros2_control/install/ros2_control_test_assets/share/ros2_control_test_assets/cmake)
[5.667s] -- Found gmock sources under '/opt/ros/rolling/src/gmock_vendor': C++ tests using 'Google Mock' will be built
[5.716s] -- Found ament_cmake_gtest: 1.2.1 (/opt/ros/rolling/share/ament_cmake_gtest/cmake)
[5.724s] -- Found gtest sources under '/opt/ros/rolling/src/gtest_vendor': C++ tests using 'Google Test' will be built
[6.408s] -- Configuring done
[7.064s] -- Generating done
[7.075s] -- Build files have been written to: /home/vx792/ros2_ws/src/ros-controls/ros2_control/build/hardware_interface
[7.141s] Invoked command in '/home/vx792/ros2_ws/src/ros-controls/ros2_control/build/hardware_interface' returned '0': AMENT_PREFIX_PATH=/home/vx792/ros2_ws/src/ros-controls/ros2_control/install/ros2_control_test_assets:${AMENT_PREFIX_PATH} CMAKE_PREFIX_PATH=/home/vx792/ros2_ws/src/ros-controls/ros2_control/install/ros2_control_test_assets:/home/vx792/ros2_ws/src/ros-controls/install/gazebo_ros2_control_demos:/home/vx792/ros2_ws/src/ros-controls/install/ros2_controllers:/home/vx792/ros2_ws/src/ros-controls/install/velocity_controllers:/home/vx792/ros2_ws/src/ros-controls/install/ros2_control:/home/vx792/ros2_ws/src/ros-controls/install/transmission_interface:/home/vx792/ros2_ws/src/ros-controls/install/ros2_control_demos:/home/vx792/ros2_ws/src/ros-controls/install/ros2_control_demo_bringup:/home/vx792/ros2_ws/src/ros-controls/install/rrbot_description:/home/vx792/ros2_ws/src/ros-controls/install/gazebo_ros2_control:/home/vx792/ros2_ws/src/ros-controls/install/controller_manager:/home/vx792/ros2_ws/src/ros-controls/install/ros2_control_test_assets:/home/vx792/ros2_ws/src/ros-controls/install/ros2_control_demo_hardware:/home/vx792/ros2_ws/src/ros-controls/install/position_controllers:/home/vx792/ros2_ws/src/ros-controls/install/joint_trajectory_controller:/home/vx792/ros2_ws/src/ros-controls/install/joint_state_broadcaster:/home/vx792/ros2_ws/src/ros-controls/install/joint_limits:/home/vx792/ros2_ws/src/ros-controls/install/imu_sensor_broadcaster:/home/vx792/ros2_ws/src/ros-controls/install/gripper_controllers:/home/vx792/ros2_ws/src/ros-controls/install/effort_controllers:/home/vx792/ros2_ws/src/ros-controls/install/forward_command_controller:/home/vx792/ros2_ws/src/ros-controls/install/force_torque_sensor_broadcaster:/home/vx792/ros2_ws/src/ros-controls/install/diff_drive_controller:/home/vx792/ros2_ws/src/ros-controls/install/controller_interface:/home/vx792/ros2_ws/src/ros-controls/install/hardware_interface:/home/vx792/ros2_ws/src/ros-controls/install/diffbot_description:/home/vx792/ros2_ws/src/ros-controls/install/controller_manager_msgs:/home/vx792/ros2_ws/src/ros-controls/install/ros2controlcli:/home/vx792/ros2_ws/src/ros-controls/install/ros2_controllers_test_nodes:/home/vx792/ros2_ws/src/ros-controls/install/ros2_control_test_nodes:/opt/ros/rolling /usr/bin/cmake /home/vx792/ros2_ws/src/ros-controls/ros2_control/hardware_interface -DCMAKE_INSTALL_PREFIX=/home/vx792/ros2_ws/src/ros-controls/ros2_control/install/hardware_interface
[7.145s] Invoking command in '/home/vx792/ros2_ws/src/ros-controls/ros2_control/build/hardware_interface': AMENT_PREFIX_PATH=/home/vx792/ros2_ws/src/ros-controls/ros2_control/install/ros2_control_test_assets:${AMENT_PREFIX_PATH} CMAKE_PREFIX_PATH=/home/vx792/ros2_ws/src/ros-controls/ros2_control/install/ros2_control_test_assets:/home/vx792/ros2_ws/src/ros-controls/install/gazebo_ros2_control_demos:/home/vx792/ros2_ws/src/ros-controls/install/ros2_controllers:/home/vx792/ros2_ws/src/ros-controls/install/velocity_controllers:/home/vx792/ros2_ws/src/ros-controls/install/ros2_control:/home/vx792/ros2_ws/src/ros-controls/install/transmission_interface:/home/vx792/ros2_ws/src/ros-controls/install/ros2_control_demos:/home/vx792/ros2_ws/src/ros-controls/install/ros2_control_demo_bringup:/home/vx792/ros2_ws/src/ros-controls/install/rrbot_description:/home/vx792/ros2_ws/src/ros-controls/install/gazebo_ros2_control:/home/vx792/ros2_ws/src/ros-controls/install/controller_manager:/home/vx792/ros2_ws/src/ros-controls/install/ros2_control_test_assets:/home/vx792/ros2_ws/src/ros-controls/install/ros2_control_demo_hardware:/home/vx792/ros2_ws/src/ros-controls/install/position_controllers:/home/vx792/ros2_ws/src/ros-controls/install/joint_trajectory_controller:/home/vx792/ros2_ws/src/ros-controls/install/joint_state_broadcaster:/home/vx792/ros2_ws/src/ros-controls/install/joint_limits:/home/vx792/ros2_ws/src/ros-controls/install/imu_sensor_broadcaster:/home/vx792/ros2_ws/src/ros-controls/install/gripper_controllers:/home/vx792/ros2_ws/src/ros-controls/install/effort_controllers:/home/vx792/ros2_ws/src/ros-controls/install/forward_command_controller:/home/vx792/ros2_ws/src/ros-controls/install/force_torque_sensor_broadcaster:/home/vx792/ros2_ws/src/ros-controls/install/diff_drive_controller:/home/vx792/ros2_ws/src/ros-controls/install/controller_interface:/home/vx792/ros2_ws/src/ros-controls/install/hardware_interface:/home/vx792/ros2_ws/src/ros-controls/install/diffbot_description:/home/vx792/ros2_ws/src/ros-controls/install/controller_manager_msgs:/home/vx792/ros2_ws/src/ros-controls/install/ros2controlcli:/home/vx792/ros2_ws/src/ros-controls/install/ros2_controllers_test_nodes:/home/vx792/ros2_ws/src/ros-controls/install/ros2_control_test_nodes:/opt/ros/rolling /usr/bin/cmake --build /home/vx792/ros2_ws/src/ros-controls/ros2_control/build/hardware_interface -- -j2 -l2
[7.530s] [35m[1mScanning dependencies of target hardware_interface[0m
[7.533s] [35m[1mScanning dependencies of target gmock[0m
[7.766s] [  2%] [32mBuilding CXX object gmock/CMakeFiles/gmock.dir/opt/ros/rolling/src/gtest_vendor/src/gtest-all.cc.o[0m
[7.767s] [  5%] [32mBuilding CXX object CMakeFiles/hardware_interface.dir/src/actuator.cpp.o[0m
[13.217s] [  8%] [32mBuilding CXX object CMakeFiles/hardware_interface.dir/src/component_parser.cpp.o[0m
[22.369s] [ 10%] [32mBuilding CXX object gmock/CMakeFiles/gmock.dir/src/gmock-all.cc.o[0m
[24.059s] [ 13%] [32mBuilding CXX object CMakeFiles/hardware_interface.dir/src/resource_manager.cpp.o[0m
[28.760s] [ 16%] [32m[1mLinking CXX static library libgmock.a[0m
[29.103s] [ 16%] Built target gmock
[38.966s] [ 18%] [32mBuilding CXX object CMakeFiles/hardware_interface.dir/src/sensor.cpp.o[0m
[41.255s] [ 21%] [32mBuilding CXX object CMakeFiles/hardware_interface.dir/src/system.cpp.o[0m
[43.418s] [ 24%] [32m[1mLinking CXX shared library libhardware_interface.so[0m
[44.137s] [ 24%] Built target hardware_interface
[44.186s] [35m[1mScanning dependencies of target gmock_main[0m
[44.254s] [ 27%] [32mBuilding CXX object gmock/CMakeFiles/gmock_main.dir/src/gmock_main.cc.o[0m
[46.416s] [ 29%] [32m[1mLinking CXX static library libgmock_main.a[0m
[46.561s] [ 29%] Built target gmock_main
[46.617s] [35m[1mScanning dependencies of target fake_components[0m
[46.707s] [ 32%] [32mBuilding CXX object CMakeFiles/fake_components.dir/src/mock_components/generic_system.cpp.o[0m
[51.220s] [ 35%] [32mBuilding CXX object CMakeFiles/fake_components.dir/src/mock_components/fake_generic_system.cpp.o[0m
[55.087s] [ 37%] [32m[1mLinking CXX shared library libfake_components.so[0m
[55.580s] [ 37%] Built target fake_components
[55.596s] [35m[1mScanning dependencies of target test_components[0m
[55.691s] [ 40%] [32mBuilding CXX object CMakeFiles/test_components.dir/test/test_components/test_actuator.cpp.o[0m
[59.237s] [ 43%] [32mBuilding CXX object CMakeFiles/test_components.dir/test/test_components/test_sensor.cpp.o[0m
[62.653s] [ 45%] [32mBuilding CXX object CMakeFiles/test_components.dir/test/test_components/test_system.cpp.o[0m
[66.646s] [ 48%] [32m[1mLinking CXX shared library libtest_components.so[0m
[67.539s] [ 48%] Built target test_components
[67.598s] [35m[1mScanning dependencies of target test_hardware_components[0m
[67.746s] [ 51%] [32mBuilding CXX object CMakeFiles/test_hardware_components.dir/test/test_hardware_components/test_single_joint_actuator.cpp.o[0m
[72.690s] [ 54%] [32mBuilding CXX object CMakeFiles/test_hardware_components.dir/test/test_hardware_components/test_force_torque_sensor.cpp.o[0m
[77.495s] [ 56%] [32mBuilding CXX object CMakeFiles/test_hardware_components.dir/test/test_hardware_components/test_two_joint_system.cpp.o[0m
[81.299s] [ 59%] [32mBuilding CXX object CMakeFiles/test_hardware_components.dir/test/test_hardware_components/test_system_with_command_modes.cpp.o[0m
[85.739s] [ 62%] [32m[1mLinking CXX shared library libtest_hardware_components.so[0m
[86.439s] [ 62%] Built target test_hardware_components
[86.486s] [35m[1mScanning dependencies of target test_generic_system[0m
[86.685s] [ 64%] [32mBuilding CXX object CMakeFiles/test_generic_system.dir/test/mock_components/test_generic_system.cpp.o[0m
[96.023s] [ 67%] [32m[1mLinking CXX executable test_generic_system[0m
[97.476s] [ 67%] Built target test_generic_system
[97.507s] [35m[1mScanning dependencies of target mock_components[0m
[97.565s] [ 70%] [32mBuilding CXX object CMakeFiles/mock_components.dir/src/mock_components/generic_system.cpp.o[0m
[101.151s] [ 72%] [32m[1mLinking CXX shared library libmock_components.so[0m
[101.530s] [ 72%] Built target mock_components
[101.570s] [35m[1mScanning dependencies of target test_macros[0m
[101.634s] [ 75%] [32mBuilding CXX object CMakeFiles/test_macros.dir/test/test_macros.cpp.o[0m
[104.443s] [ 78%] [32m[1mLinking CXX executable test_macros[0m
[105.010s] [ 78%] Built target test_macros
[105.040s] [35m[1mScanning dependencies of target test_resource_manager[0m
[105.163s] [ 81%] [32mBuilding CXX object CMakeFiles/test_resource_manager.dir/test/test_resource_manager.cpp.o[0m
[115.277s] [ 83%] [32m[1mLinking CXX executable test_resource_manager[0m
[116.191s] [ 83%] Built target test_resource_manager
[116.206s] [35m[1mScanning dependencies of target test_component_interfaces[0m
[116.263s] [ 86%] [32mBuilding CXX object CMakeFiles/test_component_interfaces.dir/test/test_component_interfaces.cpp.o[0m
[124.976s] [ 89%] [32m[1mLinking CXX executable test_component_interfaces[0m
[125.806s] [ 89%] Built target test_component_interfaces
[125.847s] [35m[1mScanning dependencies of target test_joint_handle[0m
[125.962s] [ 91%] [32mBuilding CXX object CMakeFiles/test_joint_handle.dir/test/test_handle.cpp.o[0m
[130.246s] [ 94%] [32m[1mLinking CXX executable test_joint_handle[0m
[130.799s] [ 94%] Built target test_joint_handle
[130.860s] [35m[1mScanning dependencies of target test_component_parser[0m
[130.937s] [ 97%] [32mBuilding CXX object CMakeFiles/test_component_parser.dir/test/test_component_parser.cpp.o[0m
[138.560s] [100%] [32m[1mLinking CXX executable test_component_parser[0m
[139.289s] [100%] Built target test_component_parser
[139.334s] Invoked command in '/home/vx792/ros2_ws/src/ros-controls/ros2_control/build/hardware_interface' returned '0': AMENT_PREFIX_PATH=/home/vx792/ros2_ws/src/ros-controls/ros2_control/install/ros2_control_test_assets:${AMENT_PREFIX_PATH} CMAKE_PREFIX_PATH=/home/vx792/ros2_ws/src/ros-controls/ros2_control/install/ros2_control_test_assets:/home/vx792/ros2_ws/src/ros-controls/install/gazebo_ros2_control_demos:/home/vx792/ros2_ws/src/ros-controls/install/ros2_controllers:/home/vx792/ros2_ws/src/ros-controls/install/velocity_controllers:/home/vx792/ros2_ws/src/ros-controls/install/ros2_control:/home/vx792/ros2_ws/src/ros-controls/install/transmission_interface:/home/vx792/ros2_ws/src/ros-controls/install/ros2_control_demos:/home/vx792/ros2_ws/src/ros-controls/install/ros2_control_demo_bringup:/home/vx792/ros2_ws/src/ros-controls/install/rrbot_description:/home/vx792/ros2_ws/src/ros-controls/install/gazebo_ros2_control:/home/vx792/ros2_ws/src/ros-controls/install/controller_manager:/home/vx792/ros2_ws/src/ros-controls/install/ros2_control_test_assets:/home/vx792/ros2_ws/src/ros-controls/install/ros2_control_demo_hardware:/home/vx792/ros2_ws/src/ros-controls/install/position_controllers:/home/vx792/ros2_ws/src/ros-controls/install/joint_trajectory_controller:/home/vx792/ros2_ws/src/ros-controls/install/joint_state_broadcaster:/home/vx792/ros2_ws/src/ros-controls/install/joint_limits:/home/vx792/ros2_ws/src/ros-controls/install/imu_sensor_broadcaster:/home/vx792/ros2_ws/src/ros-controls/install/gripper_controllers:/home/vx792/ros2_ws/src/ros-controls/install/effort_controllers:/home/vx792/ros2_ws/src/ros-controls/install/forward_command_controller:/home/vx792/ros2_ws/src/ros-controls/install/force_torque_sensor_broadcaster:/home/vx792/ros2_ws/src/ros-controls/install/diff_drive_controller:/home/vx792/ros2_ws/src/ros-controls/install/controller_interface:/home/vx792/ros2_ws/src/ros-controls/install/hardware_interface:/home/vx792/ros2_ws/src/ros-controls/install/diffbot_description:/home/vx792/ros2_ws/src/ros-controls/install/controller_manager_msgs:/home/vx792/ros2_ws/src/ros-controls/install/ros2controlcli:/home/vx792/ros2_ws/src/ros-controls/install/ros2_controllers_test_nodes:/home/vx792/ros2_ws/src/ros-controls/install/ros2_control_test_nodes:/opt/ros/rolling /usr/bin/cmake --build /home/vx792/ros2_ws/src/ros-controls/ros2_control/build/hardware_interface -- -j2 -l2
[139.689s] Invoking command in '/home/vx792/ros2_ws/src/ros-controls/ros2_control/build/hardware_interface': AMENT_PREFIX_PATH=/home/vx792/ros2_ws/src/ros-controls/ros2_control/install/ros2_control_test_assets:${AMENT_PREFIX_PATH} CMAKE_PREFIX_PATH=/home/vx792/ros2_ws/src/ros-controls/ros2_control/install/ros2_control_test_assets:/home/vx792/ros2_ws/src/ros-controls/install/gazebo_ros2_control_demos:/home/vx792/ros2_ws/src/ros-controls/install/ros2_controllers:/home/vx792/ros2_ws/src/ros-controls/install/velocity_controllers:/home/vx792/ros2_ws/src/ros-controls/install/ros2_control:/home/vx792/ros2_ws/src/ros-controls/install/transmission_interface:/home/vx792/ros2_ws/src/ros-controls/install/ros2_control_demos:/home/vx792/ros2_ws/src/ros-controls/install/ros2_control_demo_bringup:/home/vx792/ros2_ws/src/ros-controls/install/rrbot_description:/home/vx792/ros2_ws/src/ros-controls/install/gazebo_ros2_control:/home/vx792/ros2_ws/src/ros-controls/install/controller_manager:/home/vx792/ros2_ws/src/ros-controls/install/ros2_control_test_assets:/home/vx792/ros2_ws/src/ros-controls/install/ros2_control_demo_hardware:/home/vx792/ros2_ws/src/ros-controls/install/position_controllers:/home/vx792/ros2_ws/src/ros-controls/install/joint_trajectory_controller:/home/vx792/ros2_ws/src/ros-controls/install/joint_state_broadcaster:/home/vx792/ros2_ws/src/ros-controls/install/joint_limits:/home/vx792/ros2_ws/src/ros-controls/install/imu_sensor_broadcaster:/home/vx792/ros2_ws/src/ros-controls/install/gripper_controllers:/home/vx792/ros2_ws/src/ros-controls/install/effort_controllers:/home/vx792/ros2_ws/src/ros-controls/install/forward_command_controller:/home/vx792/ros2_ws/src/ros-controls/install/force_torque_sensor_broadcaster:/home/vx792/ros2_ws/src/ros-controls/install/diff_drive_controller:/home/vx792/ros2_ws/src/ros-controls/install/controller_interface:/home/vx792/ros2_ws/src/ros-controls/install/hardware_interface:/home/vx792/ros2_ws/src/ros-controls/install/diffbot_description:/home/vx792/ros2_ws/src/ros-controls/install/controller_manager_msgs:/home/vx792/ros2_ws/src/ros-controls/install/ros2controlcli:/home/vx792/ros2_ws/src/ros-controls/install/ros2_controllers_test_nodes:/home/vx792/ros2_ws/src/ros-controls/install/ros2_control_test_nodes:/opt/ros/rolling /usr/bin/cmake --install /home/vx792/ros2_ws/src/ros-controls/ros2_control/build/hardware_interface
[139.717s] -- Install configuration: ""
[139.718s] -- Installing: /home/vx792/ros2_ws/src/ros-controls/ros2_control/install/hardware_interface/share/hardware_interface/mock_components_plugin_description.xml
[139.719s] -- Installing: /home/vx792/ros2_ws/src/ros-controls/ros2_control/install/hardware_interface/share/hardware_interface/fake_components_plugin_description.xml
[139.719s] -- Installing: /home/vx792/ros2_ws/src/ros-controls/ros2_control/install/hardware_interface/include
[139.719s] -- Installing: /home/vx792/ros2_ws/src/ros-controls/ros2_control/install/hardware_interface/include/mock_components
[139.719s] -- Installing: /home/vx792/ros2_ws/src/ros-controls/ros2_control/install/hardware_interface/include/mock_components/visibility_control.h
[139.720s] -- Installing: /home/vx792/ros2_ws/src/ros-controls/ros2_control/install/hardware_interface/include/mock_components/generic_system.hpp
[139.720s] -- Installing: /home/vx792/ros2_ws/src/ros-controls/ros2_control/install/hardware_interface/include/fake_components
[139.720s] -- Installing: /home/vx792/ros2_ws/src/ros-controls/ros2_control/install/hardware_interface/include/fake_components/visibility_control.h
[139.721s] -- Installing: /home/vx792/ros2_ws/src/ros-controls/ros2_control/install/hardware_interface/include/fake_components/generic_system.hpp
[139.724s] -- Installing: /home/vx792/ros2_ws/src/ros-controls/ros2_control/install/hardware_interface/include/hardware_interface
[139.724s] -- Installing: /home/vx792/ros2_ws/src/ros-controls/ros2_control/install/hardware_interface/include/hardware_interface/actuator_interface.hpp
[139.724s] -- Installing: /home/vx792/ros2_ws/src/ros-controls/ros2_control/install/hardware_interface/include/hardware_interface/loaned_command_interface.hpp
[139.724s] -- Installing: /home/vx792/ros2_ws/src/ros-controls/ros2_control/install/hardware_interface/include/hardware_interface/component_parser.hpp
[139.725s] -- Installing: /home/vx792/ros2_ws/src/ros-controls/ros2_control/install/hardware_interface/include/hardware_interface/sensor_interface.hpp
[139.725s] -- Installing: /home/vx792/ros2_ws/src/ros-controls/ros2_control/install/hardware_interface/include/hardware_interface/sensor.hpp
[139.725s] -- Installing: /home/vx792/ros2_ws/src/ros-controls/ros2_control/install/hardware_interface/include/hardware_interface/actuator.hpp
[139.725s] -- Installing: /home/vx792/ros2_ws/src/ros-controls/ros2_control/install/hardware_interface/include/hardware_interface/loaned_state_interface.hpp
[139.725s] -- Installing: /home/vx792/ros2_ws/src/ros-controls/ros2_control/install/hardware_interface/include/hardware_interface/system_interface.hpp
[139.725s] -- Installing: /home/vx792/ros2_ws/src/ros-controls/ros2_control/install/hardware_interface/include/hardware_interface/resource_manager.hpp
[139.725s] -- Installing: /home/vx792/ros2_ws/src/ros-controls/ros2_control/install/hardware_interface/include/hardware_interface/controller_info.hpp
[139.725s] -- Installing: /home/vx792/ros2_ws/src/ros-controls/ros2_control/install/hardware_interface/include/hardware_interface/macros.hpp
[139.731s] -- Installing: /home/vx792/ros2_ws/src/ros-controls/ros2_control/install/hardware_interface/include/hardware_interface/types
[139.731s] -- Installing: /home/vx792/ros2_ws/src/ros-controls/ros2_control/install/hardware_interface/include/hardware_interface/types/hardware_interface_type_values.hpp
[139.731s] -- Installing: /home/vx792/ros2_ws/src/ros-controls/ros2_control/install/hardware_interface/include/hardware_interface/types/lifecycle_state_names.hpp
[139.731s] -- Installing: /home/vx792/ros2_ws/src/ros-controls/ros2_control/install/hardware_interface/include/hardware_interface/types/hardware_interface_return_values.hpp
[139.731s] -- Installing: /home/vx792/ros2_ws/src/ros-controls/ros2_control/install/hardware_interface/include/hardware_interface/visibility_control.h
[139.731s] -- Installing: /home/vx792/ros2_ws/src/ros-controls/ros2_control/install/hardware_interface/include/hardware_interface/handle.hpp
[139.731s] -- Installing: /home/vx792/ros2_ws/src/ros-controls/ros2_control/install/hardware_interface/include/hardware_interface/hardware_component_info.hpp
[139.731s] -- Installing: /home/vx792/ros2_ws/src/ros-controls/ros2_control/install/hardware_interface/include/hardware_interface/system.hpp
[139.732s] -- Installing: /home/vx792/ros2_ws/src/ros-controls/ros2_control/install/hardware_interface/include/hardware_interface/hardware_info.hpp
[139.732s] -- Installing: /home/vx792/ros2_ws/src/ros-controls/ros2_control/install/hardware_interface/lib/libfake_components.so
[139.738s] -- Set runtime path of "/home/vx792/ros2_ws/src/ros-controls/ros2_control/install/hardware_interface/lib/libfake_components.so" to ""
[139.777s] -- Installing: /home/vx792/ros2_ws/src/ros-controls/ros2_control/install/hardware_interface/lib/libmock_components.so
[139.777s] -- Set runtime path of "/home/vx792/ros2_ws/src/ros-controls/ros2_control/install/hardware_interface/lib/libmock_components.so" to ""
[139.777s] -- Installing: /home/vx792/ros2_ws/src/ros-controls/ros2_control/install/hardware_interface/lib/libhardware_interface.so
[139.777s] -- Set runtime path of "/home/vx792/ros2_ws/src/ros-controls/ros2_control/install/hardware_interface/lib/libhardware_interface.so" to ""
[139.778s] -- Installing: /home/vx792/ros2_ws/src/ros-controls/ros2_control/install/hardware_interface/lib/libtest_components.so
[139.778s] -- Set runtime path of "/home/vx792/ros2_ws/src/ros-controls/ros2_control/install/hardware_interface/lib/libtest_components.so" to ""
[139.778s] -- Installing: /home/vx792/ros2_ws/src/ros-controls/ros2_control/install/hardware_interface/share/hardware_interface/test/test_components/test_components.xml
[139.778s] -- Installing: /home/vx792/ros2_ws/src/ros-controls/ros2_control/install/hardware_interface/lib/libtest_hardware_components.so
[139.778s] -- Set runtime path of "/home/vx792/ros2_ws/src/ros-controls/ros2_control/install/hardware_interface/lib/libtest_hardware_components.so" to ""
[139.778s] -- Installing: /home/vx792/ros2_ws/src/ros-controls/ros2_control/install/hardware_interface/share/hardware_interface/test/test_hardware_components/test_hardware_components.xml
[139.778s] -- Installing: /home/vx792/ros2_ws/src/ros-controls/ros2_control/install/hardware_interface/share/hardware_interface/environment/library_path.sh
[139.778s] -- Installing: /home/vx792/ros2_ws/src/ros-controls/ros2_control/install/hardware_interface/share/hardware_interface/environment/library_path.dsv
[139.778s] -- Installing: /home/vx792/ros2_ws/src/ros-controls/ros2_control/install/hardware_interface/share/ament_index/resource_index/package_run_dependencies/hardware_interface
[139.779s] -- Installing: /home/vx792/ros2_ws/src/ros-controls/ros2_control/install/hardware_interface/share/ament_index/resource_index/parent_prefix_path/hardware_interface
[139.779s] -- Installing: /home/vx792/ros2_ws/src/ros-controls/ros2_control/install/hardware_interface/share/hardware_interface/environment/ament_prefix_path.sh
[139.779s] -- Installing: /home/vx792/ros2_ws/src/ros-controls/ros2_control/install/hardware_interface/share/hardware_interface/environment/ament_prefix_path.dsv
[139.779s] -- Installing: /home/vx792/ros2_ws/src/ros-controls/ros2_control/install/hardware_interface/share/hardware_interface/environment/path.sh
[139.785s] -- Installing: /home/vx792/ros2_ws/src/ros-controls/ros2_control/install/hardware_interface/share/hardware_interface/environment/path.dsv
[139.785s] -- Installing: /home/vx792/ros2_ws/src/ros-controls/ros2_control/install/hardware_interface/share/hardware_interface/local_setup.bash
[139.785s] -- Installing: /home/vx792/ros2_ws/src/ros-controls/ros2_control/install/hardware_interface/share/hardware_interface/local_setup.sh
[139.785s] -- Installing: /home/vx792/ros2_ws/src/ros-controls/ros2_control/install/hardware_interface/share/hardware_interface/local_setup.zsh
[139.785s] -- Installing: /home/vx792/ros2_ws/src/ros-controls/ros2_control/install/hardware_interface/share/hardware_interface/local_setup.dsv
[139.785s] -- Installing: /home/vx792/ros2_ws/src/ros-controls/ros2_control/install/hardware_interface/share/hardware_interface/package.dsv
[139.786s] -- Installing: /home/vx792/ros2_ws/src/ros-controls/ros2_control/install/hardware_interface/share/ament_index/resource_index/packages/hardware_interface
[139.786s] -- Installing: /home/vx792/ros2_ws/src/ros-controls/ros2_control/install/hardware_interface/share/ament_index/resource_index/hardware_interface__pluginlib__plugin/hardware_interface
[139.786s] -- Installing: /home/vx792/ros2_ws/src/ros-controls/ros2_control/install/hardware_interface/share/hardware_interface/cmake/ament_cmake_export_include_directories-extras.cmake
[139.786s] -- Installing: /home/vx792/ros2_ws/src/ros-controls/ros2_control/install/hardware_interface/share/hardware_interface/cmake/ament_cmake_export_libraries-extras.cmake
[139.786s] -- Installing: /home/vx792/ros2_ws/src/ros-controls/ros2_control/install/hardware_interface/share/hardware_interface/cmake/ament_cmake_export_dependencies-extras.cmake
[139.786s] -- Installing: /home/vx792/ros2_ws/src/ros-controls/ros2_control/install/hardware_interface/share/hardware_interface/cmake/hardware_interfaceConfig.cmake
[139.786s] -- Installing: /home/vx792/ros2_ws/src/ros-controls/ros2_control/install/hardware_interface/share/hardware_interface/cmake/hardware_interfaceConfig-version.cmake
[139.786s] -- Installing: /home/vx792/ros2_ws/src/ros-controls/ros2_control/install/hardware_interface/share/hardware_interface/package.xml
[139.787s] Invoked command in '/home/vx792/ros2_ws/src/ros-controls/ros2_control/build/hardware_interface' returned '0': AMENT_PREFIX_PATH=/home/vx792/ros2_ws/src/ros-controls/ros2_control/install/ros2_control_test_assets:${AMENT_PREFIX_PATH} CMAKE_PREFIX_PATH=/home/vx792/ros2_ws/src/ros-controls/ros2_control/install/ros2_control_test_assets:/home/vx792/ros2_ws/src/ros-controls/install/gazebo_ros2_control_demos:/home/vx792/ros2_ws/src/ros-controls/install/ros2_controllers:/home/vx792/ros2_ws/src/ros-controls/install/velocity_controllers:/home/vx792/ros2_ws/src/ros-controls/install/ros2_control:/home/vx792/ros2_ws/src/ros-controls/install/transmission_interface:/home/vx792/ros2_ws/src/ros-controls/install/ros2_control_demos:/home/vx792/ros2_ws/src/ros-controls/install/ros2_control_demo_bringup:/home/vx792/ros2_ws/src/ros-controls/install/rrbot_description:/home/vx792/ros2_ws/src/ros-controls/install/gazebo_ros2_control:/home/vx792/ros2_ws/src/ros-controls/install/controller_manager:/home/vx792/ros2_ws/src/ros-controls/install/ros2_control_test_assets:/home/vx792/ros2_ws/src/ros-controls/install/ros2_control_demo_hardware:/home/vx792/ros2_ws/src/ros-controls/install/position_controllers:/home/vx792/ros2_ws/src/ros-controls/install/joint_trajectory_controller:/home/vx792/ros2_ws/src/ros-controls/install/joint_state_broadcaster:/home/vx792/ros2_ws/src/ros-controls/install/joint_limits:/home/vx792/ros2_ws/src/ros-controls/install/imu_sensor_broadcaster:/home/vx792/ros2_ws/src/ros-controls/install/gripper_controllers:/home/vx792/ros2_ws/src/ros-controls/install/effort_controllers:/home/vx792/ros2_ws/src/ros-controls/install/forward_command_controller:/home/vx792/ros2_ws/src/ros-controls/install/force_torque_sensor_broadcaster:/home/vx792/ros2_ws/src/ros-controls/install/diff_drive_controller:/home/vx792/ros2_ws/src/ros-controls/install/controller_interface:/home/vx792/ros2_ws/src/ros-controls/install/hardware_interface:/home/vx792/ros2_ws/src/ros-controls/install/diffbot_description:/home/vx792/ros2_ws/src/ros-controls/install/controller_manager_msgs:/home/vx792/ros2_ws/src/ros-controls/install/ros2controlcli:/home/vx792/ros2_ws/src/ros-controls/install/ros2_controllers_test_nodes:/home/vx792/ros2_ws/src/ros-controls/install/ros2_control_test_nodes:/opt/ros/rolling /usr/bin/cmake --install /home/vx792/ros2_ws/src/ros-controls/ros2_control/build/hardware_interface
