make[2]: *** Deleting file 'rosidl_typesupport_cpp/controller_manager_msgs/msg/controller_state__type_support.cpp'
Traceback (most recent call last):
  File "/opt/ros/rolling/lib/rosidl_typesupport_cpp/rosidl_typesupport_cpp", line 28, in <module>
    sys.exit(main())
  File "/opt/ros/rolling/lib/rosidl_typesupport_cpp/rosidl_typesupport_cpp", line 24, in main
    generate_cpp(args.generator_arguments_file, args.typesupports)
  File "/opt/ros/rolling/lib/python3.8/site-packages/rosidl_typesupport_cpp/__init__.py", line 28, in generate_cpp
    return generate_files(
  File "/opt/ros/rolling/lib/python3.8/site-packages/rosidl_cmake/__init__.py", line 87, in generate_files
    expand_template(
  File "/opt/ros/rolling/lib/python3.8/site-packages/rosidl_cmake/__init__.py", line 149, in expand_template
    interpreter.string(template_content, template_path, locals=data)
  File "/usr/lib/python3/dist-packages/em.py", line 2391, in string
    self.safe(scanner, True, locals)
  File "/usr/lib/python3/dist-packages/em.py", line 2401, in safe
    self.parse(scanner, locals)
  File "/usr/lib/python3/dist-packages/em.py", line 2417, in parse
    token = scanner.one()
  File "/usr/lib/python3/dist-packages/em.py", line 1984, in one
    token.scan(self)
  File "/usr/lib/python3/dist-packages/em.py", line 1309, in scan
    z = scanner.complex('(', ')', 0)
  File "/usr/lib/python3/dist-packages/em.py", line 1893, in complex
    newQuote = self.check(i, quote)
  File "/usr/lib/python3/dist-packages/em.py", line 1766, in check
    if self[i] in '\'\"':
KeyboardInterrupt
Exception ignored in: <function Interpreter.__del__ at 0x7fe048689a60>
Traceback (most recent call last):
  File "/usr/lib/python3/dist-packages/em.py", line 2094, in __del__
  File "/usr/lib/python3/dist-packages/em.py", line 2157, in shutdown
  File "/usr/lib/python3/dist-packages/em.py", line 2646, in finalize
  File "/usr/lib/python3/dist-packages/em.py", line 2200, in push
AttributeError: '_io.TextIOWrapper' object has no attribute 'push'
make[2]: *** [CMakeFiles/controller_manager_msgs__rosidl_typesupport_cpp.dir/build.make:90: rosidl_typesupport_cpp/controller_manager_msgs/msg/controller_state__type_support.cpp] Interrupt
make[1]: *** [CMakeFiles/Makefile2:326: CMakeFiles/controller_manager_msgs__rosidl_typesupport_cpp.dir/all] Interrupt
make: *** [Makefile:141: all] Interrupt
