-- The C compiler identification is GNU 9.4.0
-- The CXX compiler identification is GNU 9.4.0
-- Check for working C compiler: /usr/bin/cc
-- Check for working C compiler: /usr/bin/cc -- works
-- Detecting C compiler ABI info
-- Detecting C compiler ABI info - done
-- Detecting C compile features
-- Detecting C compile features - done
-- Check for working CXX compiler: /usr/bin/c++
-- Check for working CXX compiler: /usr/bin/c++ -- works
-- Detecting CXX compiler ABI info
-- Detecting CXX compiler ABI info - done
-- Detecting CXX compile features
-- Detecting CXX compile features - done
-- Found ament_cmake: 1.2.1 (/opt/ros/rolling/share/ament_cmake/cmake)
-- Found Python3: /usr/bin/python3.8 (found version "3.8.10") found components: Interpreter 
-- Found builtin_interfaces: 1.1.0 (/opt/ros/rolling/share/builtin_interfaces/cmake)
-- Using all available rosidl_typesupport_c: rosidl_typesupport_fastrtps_c;rosidl_typesupport_introspection_c
-- Found rosidl_adapter: 3.0.1 (/opt/ros/rolling/share/rosidl_adapter/cmake)
-- Using all available rosidl_typesupport_cpp: rosidl_typesupport_fastrtps_cpp;rosidl_typesupport_introspection_cpp
-- Found lifecycle_msgs: 1.1.0 (/opt/ros/rolling/share/lifecycle_msgs/cmake)
-- Found rosidl_default_generators: 1.1.1 (/opt/ros/rolling/share/rosidl_default_generators/cmake)
-- Found ament_cmake_cppcheck: 0.11.4 (/opt/ros/rolling/share/ament_cmake_cppcheck/cmake)
-- Found ament_cmake_cpplint: 0.11.4 (/opt/ros/rolling/share/ament_cmake_cpplint/cmake)
-- Found ament_cmake_uncrustify: 0.11.4 (/opt/ros/rolling/share/ament_cmake_uncrustify/cmake)
-- Found ament_cmake_ros: 0.10.0 (/opt/ros/rolling/share/ament_cmake_ros/cmake)
-- Using all available rosidl_typesupport_c: rosidl_typesupport_fastrtps_c;rosidl_typesupport_introspection_c
-- Using all available rosidl_typesupport_cpp: rosidl_typesupport_fastrtps_cpp;rosidl_typesupport_introspection_cpp
-- Found PythonInterp: /usr/bin/python3 (found suitable version "3.8.10", minimum required is "3.5") 
-- Found python_cmake_module: 0.8.1 (/opt/ros/rolling/share/python_cmake_module/cmake)
-- Found PythonLibs: /usr/lib/x86_64-linux-gnu/libpython3.8.so (found suitable version "3.8.10", minimum required is "3.5") 
-- Using PYTHON_EXECUTABLE: /usr/bin/python3
-- Using PYTHON_INCLUDE_DIRS: /usr/include/python3.8
-- Using PYTHON_LIBRARIES: /usr/lib/x86_64-linux-gnu/libpython3.8.so
-- Found PythonExtra: .so  
-- Found ament_cmake_flake8: 0.11.4 (/opt/ros/rolling/share/ament_cmake_flake8/cmake)
-- Found ament_cmake_pep257: 0.11.4 (/opt/ros/rolling/share/ament_cmake_pep257/cmake)
-- Configuring done
-- Generating done
-- Build files have been written to: /home/vx792/ros2_ws/src/ros-controls/ros2_control/build/controller_manager_msgs
[35m[1mScanning dependencies of target controller_manager_msgs__cpp[0m
[  1%] [34m[1mGenerating C code for ROS interfaces[0m
[  1%] [34m[1mGenerating C++ code for ROS interfaces[0m
[  1%] Built target controller_manager_msgs__cpp
[35m[1mScanning dependencies of target controller_manager_msgs__rosidl_generator_c[0m
[  2%] [32mBuilding C object CMakeFiles/controller_manager_msgs__rosidl_generator_c.dir/rosidl_generator_c/controller_manager_msgs/msg/detail/controller_state__functions.c.o[0m
[  2%] [32mBuilding C object CMakeFiles/controller_manager_msgs__rosidl_generator_c.dir/rosidl_generator_c/controller_manager_msgs/msg/detail/hardware_component_state__functions.c.o[0m
[  3%] [32mBuilding C object CMakeFiles/controller_manager_msgs__rosidl_generator_c.dir/rosidl_generator_c/controller_manager_msgs/msg/detail/hardware_interface__functions.c.o[0m
[  4%] [32mBuilding C object CMakeFiles/controller_manager_msgs__rosidl_generator_c.dir/rosidl_generator_c/controller_manager_msgs/srv/detail/configure_controller__functions.c.o[0m
[  5%] [32mBuilding C object CMakeFiles/controller_manager_msgs__rosidl_generator_c.dir/rosidl_generator_c/controller_manager_msgs/srv/detail/list_controllers__functions.c.o[0m
[  6%] [32mBuilding C object CMakeFiles/controller_manager_msgs__rosidl_generator_c.dir/rosidl_generator_c/controller_manager_msgs/srv/detail/list_controller_types__functions.c.o[0m
[  6%] [32mBuilding C object CMakeFiles/controller_manager_msgs__rosidl_generator_c.dir/rosidl_generator_c/controller_manager_msgs/srv/detail/list_hardware_components__functions.c.o[0m
[  7%] [32mBuilding C object CMakeFiles/controller_manager_msgs__rosidl_generator_c.dir/rosidl_generator_c/controller_manager_msgs/srv/detail/list_hardware_interfaces__functions.c.o[0m
[  8%] [32mBuilding C object CMakeFiles/controller_manager_msgs__rosidl_generator_c.dir/rosidl_generator_c/controller_manager_msgs/srv/detail/load_controller__functions.c.o[0m
[  9%] [32mBuilding C object CMakeFiles/controller_manager_msgs__rosidl_generator_c.dir/rosidl_generator_c/controller_manager_msgs/srv/detail/reload_controller_libraries__functions.c.o[0m
[ 10%] [32mBuilding C object CMakeFiles/controller_manager_msgs__rosidl_generator_c.dir/rosidl_generator_c/controller_manager_msgs/srv/detail/set_hardware_component_state__functions.c.o[0m
[ 10%] [32mBuilding C object CMakeFiles/controller_manager_msgs__rosidl_generator_c.dir/rosidl_generator_c/controller_manager_msgs/srv/detail/switch_controller__functions.c.o[0m
[ 11%] [32mBuilding C object CMakeFiles/controller_manager_msgs__rosidl_generator_c.dir/rosidl_generator_c/controller_manager_msgs/srv/detail/unload_controller__functions.c.o[0m
[ 12%] [32m[1mLinking C shared library libcontroller_manager_msgs__rosidl_generator_c.so[0m
[ 12%] Built target controller_manager_msgs__rosidl_generator_c
[35m[1mScanning dependencies of target ament_cmake_python_copy_controller_manager_msgs[0m
[ 12%] Built target ament_cmake_python_copy_controller_manager_msgs
[ 12%] [34m[1mGenerating C++ introspection for ROS interfaces[0m
[35m[1mScanning dependencies of target controller_manager_msgs__rosidl_typesupport_introspection_cpp[0m
[ 13%] [32mBuilding CXX object CMakeFiles/controller_manager_msgs__rosidl_typesupport_introspection_cpp.dir/rosidl_typesupport_introspection_cpp/controller_manager_msgs/msg/detail/controller_state__type_support.cpp.o[0m
[ 14%] [32mBuilding CXX object CMakeFiles/controller_manager_msgs__rosidl_typesupport_introspection_cpp.dir/rosidl_typesupport_introspection_cpp/controller_manager_msgs/msg/detail/hardware_component_state__type_support.cpp.o[0m
[ 15%] [32mBuilding CXX object CMakeFiles/controller_manager_msgs__rosidl_typesupport_introspection_cpp.dir/rosidl_typesupport_introspection_cpp/controller_manager_msgs/msg/detail/hardware_interface__type_support.cpp.o[0m
[ 16%] [32mBuilding CXX object CMakeFiles/controller_manager_msgs__rosidl_typesupport_introspection_cpp.dir/rosidl_typesupport_introspection_cpp/controller_manager_msgs/srv/detail/configure_controller__type_support.cpp.o[0m
[ 16%] [32mBuilding CXX object CMakeFiles/controller_manager_msgs__rosidl_typesupport_introspection_cpp.dir/rosidl_typesupport_introspection_cpp/controller_manager_msgs/srv/detail/list_controllers__type_support.cpp.o[0m
[ 17%] [32mBuilding CXX object CMakeFiles/controller_manager_msgs__rosidl_typesupport_introspection_cpp.dir/rosidl_typesupport_introspection_cpp/controller_manager_msgs/srv/detail/list_controller_types__type_support.cpp.o[0m
[ 18%] [32mBuilding CXX object CMakeFiles/controller_manager_msgs__rosidl_typesupport_introspection_cpp.dir/rosidl_typesupport_introspection_cpp/controller_manager_msgs/srv/detail/list_hardware_components__type_support.cpp.o[0m
[ 19%] [32mBuilding CXX object CMakeFiles/controller_manager_msgs__rosidl_typesupport_introspection_cpp.dir/rosidl_typesupport_introspection_cpp/controller_manager_msgs/srv/detail/list_hardware_interfaces__type_support.cpp.o[0m
[ 20%] [32mBuilding CXX object CMakeFiles/controller_manager_msgs__rosidl_typesupport_introspection_cpp.dir/rosidl_typesupport_introspection_cpp/controller_manager_msgs/srv/detail/load_controller__type_support.cpp.o[0m
[ 20%] [32mBuilding CXX object CMakeFiles/controller_manager_msgs__rosidl_typesupport_introspection_cpp.dir/rosidl_typesupport_introspection_cpp/controller_manager_msgs/srv/detail/reload_controller_libraries__type_support.cpp.o[0m
[ 21%] [32mBuilding CXX object CMakeFiles/controller_manager_msgs__rosidl_typesupport_introspection_cpp.dir/rosidl_typesupport_introspection_cpp/controller_manager_msgs/srv/detail/set_hardware_component_state__type_support.cpp.o[0m
[ 22%] [32mBuilding CXX object CMakeFiles/controller_manager_msgs__rosidl_typesupport_introspection_cpp.dir/rosidl_typesupport_introspection_cpp/controller_manager_msgs/srv/detail/switch_controller__type_support.cpp.o[0m
[ 23%] [32mBuilding CXX object CMakeFiles/controller_manager_msgs__rosidl_typesupport_introspection_cpp.dir/rosidl_typesupport_introspection_cpp/controller_manager_msgs/srv/detail/unload_controller__type_support.cpp.o[0m
[ 24%] [32m[1mLinking CXX shared library libcontroller_manager_msgs__rosidl_typesupport_introspection_cpp.so[0m
[ 24%] Built target controller_manager_msgs__rosidl_typesupport_introspection_cpp
[ 25%] [34m[1mGenerating C++ type support dispatch for ROS interfaces[0m
[35m[1mScanning dependencies of target controller_manager_msgs__rosidl_typesupport_cpp[0m
[ 26%] [32mBuilding CXX object CMakeFiles/controller_manager_msgs__rosidl_typesupport_cpp.dir/rosidl_typesupport_cpp/controller_manager_msgs/msg/controller_state__type_support.cpp.o[0m
[ 27%] [32mBuilding CXX object CMakeFiles/controller_manager_msgs__rosidl_typesupport_cpp.dir/rosidl_typesupport_cpp/controller_manager_msgs/msg/hardware_component_state__type_support.cpp.o[0m
[ 27%] [32mBuilding CXX object CMakeFiles/controller_manager_msgs__rosidl_typesupport_cpp.dir/rosidl_typesupport_cpp/controller_manager_msgs/msg/hardware_interface__type_support.cpp.o[0m
[ 28%] [32mBuilding CXX object CMakeFiles/controller_manager_msgs__rosidl_typesupport_cpp.dir/rosidl_typesupport_cpp/controller_manager_msgs/srv/configure_controller__type_support.cpp.o[0m
[ 29%] [32mBuilding CXX object CMakeFiles/controller_manager_msgs__rosidl_typesupport_cpp.dir/rosidl_typesupport_cpp/controller_manager_msgs/srv/list_controllers__type_support.cpp.o[0m
[ 30%] [32mBuilding CXX object CMakeFiles/controller_manager_msgs__rosidl_typesupport_cpp.dir/rosidl_typesupport_cpp/controller_manager_msgs/srv/list_controller_types__type_support.cpp.o[0m
[ 31%] [32mBuilding CXX object CMakeFiles/controller_manager_msgs__rosidl_typesupport_cpp.dir/rosidl_typesupport_cpp/controller_manager_msgs/srv/list_hardware_components__type_support.cpp.o[0m
[ 31%] [32mBuilding CXX object CMakeFiles/controller_manager_msgs__rosidl_typesupport_cpp.dir/rosidl_typesupport_cpp/controller_manager_msgs/srv/list_hardware_interfaces__type_support.cpp.o[0m
[ 32%] [32mBuilding CXX object CMakeFiles/controller_manager_msgs__rosidl_typesupport_cpp.dir/rosidl_typesupport_cpp/controller_manager_msgs/srv/load_controller__type_support.cpp.o[0m
[ 33%] [32mBuilding CXX object CMakeFiles/controller_manager_msgs__rosidl_typesupport_cpp.dir/rosidl_typesupport_cpp/controller_manager_msgs/srv/reload_controller_libraries__type_support.cpp.o[0m
[ 34%] [32mBuilding CXX object CMakeFiles/controller_manager_msgs__rosidl_typesupport_cpp.dir/rosidl_typesupport_cpp/controller_manager_msgs/srv/set_hardware_component_state__type_support.cpp.o[0m
[ 35%] [32mBuilding CXX object CMakeFiles/controller_manager_msgs__rosidl_typesupport_cpp.dir/rosidl_typesupport_cpp/controller_manager_msgs/srv/switch_controller__type_support.cpp.o[0m
[ 35%] [32mBuilding CXX object CMakeFiles/controller_manager_msgs__rosidl_typesupport_cpp.dir/rosidl_typesupport_cpp/controller_manager_msgs/srv/unload_controller__type_support.cpp.o[0m
[ 36%] [32m[1mLinking CXX shared library libcontroller_manager_msgs__rosidl_typesupport_cpp.so[0m
[ 36%] Built target controller_manager_msgs__rosidl_typesupport_cpp
[ 37%] [34m[1mGenerating C++ type support for eProsima Fast-RTPS[0m
[35m[1mScanning dependencies of target controller_manager_msgs__rosidl_typesupport_fastrtps_cpp[0m
[ 38%] [32mBuilding CXX object CMakeFiles/controller_manager_msgs__rosidl_typesupport_fastrtps_cpp.dir/rosidl_typesupport_fastrtps_cpp/controller_manager_msgs/msg/detail/dds_fastrtps/controller_state__type_support.cpp.o[0m
[ 39%] [32mBuilding CXX object CMakeFiles/controller_manager_msgs__rosidl_typesupport_fastrtps_cpp.dir/rosidl_typesupport_fastrtps_cpp/controller_manager_msgs/msg/detail/dds_fastrtps/hardware_component_state__type_support.cpp.o[0m
[ 40%] [32mBuilding CXX object CMakeFiles/controller_manager_msgs__rosidl_typesupport_fastrtps_cpp.dir/rosidl_typesupport_fastrtps_cpp/controller_manager_msgs/msg/detail/dds_fastrtps/hardware_interface__type_support.cpp.o[0m
[ 40%] [32mBuilding CXX object CMakeFiles/controller_manager_msgs__rosidl_typesupport_fastrtps_cpp.dir/rosidl_typesupport_fastrtps_cpp/controller_manager_msgs/srv/detail/dds_fastrtps/configure_controller__type_support.cpp.o[0m
[ 41%] [32mBuilding CXX object CMakeFiles/controller_manager_msgs__rosidl_typesupport_fastrtps_cpp.dir/rosidl_typesupport_fastrtps_cpp/controller_manager_msgs/srv/detail/dds_fastrtps/list_controllers__type_support.cpp.o[0m
[ 42%] [32mBuilding CXX object CMakeFiles/controller_manager_msgs__rosidl_typesupport_fastrtps_cpp.dir/rosidl_typesupport_fastrtps_cpp/controller_manager_msgs/srv/detail/dds_fastrtps/list_controller_types__type_support.cpp.o[0m
[ 43%] [32mBuilding CXX object CMakeFiles/controller_manager_msgs__rosidl_typesupport_fastrtps_cpp.dir/rosidl_typesupport_fastrtps_cpp/controller_manager_msgs/srv/detail/dds_fastrtps/list_hardware_components__type_support.cpp.o[0m
[ 44%] [32mBuilding CXX object CMakeFiles/controller_manager_msgs__rosidl_typesupport_fastrtps_cpp.dir/rosidl_typesupport_fastrtps_cpp/controller_manager_msgs/srv/detail/dds_fastrtps/list_hardware_interfaces__type_support.cpp.o[0m
[ 44%] [32mBuilding CXX object CMakeFiles/controller_manager_msgs__rosidl_typesupport_fastrtps_cpp.dir/rosidl_typesupport_fastrtps_cpp/controller_manager_msgs/srv/detail/dds_fastrtps/load_controller__type_support.cpp.o[0m
[ 45%] [32mBuilding CXX object CMakeFiles/controller_manager_msgs__rosidl_typesupport_fastrtps_cpp.dir/rosidl_typesupport_fastrtps_cpp/controller_manager_msgs/srv/detail/dds_fastrtps/reload_controller_libraries__type_support.cpp.o[0m
[ 46%] [32mBuilding CXX object CMakeFiles/controller_manager_msgs__rosidl_typesupport_fastrtps_cpp.dir/rosidl_typesupport_fastrtps_cpp/controller_manager_msgs/srv/detail/dds_fastrtps/set_hardware_component_state__type_support.cpp.o[0m
[ 47%] [32mBuilding CXX object CMakeFiles/controller_manager_msgs__rosidl_typesupport_fastrtps_cpp.dir/rosidl_typesupport_fastrtps_cpp/controller_manager_msgs/srv/detail/dds_fastrtps/switch_controller__type_support.cpp.o[0m
[ 48%] [32mBuilding CXX object CMakeFiles/controller_manager_msgs__rosidl_typesupport_fastrtps_cpp.dir/rosidl_typesupport_fastrtps_cpp/controller_manager_msgs/srv/detail/dds_fastrtps/unload_controller__type_support.cpp.o[0m
[ 48%] [32m[1mLinking CXX shared library libcontroller_manager_msgs__rosidl_typesupport_fastrtps_cpp.so[0m
[ 48%] Built target controller_manager_msgs__rosidl_typesupport_fastrtps_cpp
[ 49%] [34m[1mGenerating C introspection for ROS interfaces[0m
[35m[1mScanning dependencies of target controller_manager_msgs__rosidl_typesupport_introspection_c[0m
[ 50%] [32mBuilding C object CMakeFiles/controller_manager_msgs__rosidl_typesupport_introspection_c.dir/rosidl_typesupport_introspection_c/controller_manager_msgs/msg/detail/controller_state__type_support.c.o[0m
[ 51%] [32mBuilding C object CMakeFiles/controller_manager_msgs__rosidl_typesupport_introspection_c.dir/rosidl_typesupport_introspection_c/controller_manager_msgs/msg/detail/hardware_component_state__type_support.c.o[0m
[ 51%] [32mBuilding C object CMakeFiles/controller_manager_msgs__rosidl_typesupport_introspection_c.dir/rosidl_typesupport_introspection_c/controller_manager_msgs/msg/detail/hardware_interface__type_support.c.o[0m
[ 52%] [32mBuilding C object CMakeFiles/controller_manager_msgs__rosidl_typesupport_introspection_c.dir/rosidl_typesupport_introspection_c/controller_manager_msgs/srv/detail/configure_controller__type_support.c.o[0m
[ 53%] [32mBuilding C object CMakeFiles/controller_manager_msgs__rosidl_typesupport_introspection_c.dir/rosidl_typesupport_introspection_c/controller_manager_msgs/srv/detail/list_controllers__type_support.c.o[0m
[ 54%] [32mBuilding C object CMakeFiles/controller_manager_msgs__rosidl_typesupport_introspection_c.dir/rosidl_typesupport_introspection_c/controller_manager_msgs/srv/detail/list_controller_types__type_support.c.o[0m
[ 55%] [32mBuilding C object CMakeFiles/controller_manager_msgs__rosidl_typesupport_introspection_c.dir/rosidl_typesupport_introspection_c/controller_manager_msgs/srv/detail/list_hardware_components__type_support.c.o[0m
[ 55%] [32mBuilding C object CMakeFiles/controller_manager_msgs__rosidl_typesupport_introspection_c.dir/rosidl_typesupport_introspection_c/controller_manager_msgs/srv/detail/list_hardware_interfaces__type_support.c.o[0m
[ 56%] [32mBuilding C object CMakeFiles/controller_manager_msgs__rosidl_typesupport_introspection_c.dir/rosidl_typesupport_introspection_c/controller_manager_msgs/srv/detail/load_controller__type_support.c.o[0m
[ 57%] [32mBuilding C object CMakeFiles/controller_manager_msgs__rosidl_typesupport_introspection_c.dir/rosidl_typesupport_introspection_c/controller_manager_msgs/srv/detail/reload_controller_libraries__type_support.c.o[0m
[ 58%] [32mBuilding C object CMakeFiles/controller_manager_msgs__rosidl_typesupport_introspection_c.dir/rosidl_typesupport_introspection_c/controller_manager_msgs/srv/detail/set_hardware_component_state__type_support.c.o[0m
[ 59%] [32mBuilding C object CMakeFiles/controller_manager_msgs__rosidl_typesupport_introspection_c.dir/rosidl_typesupport_introspection_c/controller_manager_msgs/srv/detail/switch_controller__type_support.c.o[0m
[ 59%] [32mBuilding C object CMakeFiles/controller_manager_msgs__rosidl_typesupport_introspection_c.dir/rosidl_typesupport_introspection_c/controller_manager_msgs/srv/detail/unload_controller__type_support.c.o[0m
[ 60%] [32m[1mLinking C shared library libcontroller_manager_msgs__rosidl_typesupport_introspection_c.so[0m
[ 60%] Built target controller_manager_msgs__rosidl_typesupport_introspection_c
[ 61%] [34m[1mGenerating C type support dispatch for ROS interfaces[0m
[35m[1mScanning dependencies of target controller_manager_msgs__rosidl_typesupport_c[0m
[ 61%] [32mBuilding CXX object CMakeFiles/controller_manager_msgs__rosidl_typesupport_c.dir/rosidl_typesupport_c/controller_manager_msgs/msg/controller_state__type_support.cpp.o[0m
[ 62%] [32mBuilding CXX object CMakeFiles/controller_manager_msgs__rosidl_typesupport_c.dir/rosidl_typesupport_c/controller_manager_msgs/msg/hardware_component_state__type_support.cpp.o[0m
[ 63%] [32mBuilding CXX object CMakeFiles/controller_manager_msgs__rosidl_typesupport_c.dir/rosidl_typesupport_c/controller_manager_msgs/msg/hardware_interface__type_support.cpp.o[0m
[ 64%] [32mBuilding CXX object CMakeFiles/controller_manager_msgs__rosidl_typesupport_c.dir/rosidl_typesupport_c/controller_manager_msgs/srv/configure_controller__type_support.cpp.o[0m
[ 65%] [32mBuilding CXX object CMakeFiles/controller_manager_msgs__rosidl_typesupport_c.dir/rosidl_typesupport_c/controller_manager_msgs/srv/list_controllers__type_support.cpp.o[0m
[ 65%] [32mBuilding CXX object CMakeFiles/controller_manager_msgs__rosidl_typesupport_c.dir/rosidl_typesupport_c/controller_manager_msgs/srv/list_controller_types__type_support.cpp.o[0m
[ 66%] [32mBuilding CXX object CMakeFiles/controller_manager_msgs__rosidl_typesupport_c.dir/rosidl_typesupport_c/controller_manager_msgs/srv/list_hardware_components__type_support.cpp.o[0m
[ 67%] [32mBuilding CXX object CMakeFiles/controller_manager_msgs__rosidl_typesupport_c.dir/rosidl_typesupport_c/controller_manager_msgs/srv/list_hardware_interfaces__type_support.cpp.o[0m
[ 68%] [32mBuilding CXX object CMakeFiles/controller_manager_msgs__rosidl_typesupport_c.dir/rosidl_typesupport_c/controller_manager_msgs/srv/load_controller__type_support.cpp.o[0m
[ 69%] [32mBuilding CXX object CMakeFiles/controller_manager_msgs__rosidl_typesupport_c.dir/rosidl_typesupport_c/controller_manager_msgs/srv/reload_controller_libraries__type_support.cpp.o[0m
[ 69%] [32mBuilding CXX object CMakeFiles/controller_manager_msgs__rosidl_typesupport_c.dir/rosidl_typesupport_c/controller_manager_msgs/srv/set_hardware_component_state__type_support.cpp.o[0m
[ 70%] [32mBuilding CXX object CMakeFiles/controller_manager_msgs__rosidl_typesupport_c.dir/rosidl_typesupport_c/controller_manager_msgs/srv/switch_controller__type_support.cpp.o[0m
[ 71%] [32mBuilding CXX object CMakeFiles/controller_manager_msgs__rosidl_typesupport_c.dir/rosidl_typesupport_c/controller_manager_msgs/srv/unload_controller__type_support.cpp.o[0m
[ 72%] [32m[1mLinking CXX shared library libcontroller_manager_msgs__rosidl_typesupport_c.so[0m
[ 72%] Built target controller_manager_msgs__rosidl_typesupport_c
[35m[1mScanning dependencies of target ament_cmake_python_build_controller_manager_msgs_egg[0m
running egg_info
creating controller_manager_msgs.egg-info
writing controller_manager_msgs.egg-info/PKG-INFO
writing dependency_links to controller_manager_msgs.egg-info/dependency_links.txt
writing top-level names to controller_manager_msgs.egg-info/top_level.txt
writing manifest file 'controller_manager_msgs.egg-info/SOURCES.txt'
reading manifest file 'controller_manager_msgs.egg-info/SOURCES.txt'
writing manifest file 'controller_manager_msgs.egg-info/SOURCES.txt'
[ 72%] Built target ament_cmake_python_build_controller_manager_msgs_egg
[ 73%] [34m[1mGenerating C type support for eProsima Fast-RTPS[0m
[35m[1mScanning dependencies of target controller_manager_msgs__rosidl_typesupport_fastrtps_c[0m
[ 74%] [32mBuilding CXX object CMakeFiles/controller_manager_msgs__rosidl_typesupport_fastrtps_c.dir/rosidl_typesupport_fastrtps_c/controller_manager_msgs/msg/detail/controller_state__type_support_c.cpp.o[0m
[ 74%] [32mBuilding CXX object CMakeFiles/controller_manager_msgs__rosidl_typesupport_fastrtps_c.dir/rosidl_typesupport_fastrtps_c/controller_manager_msgs/msg/detail/hardware_component_state__type_support_c.cpp.o[0m
[ 75%] [32mBuilding CXX object CMakeFiles/controller_manager_msgs__rosidl_typesupport_fastrtps_c.dir/rosidl_typesupport_fastrtps_c/controller_manager_msgs/msg/detail/hardware_interface__type_support_c.cpp.o[0m
[ 76%] [32mBuilding CXX object CMakeFiles/controller_manager_msgs__rosidl_typesupport_fastrtps_c.dir/rosidl_typesupport_fastrtps_c/controller_manager_msgs/srv/detail/configure_controller__type_support_c.cpp.o[0m
[ 77%] [32mBuilding CXX object CMakeFiles/controller_manager_msgs__rosidl_typesupport_fastrtps_c.dir/rosidl_typesupport_fastrtps_c/controller_manager_msgs/srv/detail/list_controllers__type_support_c.cpp.o[0m
[ 78%] [32mBuilding CXX object CMakeFiles/controller_manager_msgs__rosidl_typesupport_fastrtps_c.dir/rosidl_typesupport_fastrtps_c/controller_manager_msgs/srv/detail/list_controller_types__type_support_c.cpp.o[0m
[ 78%] [32mBuilding CXX object CMakeFiles/controller_manager_msgs__rosidl_typesupport_fastrtps_c.dir/rosidl_typesupport_fastrtps_c/controller_manager_msgs/srv/detail/list_hardware_components__type_support_c.cpp.o[0m
[ 79%] [32mBuilding CXX object CMakeFiles/controller_manager_msgs__rosidl_typesupport_fastrtps_c.dir/rosidl_typesupport_fastrtps_c/controller_manager_msgs/srv/detail/list_hardware_interfaces__type_support_c.cpp.o[0m
[ 80%] [32mBuilding CXX object CMakeFiles/controller_manager_msgs__rosidl_typesupport_fastrtps_c.dir/rosidl_typesupport_fastrtps_c/controller_manager_msgs/srv/detail/load_controller__type_support_c.cpp.o[0m
[ 81%] [32mBuilding CXX object CMakeFiles/controller_manager_msgs__rosidl_typesupport_fastrtps_c.dir/rosidl_typesupport_fastrtps_c/controller_manager_msgs/srv/detail/reload_controller_libraries__type_support_c.cpp.o[0m
[ 82%] [32mBuilding CXX object CMakeFiles/controller_manager_msgs__rosidl_typesupport_fastrtps_c.dir/rosidl_typesupport_fastrtps_c/controller_manager_msgs/srv/detail/set_hardware_component_state__type_support_c.cpp.o[0m
[ 82%] [32mBuilding CXX object CMakeFiles/controller_manager_msgs__rosidl_typesupport_fastrtps_c.dir/rosidl_typesupport_fastrtps_c/controller_manager_msgs/srv/detail/switch_controller__type_support_c.cpp.o[0m
[ 83%] [32mBuilding CXX object CMakeFiles/controller_manager_msgs__rosidl_typesupport_fastrtps_c.dir/rosidl_typesupport_fastrtps_c/controller_manager_msgs/srv/detail/unload_controller__type_support_c.cpp.o[0m
[ 84%] [32m[1mLinking CXX shared library libcontroller_manager_msgs__rosidl_typesupport_fastrtps_c.so[0m
[ 84%] Built target controller_manager_msgs__rosidl_typesupport_fastrtps_c
[35m[1mScanning dependencies of target controller_manager_msgs[0m
[ 84%] Built target controller_manager_msgs
[35m[1mScanning dependencies of target controller_manager_msgs__py[0m
[ 85%] [34m[1mGenerating Python code for ROS interfaces[0m
[ 85%] Built target controller_manager_msgs__py
[35m[1mScanning dependencies of target controller_manager_msgs__rosidl_generator_py[0m
[ 86%] [32mBuilding C object CMakeFiles/controller_manager_msgs__rosidl_generator_py.dir/rosidl_generator_py/controller_manager_msgs/msg/_controller_state_s.c.o[0m
[ 86%] [32mBuilding C object CMakeFiles/controller_manager_msgs__rosidl_generator_py.dir/rosidl_generator_py/controller_manager_msgs/msg/_hardware_component_state_s.c.o[0m
[ 87%] [32mBuilding C object CMakeFiles/controller_manager_msgs__rosidl_generator_py.dir/rosidl_generator_py/controller_manager_msgs/msg/_hardware_interface_s.c.o[0m
[ 88%] [32mBuilding C object CMakeFiles/controller_manager_msgs__rosidl_generator_py.dir/rosidl_generator_py/controller_manager_msgs/srv/_configure_controller_s.c.o[0m
[ 89%] [32mBuilding C object CMakeFiles/controller_manager_msgs__rosidl_generator_py.dir/rosidl_generator_py/controller_manager_msgs/srv/_list_controllers_s.c.o[0m
[ 90%] [32mBuilding C object CMakeFiles/controller_manager_msgs__rosidl_generator_py.dir/rosidl_generator_py/controller_manager_msgs/srv/_list_controller_types_s.c.o[0m
[ 90%] [32mBuilding C object CMakeFiles/controller_manager_msgs__rosidl_generator_py.dir/rosidl_generator_py/controller_manager_msgs/srv/_list_hardware_components_s.c.o[0m
[ 91%] [32mBuilding C object CMakeFiles/controller_manager_msgs__rosidl_generator_py.dir/rosidl_generator_py/controller_manager_msgs/srv/_list_hardware_interfaces_s.c.o[0m
[ 92%] [32mBuilding C object CMakeFiles/controller_manager_msgs__rosidl_generator_py.dir/rosidl_generator_py/controller_manager_msgs/srv/_load_controller_s.c.o[0m
[ 93%] [32mBuilding C object CMakeFiles/controller_manager_msgs__rosidl_generator_py.dir/rosidl_generator_py/controller_manager_msgs/srv/_reload_controller_libraries_s.c.o[0m
[ 94%] [32mBuilding C object CMakeFiles/controller_manager_msgs__rosidl_generator_py.dir/rosidl_generator_py/controller_manager_msgs/srv/_set_hardware_component_state_s.c.o[0m
[ 94%] [32mBuilding C object CMakeFiles/controller_manager_msgs__rosidl_generator_py.dir/rosidl_generator_py/controller_manager_msgs/srv/_switch_controller_s.c.o[0m
[ 95%] [32mBuilding C object CMakeFiles/controller_manager_msgs__rosidl_generator_py.dir/rosidl_generator_py/controller_manager_msgs/srv/_unload_controller_s.c.o[0m
[ 96%] [32m[1mLinking C shared library rosidl_generator_py/controller_manager_msgs/libcontroller_manager_msgs__rosidl_generator_py.so[0m
[ 96%] Built target controller_manager_msgs__rosidl_generator_py
[35m[1mScanning dependencies of target controller_manager_msgs__rosidl_typesupport_c__pyext[0m
[ 97%] [32mBuilding C object CMakeFiles/controller_manager_msgs__rosidl_typesupport_c__pyext.dir/rosidl_generator_py/controller_manager_msgs/_controller_manager_msgs_s.ep.rosidl_typesupport_c.c.o[0m
[ 97%] [32m[1mLinking C shared library rosidl_generator_py/controller_manager_msgs/controller_manager_msgs_s__rosidl_typesupport_c.cpython-38-x86_64-linux-gnu.so[0m
[ 97%] Built target controller_manager_msgs__rosidl_typesupport_c__pyext
[35m[1mScanning dependencies of target controller_manager_msgs__rosidl_typesupport_introspection_c__pyext[0m
[ 98%] [32mBuilding C object CMakeFiles/controller_manager_msgs__rosidl_typesupport_introspection_c__pyext.dir/rosidl_generator_py/controller_manager_msgs/_controller_manager_msgs_s.ep.rosidl_typesupport_introspection_c.c.o[0m
[ 99%] [32m[1mLinking C shared library rosidl_generator_py/controller_manager_msgs/controller_manager_msgs_s__rosidl_typesupport_introspection_c.cpython-38-x86_64-linux-gnu.so[0m
[ 99%] Built target controller_manager_msgs__rosidl_typesupport_introspection_c__pyext
[35m[1mScanning dependencies of target controller_manager_msgs__rosidl_typesupport_fastrtps_c__pyext[0m
[100%] [32mBuilding C object CMakeFiles/controller_manager_msgs__rosidl_typesupport_fastrtps_c__pyext.dir/rosidl_generator_py/controller_manager_msgs/_controller_manager_msgs_s.ep.rosidl_typesupport_fastrtps_c.c.o[0m
[100%] [32m[1mLinking C shared library rosidl_generator_py/controller_manager_msgs/controller_manager_msgs_s__rosidl_typesupport_fastrtps_c.cpython-38-x86_64-linux-gnu.so[0m
[100%] Built target controller_manager_msgs__rosidl_typesupport_fastrtps_c__pyext
-- Install configuration: ""
-- Installing: /home/vx792/ros2_ws/src/ros-controls/ros2_control/install/controller_manager_msgs/share/ament_index/resource_index/rosidl_interfaces/controller_manager_msgs
-- Installing: /home/vx792/ros2_ws/src/ros-controls/ros2_control/install/controller_manager_msgs/include/controller_manager_msgs
-- Installing: /home/vx792/ros2_ws/src/ros-controls/ros2_control/install/controller_manager_msgs/include/controller_manager_msgs/srv
-- Installing: /home/vx792/ros2_ws/src/ros-controls/ros2_control/install/controller_manager_msgs/include/controller_manager_msgs/srv/unload_controller.h
-- Installing: /home/vx792/ros2_ws/src/ros-controls/ros2_control/install/controller_manager_msgs/include/controller_manager_msgs/srv/detail
-- Installing: /home/vx792/ros2_ws/src/ros-controls/ros2_control/install/controller_manager_msgs/include/controller_manager_msgs/srv/detail/list_controller_types__functions.c
-- Installing: /home/vx792/ros2_ws/src/ros-controls/ros2_control/install/controller_manager_msgs/include/controller_manager_msgs/srv/detail/list_controllers__functions.h
-- Installing: /home/vx792/ros2_ws/src/ros-controls/ros2_control/install/controller_manager_msgs/include/controller_manager_msgs/srv/detail/load_controller__struct.h
-- Installing: /home/vx792/ros2_ws/src/ros-controls/ros2_control/install/controller_manager_msgs/include/controller_manager_msgs/srv/detail/switch_controller__type_support.h
-- Installing: /home/vx792/ros2_ws/src/ros-controls/ros2_control/install/controller_manager_msgs/include/controller_manager_msgs/srv/detail/unload_controller__type_support.h
-- Installing: /home/vx792/ros2_ws/src/ros-controls/ros2_control/install/controller_manager_msgs/include/controller_manager_msgs/srv/detail/list_controllers__type_support.h
-- Installing: /home/vx792/ros2_ws/src/ros-controls/ros2_control/install/controller_manager_msgs/include/controller_manager_msgs/srv/detail/unload_controller__functions.h
-- Installing: /home/vx792/ros2_ws/src/ros-controls/ros2_control/install/controller_manager_msgs/include/controller_manager_msgs/srv/detail/list_controller_types__type_support.h
-- Installing: /home/vx792/ros2_ws/src/ros-controls/ros2_control/install/controller_manager_msgs/include/controller_manager_msgs/srv/detail/reload_controller_libraries__struct.h
-- Installing: /home/vx792/ros2_ws/src/ros-controls/ros2_control/install/controller_manager_msgs/include/controller_manager_msgs/srv/detail/set_hardware_component_state__functions.h
-- Installing: /home/vx792/ros2_ws/src/ros-controls/ros2_control/install/controller_manager_msgs/include/controller_manager_msgs/srv/detail/set_hardware_component_state__struct.h
-- Installing: /home/vx792/ros2_ws/src/ros-controls/ros2_control/install/controller_manager_msgs/include/controller_manager_msgs/srv/detail/unload_controller__struct.h
-- Installing: /home/vx792/ros2_ws/src/ros-controls/ros2_control/install/controller_manager_msgs/include/controller_manager_msgs/srv/detail/reload_controller_libraries__functions.c
-- Installing: /home/vx792/ros2_ws/src/ros-controls/ros2_control/install/controller_manager_msgs/include/controller_manager_msgs/srv/detail/load_controller__functions.h
-- Installing: /home/vx792/ros2_ws/src/ros-controls/ros2_control/install/controller_manager_msgs/include/controller_manager_msgs/srv/detail/configure_controller__functions.h
-- Installing: /home/vx792/ros2_ws/src/ros-controls/ros2_control/install/controller_manager_msgs/include/controller_manager_msgs/srv/detail/list_hardware_components__functions.h
-- Installing: /home/vx792/ros2_ws/src/ros-controls/ros2_control/install/controller_manager_msgs/include/controller_manager_msgs/srv/detail/list_hardware_components__functions.c
-- Installing: /home/vx792/ros2_ws/src/ros-controls/ros2_control/install/controller_manager_msgs/include/controller_manager_msgs/srv/detail/set_hardware_component_state__type_support.h
-- Installing: /home/vx792/ros2_ws/src/ros-controls/ros2_control/install/controller_manager_msgs/include/controller_manager_msgs/srv/detail/list_hardware_components__type_support.h
-- Installing: /home/vx792/ros2_ws/src/ros-controls/ros2_control/install/controller_manager_msgs/include/controller_manager_msgs/srv/detail/switch_controller__functions.h
-- Installing: /home/vx792/ros2_ws/src/ros-controls/ros2_control/install/controller_manager_msgs/include/controller_manager_msgs/srv/detail/switch_controller__struct.h
-- Installing: /home/vx792/ros2_ws/src/ros-controls/ros2_control/install/controller_manager_msgs/include/controller_manager_msgs/srv/detail/reload_controller_libraries__type_support.h
-- Installing: /home/vx792/ros2_ws/src/ros-controls/ros2_control/install/controller_manager_msgs/include/controller_manager_msgs/srv/detail/list_controller_types__functions.h
-- Installing: /home/vx792/ros2_ws/src/ros-controls/ros2_control/install/controller_manager_msgs/include/controller_manager_msgs/srv/detail/load_controller__functions.c
-- Installing: /home/vx792/ros2_ws/src/ros-controls/ros2_control/install/controller_manager_msgs/include/controller_manager_msgs/srv/detail/set_hardware_component_state__functions.c
-- Installing: /home/vx792/ros2_ws/src/ros-controls/ros2_control/install/controller_manager_msgs/include/controller_manager_msgs/srv/detail/configure_controller__type_support.h
-- Installing: /home/vx792/ros2_ws/src/ros-controls/ros2_control/install/controller_manager_msgs/include/controller_manager_msgs/srv/detail/reload_controller_libraries__functions.h
-- Installing: /home/vx792/ros2_ws/src/ros-controls/ros2_control/install/controller_manager_msgs/include/controller_manager_msgs/srv/detail/load_controller__type_support.h
-- Installing: /home/vx792/ros2_ws/src/ros-controls/ros2_control/install/controller_manager_msgs/include/controller_manager_msgs/srv/detail/list_controllers__functions.c
-- Installing: /home/vx792/ros2_ws/src/ros-controls/ros2_control/install/controller_manager_msgs/include/controller_manager_msgs/srv/detail/list_hardware_interfaces__type_support.h
-- Installing: /home/vx792/ros2_ws/src/ros-controls/ros2_control/install/controller_manager_msgs/include/controller_manager_msgs/srv/detail/list_hardware_interfaces__struct.h
-- Installing: /home/vx792/ros2_ws/src/ros-controls/ros2_control/install/controller_manager_msgs/include/controller_manager_msgs/srv/detail/list_hardware_components__struct.h
-- Installing: /home/vx792/ros2_ws/src/ros-controls/ros2_control/install/controller_manager_msgs/include/controller_manager_msgs/srv/detail/configure_controller__struct.h
-- Installing: /home/vx792/ros2_ws/src/ros-controls/ros2_control/install/controller_manager_msgs/include/controller_manager_msgs/srv/detail/list_hardware_interfaces__functions.h
-- Installing: /home/vx792/ros2_ws/src/ros-controls/ros2_control/install/controller_manager_msgs/include/controller_manager_msgs/srv/detail/list_controller_types__struct.h
-- Installing: /home/vx792/ros2_ws/src/ros-controls/ros2_control/install/controller_manager_msgs/include/controller_manager_msgs/srv/detail/switch_controller__functions.c
-- Installing: /home/vx792/ros2_ws/src/ros-controls/ros2_control/install/controller_manager_msgs/include/controller_manager_msgs/srv/detail/list_hardware_interfaces__functions.c
-- Installing: /home/vx792/ros2_ws/src/ros-controls/ros2_control/install/controller_manager_msgs/include/controller_manager_msgs/srv/detail/unload_controller__functions.c
-- Installing: /home/vx792/ros2_ws/src/ros-controls/ros2_control/install/controller_manager_msgs/include/controller_manager_msgs/srv/detail/configure_controller__functions.c
-- Installing: /home/vx792/ros2_ws/src/ros-controls/ros2_control/install/controller_manager_msgs/include/controller_manager_msgs/srv/detail/list_controllers__struct.h
-- Installing: /home/vx792/ros2_ws/src/ros-controls/ros2_control/install/controller_manager_msgs/include/controller_manager_msgs/srv/configure_controller.h
-- Installing: /home/vx792/ros2_ws/src/ros-controls/ros2_control/install/controller_manager_msgs/include/controller_manager_msgs/srv/list_hardware_components.h
-- Installing: /home/vx792/ros2_ws/src/ros-controls/ros2_control/install/controller_manager_msgs/include/controller_manager_msgs/srv/list_controllers.h
-- Installing: /home/vx792/ros2_ws/src/ros-controls/ros2_control/install/controller_manager_msgs/include/controller_manager_msgs/srv/reload_controller_libraries.h
-- Installing: /home/vx792/ros2_ws/src/ros-controls/ros2_control/install/controller_manager_msgs/include/controller_manager_msgs/srv/switch_controller.h
-- Installing: /home/vx792/ros2_ws/src/ros-controls/ros2_control/install/controller_manager_msgs/include/controller_manager_msgs/srv/set_hardware_component_state.h
-- Installing: /home/vx792/ros2_ws/src/ros-controls/ros2_control/install/controller_manager_msgs/include/controller_manager_msgs/srv/load_controller.h
-- Installing: /home/vx792/ros2_ws/src/ros-controls/ros2_control/install/controller_manager_msgs/include/controller_manager_msgs/srv/list_controller_types.h
-- Installing: /home/vx792/ros2_ws/src/ros-controls/ros2_control/install/controller_manager_msgs/include/controller_manager_msgs/srv/list_hardware_interfaces.h
-- Installing: /home/vx792/ros2_ws/src/ros-controls/ros2_control/install/controller_manager_msgs/include/controller_manager_msgs/msg
-- Installing: /home/vx792/ros2_ws/src/ros-controls/ros2_control/install/controller_manager_msgs/include/controller_manager_msgs/msg/hardware_component_state.h
-- Installing: /home/vx792/ros2_ws/src/ros-controls/ros2_control/install/controller_manager_msgs/include/controller_manager_msgs/msg/detail
-- Installing: /home/vx792/ros2_ws/src/ros-controls/ros2_control/install/controller_manager_msgs/include/controller_manager_msgs/msg/detail/controller_state__functions.c
-- Installing: /home/vx792/ros2_ws/src/ros-controls/ros2_control/install/controller_manager_msgs/include/controller_manager_msgs/msg/detail/controller_state__struct.h
-- Installing: /home/vx792/ros2_ws/src/ros-controls/ros2_control/install/controller_manager_msgs/include/controller_manager_msgs/msg/detail/hardware_interface__struct.h
-- Installing: /home/vx792/ros2_ws/src/ros-controls/ros2_control/install/controller_manager_msgs/include/controller_manager_msgs/msg/detail/controller_state__functions.h
-- Installing: /home/vx792/ros2_ws/src/ros-controls/ros2_control/install/controller_manager_msgs/include/controller_manager_msgs/msg/detail/hardware_interface__functions.c
-- Installing: /home/vx792/ros2_ws/src/ros-controls/ros2_control/install/controller_manager_msgs/include/controller_manager_msgs/msg/detail/hardware_component_state__type_support.h
-- Installing: /home/vx792/ros2_ws/src/ros-controls/ros2_control/install/controller_manager_msgs/include/controller_manager_msgs/msg/detail/hardware_interface__functions.h
-- Installing: /home/vx792/ros2_ws/src/ros-controls/ros2_control/install/controller_manager_msgs/include/controller_manager_msgs/msg/detail/hardware_component_state__struct.h
-- Installing: /home/vx792/ros2_ws/src/ros-controls/ros2_control/install/controller_manager_msgs/include/controller_manager_msgs/msg/detail/hardware_interface__type_support.h
-- Installing: /home/vx792/ros2_ws/src/ros-controls/ros2_control/install/controller_manager_msgs/include/controller_manager_msgs/msg/detail/hardware_component_state__functions.c
-- Installing: /home/vx792/ros2_ws/src/ros-controls/ros2_control/install/controller_manager_msgs/include/controller_manager_msgs/msg/detail/hardware_component_state__functions.h
-- Installing: /home/vx792/ros2_ws/src/ros-controls/ros2_control/install/controller_manager_msgs/include/controller_manager_msgs/msg/detail/controller_state__type_support.h
-- Installing: /home/vx792/ros2_ws/src/ros-controls/ros2_control/install/controller_manager_msgs/include/controller_manager_msgs/msg/hardware_interface.h
-- Installing: /home/vx792/ros2_ws/src/ros-controls/ros2_control/install/controller_manager_msgs/include/controller_manager_msgs/msg/controller_state.h
-- Installing: /home/vx792/ros2_ws/src/ros-controls/ros2_control/install/controller_manager_msgs/include/controller_manager_msgs/msg/rosidl_generator_c__visibility_control.h
-- Installing: /home/vx792/ros2_ws/src/ros-controls/ros2_control/install/controller_manager_msgs/share/controller_manager_msgs/environment/library_path.sh
-- Installing: /home/vx792/ros2_ws/src/ros-controls/ros2_control/install/controller_manager_msgs/share/controller_manager_msgs/environment/library_path.dsv
-- Installing: /home/vx792/ros2_ws/src/ros-controls/ros2_control/install/controller_manager_msgs/lib/libcontroller_manager_msgs__rosidl_generator_c.so
-- Set runtime path of "/home/vx792/ros2_ws/src/ros-controls/ros2_control/install/controller_manager_msgs/lib/libcontroller_manager_msgs__rosidl_generator_c.so" to ""
-- Up-to-date: /home/vx792/ros2_ws/src/ros-controls/ros2_control/install/controller_manager_msgs/include/controller_manager_msgs
-- Up-to-date: /home/vx792/ros2_ws/src/ros-controls/ros2_control/install/controller_manager_msgs/include/controller_manager_msgs/srv
-- Up-to-date: /home/vx792/ros2_ws/src/ros-controls/ros2_control/install/controller_manager_msgs/include/controller_manager_msgs/srv/detail
-- Installing: /home/vx792/ros2_ws/src/ros-controls/ros2_control/install/controller_manager_msgs/include/controller_manager_msgs/srv/detail/list_hardware_interfaces__rosidl_typesupport_fastrtps_c.h
-- Installing: /home/vx792/ros2_ws/src/ros-controls/ros2_control/install/controller_manager_msgs/include/controller_manager_msgs/srv/detail/list_controller_types__rosidl_typesupport_fastrtps_c.h
-- Installing: /home/vx792/ros2_ws/src/ros-controls/ros2_control/install/controller_manager_msgs/include/controller_manager_msgs/srv/detail/set_hardware_component_state__rosidl_typesupport_fastrtps_c.h
-- Installing: /home/vx792/ros2_ws/src/ros-controls/ros2_control/install/controller_manager_msgs/include/controller_manager_msgs/srv/detail/list_hardware_components__rosidl_typesupport_fastrtps_c.h
-- Installing: /home/vx792/ros2_ws/src/ros-controls/ros2_control/install/controller_manager_msgs/include/controller_manager_msgs/srv/detail/reload_controller_libraries__rosidl_typesupport_fastrtps_c.h
-- Installing: /home/vx792/ros2_ws/src/ros-controls/ros2_control/install/controller_manager_msgs/include/controller_manager_msgs/srv/detail/load_controller__rosidl_typesupport_fastrtps_c.h
-- Installing: /home/vx792/ros2_ws/src/ros-controls/ros2_control/install/controller_manager_msgs/include/controller_manager_msgs/srv/detail/unload_controller__rosidl_typesupport_fastrtps_c.h
-- Installing: /home/vx792/ros2_ws/src/ros-controls/ros2_control/install/controller_manager_msgs/include/controller_manager_msgs/srv/detail/list_controllers__rosidl_typesupport_fastrtps_c.h
-- Installing: /home/vx792/ros2_ws/src/ros-controls/ros2_control/install/controller_manager_msgs/include/controller_manager_msgs/srv/detail/switch_controller__rosidl_typesupport_fastrtps_c.h
-- Installing: /home/vx792/ros2_ws/src/ros-controls/ros2_control/install/controller_manager_msgs/include/controller_manager_msgs/srv/detail/configure_controller__rosidl_typesupport_fastrtps_c.h
-- Up-to-date: /home/vx792/ros2_ws/src/ros-controls/ros2_control/install/controller_manager_msgs/include/controller_manager_msgs/msg
-- Up-to-date: /home/vx792/ros2_ws/src/ros-controls/ros2_control/install/controller_manager_msgs/include/controller_manager_msgs/msg/detail
-- Installing: /home/vx792/ros2_ws/src/ros-controls/ros2_control/install/controller_manager_msgs/include/controller_manager_msgs/msg/detail/hardware_component_state__rosidl_typesupport_fastrtps_c.h
-- Installing: /home/vx792/ros2_ws/src/ros-controls/ros2_control/install/controller_manager_msgs/include/controller_manager_msgs/msg/detail/hardware_interface__rosidl_typesupport_fastrtps_c.h
-- Installing: /home/vx792/ros2_ws/src/ros-controls/ros2_control/install/controller_manager_msgs/include/controller_manager_msgs/msg/detail/controller_state__rosidl_typesupport_fastrtps_c.h
-- Installing: /home/vx792/ros2_ws/src/ros-controls/ros2_control/install/controller_manager_msgs/include/controller_manager_msgs/msg/rosidl_typesupport_fastrtps_c__visibility_control.h
-- Installing: /home/vx792/ros2_ws/src/ros-controls/ros2_control/install/controller_manager_msgs/lib/libcontroller_manager_msgs__rosidl_typesupport_fastrtps_c.so
-- Set runtime path of "/home/vx792/ros2_ws/src/ros-controls/ros2_control/install/controller_manager_msgs/lib/libcontroller_manager_msgs__rosidl_typesupport_fastrtps_c.so" to ""
-- Up-to-date: /home/vx792/ros2_ws/src/ros-controls/ros2_control/install/controller_manager_msgs/include/controller_manager_msgs
-- Up-to-date: /home/vx792/ros2_ws/src/ros-controls/ros2_control/install/controller_manager_msgs/include/controller_manager_msgs/srv
-- Up-to-date: /home/vx792/ros2_ws/src/ros-controls/ros2_control/install/controller_manager_msgs/include/controller_manager_msgs/srv/detail
-- Installing: /home/vx792/ros2_ws/src/ros-controls/ros2_control/install/controller_manager_msgs/include/controller_manager_msgs/srv/detail/set_hardware_component_state__rosidl_typesupport_fastrtps_cpp.hpp
-- Installing: /home/vx792/ros2_ws/src/ros-controls/ros2_control/install/controller_manager_msgs/include/controller_manager_msgs/srv/detail/dds_fastrtps
-- Installing: /home/vx792/ros2_ws/src/ros-controls/ros2_control/install/controller_manager_msgs/include/controller_manager_msgs/srv/detail/load_controller__rosidl_typesupport_fastrtps_cpp.hpp
-- Installing: /home/vx792/ros2_ws/src/ros-controls/ros2_control/install/controller_manager_msgs/include/controller_manager_msgs/srv/detail/list_hardware_interfaces__rosidl_typesupport_fastrtps_cpp.hpp
-- Installing: /home/vx792/ros2_ws/src/ros-controls/ros2_control/install/controller_manager_msgs/include/controller_manager_msgs/srv/detail/configure_controller__rosidl_typesupport_fastrtps_cpp.hpp
-- Installing: /home/vx792/ros2_ws/src/ros-controls/ros2_control/install/controller_manager_msgs/include/controller_manager_msgs/srv/detail/switch_controller__rosidl_typesupport_fastrtps_cpp.hpp
-- Installing: /home/vx792/ros2_ws/src/ros-controls/ros2_control/install/controller_manager_msgs/include/controller_manager_msgs/srv/detail/list_controller_types__rosidl_typesupport_fastrtps_cpp.hpp
-- Installing: /home/vx792/ros2_ws/src/ros-controls/ros2_control/install/controller_manager_msgs/include/controller_manager_msgs/srv/detail/list_controllers__rosidl_typesupport_fastrtps_cpp.hpp
-- Installing: /home/vx792/ros2_ws/src/ros-controls/ros2_control/install/controller_manager_msgs/include/controller_manager_msgs/srv/detail/list_hardware_components__rosidl_typesupport_fastrtps_cpp.hpp
-- Installing: /home/vx792/ros2_ws/src/ros-controls/ros2_control/install/controller_manager_msgs/include/controller_manager_msgs/srv/detail/reload_controller_libraries__rosidl_typesupport_fastrtps_cpp.hpp
-- Installing: /home/vx792/ros2_ws/src/ros-controls/ros2_control/install/controller_manager_msgs/include/controller_manager_msgs/srv/detail/unload_controller__rosidl_typesupport_fastrtps_cpp.hpp
-- Up-to-date: /home/vx792/ros2_ws/src/ros-controls/ros2_control/install/controller_manager_msgs/include/controller_manager_msgs/msg
-- Up-to-date: /home/vx792/ros2_ws/src/ros-controls/ros2_control/install/controller_manager_msgs/include/controller_manager_msgs/msg/detail
-- Installing: /home/vx792/ros2_ws/src/ros-controls/ros2_control/install/controller_manager_msgs/include/controller_manager_msgs/msg/detail/dds_fastrtps
-- Installing: /home/vx792/ros2_ws/src/ros-controls/ros2_control/install/controller_manager_msgs/include/controller_manager_msgs/msg/detail/controller_state__rosidl_typesupport_fastrtps_cpp.hpp
-- Installing: /home/vx792/ros2_ws/src/ros-controls/ros2_control/install/controller_manager_msgs/include/controller_manager_msgs/msg/detail/hardware_interface__rosidl_typesupport_fastrtps_cpp.hpp
-- Installing: /home/vx792/ros2_ws/src/ros-controls/ros2_control/install/controller_manager_msgs/include/controller_manager_msgs/msg/detail/hardware_component_state__rosidl_typesupport_fastrtps_cpp.hpp
-- Installing: /home/vx792/ros2_ws/src/ros-controls/ros2_control/install/controller_manager_msgs/include/controller_manager_msgs/msg/rosidl_typesupport_fastrtps_cpp__visibility_control.h
-- Installing: /home/vx792/ros2_ws/src/ros-controls/ros2_control/install/controller_manager_msgs/lib/libcontroller_manager_msgs__rosidl_typesupport_fastrtps_cpp.so
-- Set runtime path of "/home/vx792/ros2_ws/src/ros-controls/ros2_control/install/controller_manager_msgs/lib/libcontroller_manager_msgs__rosidl_typesupport_fastrtps_cpp.so" to ""
-- Up-to-date: /home/vx792/ros2_ws/src/ros-controls/ros2_control/install/controller_manager_msgs/include/controller_manager_msgs
-- Up-to-date: /home/vx792/ros2_ws/src/ros-controls/ros2_control/install/controller_manager_msgs/include/controller_manager_msgs/srv
-- Up-to-date: /home/vx792/ros2_ws/src/ros-controls/ros2_control/install/controller_manager_msgs/include/controller_manager_msgs/srv/detail
-- Installing: /home/vx792/ros2_ws/src/ros-controls/ros2_control/install/controller_manager_msgs/include/controller_manager_msgs/srv/detail/list_hardware_components__rosidl_typesupport_introspection_c.h
-- Installing: /home/vx792/ros2_ws/src/ros-controls/ros2_control/install/controller_manager_msgs/include/controller_manager_msgs/srv/detail/configure_controller__type_support.c
-- Installing: /home/vx792/ros2_ws/src/ros-controls/ros2_control/install/controller_manager_msgs/include/controller_manager_msgs/srv/detail/switch_controller__rosidl_typesupport_introspection_c.h
-- Installing: /home/vx792/ros2_ws/src/ros-controls/ros2_control/install/controller_manager_msgs/include/controller_manager_msgs/srv/detail/reload_controller_libraries__rosidl_typesupport_introspection_c.h
-- Installing: /home/vx792/ros2_ws/src/ros-controls/ros2_control/install/controller_manager_msgs/include/controller_manager_msgs/srv/detail/switch_controller__type_support.c
-- Installing: /home/vx792/ros2_ws/src/ros-controls/ros2_control/install/controller_manager_msgs/include/controller_manager_msgs/srv/detail/list_hardware_interfaces__rosidl_typesupport_introspection_c.h
-- Installing: /home/vx792/ros2_ws/src/ros-controls/ros2_control/install/controller_manager_msgs/include/controller_manager_msgs/srv/detail/load_controller__type_support.c
-- Installing: /home/vx792/ros2_ws/src/ros-controls/ros2_control/install/controller_manager_msgs/include/controller_manager_msgs/srv/detail/load_controller__rosidl_typesupport_introspection_c.h
-- Installing: /home/vx792/ros2_ws/src/ros-controls/ros2_control/install/controller_manager_msgs/include/controller_manager_msgs/srv/detail/unload_controller__type_support.c
-- Installing: /home/vx792/ros2_ws/src/ros-controls/ros2_control/install/controller_manager_msgs/include/controller_manager_msgs/srv/detail/list_controllers__rosidl_typesupport_introspection_c.h
-- Installing: /home/vx792/ros2_ws/src/ros-controls/ros2_control/install/controller_manager_msgs/include/controller_manager_msgs/srv/detail/list_controller_types__type_support.c
-- Installing: /home/vx792/ros2_ws/src/ros-controls/ros2_control/install/controller_manager_msgs/include/controller_manager_msgs/srv/detail/list_hardware_components__type_support.c
-- Installing: /home/vx792/ros2_ws/src/ros-controls/ros2_control/install/controller_manager_msgs/include/controller_manager_msgs/srv/detail/configure_controller__rosidl_typesupport_introspection_c.h
-- Installing: /home/vx792/ros2_ws/src/ros-controls/ros2_control/install/controller_manager_msgs/include/controller_manager_msgs/srv/detail/list_controllers__type_support.c
-- Installing: /home/vx792/ros2_ws/src/ros-controls/ros2_control/install/controller_manager_msgs/include/controller_manager_msgs/srv/detail/set_hardware_component_state__rosidl_typesupport_introspection_c.h
-- Installing: /home/vx792/ros2_ws/src/ros-controls/ros2_control/install/controller_manager_msgs/include/controller_manager_msgs/srv/detail/reload_controller_libraries__type_support.c
-- Installing: /home/vx792/ros2_ws/src/ros-controls/ros2_control/install/controller_manager_msgs/include/controller_manager_msgs/srv/detail/list_controller_types__rosidl_typesupport_introspection_c.h
-- Installing: /home/vx792/ros2_ws/src/ros-controls/ros2_control/install/controller_manager_msgs/include/controller_manager_msgs/srv/detail/unload_controller__rosidl_typesupport_introspection_c.h
-- Installing: /home/vx792/ros2_ws/src/ros-controls/ros2_control/install/controller_manager_msgs/include/controller_manager_msgs/srv/detail/set_hardware_component_state__type_support.c
-- Installing: /home/vx792/ros2_ws/src/ros-controls/ros2_control/install/controller_manager_msgs/include/controller_manager_msgs/srv/detail/list_hardware_interfaces__type_support.c
-- Up-to-date: /home/vx792/ros2_ws/src/ros-controls/ros2_control/install/controller_manager_msgs/include/controller_manager_msgs/msg
-- Up-to-date: /home/vx792/ros2_ws/src/ros-controls/ros2_control/install/controller_manager_msgs/include/controller_manager_msgs/msg/detail
-- Installing: /home/vx792/ros2_ws/src/ros-controls/ros2_control/install/controller_manager_msgs/include/controller_manager_msgs/msg/detail/hardware_component_state__type_support.c
-- Installing: /home/vx792/ros2_ws/src/ros-controls/ros2_control/install/controller_manager_msgs/include/controller_manager_msgs/msg/detail/hardware_interface__rosidl_typesupport_introspection_c.h
-- Installing: /home/vx792/ros2_ws/src/ros-controls/ros2_control/install/controller_manager_msgs/include/controller_manager_msgs/msg/detail/controller_state__rosidl_typesupport_introspection_c.h
-- Installing: /home/vx792/ros2_ws/src/ros-controls/ros2_control/install/controller_manager_msgs/include/controller_manager_msgs/msg/detail/hardware_component_state__rosidl_typesupport_introspection_c.h
-- Installing: /home/vx792/ros2_ws/src/ros-controls/ros2_control/install/controller_manager_msgs/include/controller_manager_msgs/msg/detail/hardware_interface__type_support.c
-- Installing: /home/vx792/ros2_ws/src/ros-controls/ros2_control/install/controller_manager_msgs/include/controller_manager_msgs/msg/detail/controller_state__type_support.c
-- Installing: /home/vx792/ros2_ws/src/ros-controls/ros2_control/install/controller_manager_msgs/include/controller_manager_msgs/msg/rosidl_typesupport_introspection_c__visibility_control.h
-- Installing: /home/vx792/ros2_ws/src/ros-controls/ros2_control/install/controller_manager_msgs/lib/libcontroller_manager_msgs__rosidl_typesupport_introspection_c.so
-- Set runtime path of "/home/vx792/ros2_ws/src/ros-controls/ros2_control/install/controller_manager_msgs/lib/libcontroller_manager_msgs__rosidl_typesupport_introspection_c.so" to ""
-- Installing: /home/vx792/ros2_ws/src/ros-controls/ros2_control/install/controller_manager_msgs/lib/libcontroller_manager_msgs__rosidl_typesupport_c.so
-- Set runtime path of "/home/vx792/ros2_ws/src/ros-controls/ros2_control/install/controller_manager_msgs/lib/libcontroller_manager_msgs__rosidl_typesupport_c.so" to ""
-- Up-to-date: /home/vx792/ros2_ws/src/ros-controls/ros2_control/install/controller_manager_msgs/include/controller_manager_msgs
-- Up-to-date: /home/vx792/ros2_ws/src/ros-controls/ros2_control/install/controller_manager_msgs/include/controller_manager_msgs/srv
-- Installing: /home/vx792/ros2_ws/src/ros-controls/ros2_control/install/controller_manager_msgs/include/controller_manager_msgs/srv/list_controllers.hpp
-- Installing: /home/vx792/ros2_ws/src/ros-controls/ros2_control/install/controller_manager_msgs/include/controller_manager_msgs/srv/set_hardware_component_state.hpp
-- Up-to-date: /home/vx792/ros2_ws/src/ros-controls/ros2_control/install/controller_manager_msgs/include/controller_manager_msgs/srv/detail
-- Installing: /home/vx792/ros2_ws/src/ros-controls/ros2_control/install/controller_manager_msgs/include/controller_manager_msgs/srv/detail/load_controller__builder.hpp
-- Installing: /home/vx792/ros2_ws/src/ros-controls/ros2_control/install/controller_manager_msgs/include/controller_manager_msgs/srv/detail/set_hardware_component_state__builder.hpp
-- Installing: /home/vx792/ros2_ws/src/ros-controls/ros2_control/install/controller_manager_msgs/include/controller_manager_msgs/srv/detail/configure_controller__traits.hpp
-- Installing: /home/vx792/ros2_ws/src/ros-controls/ros2_control/install/controller_manager_msgs/include/controller_manager_msgs/srv/detail/set_hardware_component_state__struct.hpp
-- Installing: /home/vx792/ros2_ws/src/ros-controls/ros2_control/install/controller_manager_msgs/include/controller_manager_msgs/srv/detail/switch_controller__builder.hpp
-- Installing: /home/vx792/ros2_ws/src/ros-controls/ros2_control/install/controller_manager_msgs/include/controller_manager_msgs/srv/detail/switch_controller__struct.hpp
-- Installing: /home/vx792/ros2_ws/src/ros-controls/ros2_control/install/controller_manager_msgs/include/controller_manager_msgs/srv/detail/list_hardware_components__builder.hpp
-- Installing: /home/vx792/ros2_ws/src/ros-controls/ros2_control/install/controller_manager_msgs/include/controller_manager_msgs/srv/detail/load_controller__struct.hpp
-- Installing: /home/vx792/ros2_ws/src/ros-controls/ros2_control/install/controller_manager_msgs/include/controller_manager_msgs/srv/detail/list_hardware_interfaces__struct.hpp
-- Installing: /home/vx792/ros2_ws/src/ros-controls/ros2_control/install/controller_manager_msgs/include/controller_manager_msgs/srv/detail/list_controllers__builder.hpp
-- Installing: /home/vx792/ros2_ws/src/ros-controls/ros2_control/install/controller_manager_msgs/include/controller_manager_msgs/srv/detail/list_controllers__struct.hpp
-- Installing: /home/vx792/ros2_ws/src/ros-controls/ros2_control/install/controller_manager_msgs/include/controller_manager_msgs/srv/detail/configure_controller__struct.hpp
-- Installing: /home/vx792/ros2_ws/src/ros-controls/ros2_control/install/controller_manager_msgs/include/controller_manager_msgs/srv/detail/reload_controller_libraries__builder.hpp
-- Installing: /home/vx792/ros2_ws/src/ros-controls/ros2_control/install/controller_manager_msgs/include/controller_manager_msgs/srv/detail/set_hardware_component_state__traits.hpp
-- Installing: /home/vx792/ros2_ws/src/ros-controls/ros2_control/install/controller_manager_msgs/include/controller_manager_msgs/srv/detail/list_hardware_interfaces__builder.hpp
-- Installing: /home/vx792/ros2_ws/src/ros-controls/ros2_control/install/controller_manager_msgs/include/controller_manager_msgs/srv/detail/list_controller_types__builder.hpp
-- Installing: /home/vx792/ros2_ws/src/ros-controls/ros2_control/install/controller_manager_msgs/include/controller_manager_msgs/srv/detail/unload_controller__struct.hpp
-- Installing: /home/vx792/ros2_ws/src/ros-controls/ros2_control/install/controller_manager_msgs/include/controller_manager_msgs/srv/detail/list_hardware_components__traits.hpp
-- Installing: /home/vx792/ros2_ws/src/ros-controls/ros2_control/install/controller_manager_msgs/include/controller_manager_msgs/srv/detail/list_controllers__traits.hpp
-- Installing: /home/vx792/ros2_ws/src/ros-controls/ros2_control/install/controller_manager_msgs/include/controller_manager_msgs/srv/detail/list_hardware_components__struct.hpp
-- Installing: /home/vx792/ros2_ws/src/ros-controls/ros2_control/install/controller_manager_msgs/include/controller_manager_msgs/srv/detail/reload_controller_libraries__traits.hpp
-- Installing: /home/vx792/ros2_ws/src/ros-controls/ros2_control/install/controller_manager_msgs/include/controller_manager_msgs/srv/detail/switch_controller__traits.hpp
-- Installing: /home/vx792/ros2_ws/src/ros-controls/ros2_control/install/controller_manager_msgs/include/controller_manager_msgs/srv/detail/reload_controller_libraries__struct.hpp
-- Installing: /home/vx792/ros2_ws/src/ros-controls/ros2_control/install/controller_manager_msgs/include/controller_manager_msgs/srv/detail/list_controller_types__struct.hpp
-- Installing: /home/vx792/ros2_ws/src/ros-controls/ros2_control/install/controller_manager_msgs/include/controller_manager_msgs/srv/detail/list_hardware_interfaces__traits.hpp
-- Installing: /home/vx792/ros2_ws/src/ros-controls/ros2_control/install/controller_manager_msgs/include/controller_manager_msgs/srv/detail/unload_controller__traits.hpp
-- Installing: /home/vx792/ros2_ws/src/ros-controls/ros2_control/install/controller_manager_msgs/include/controller_manager_msgs/srv/detail/configure_controller__builder.hpp
-- Installing: /home/vx792/ros2_ws/src/ros-controls/ros2_control/install/controller_manager_msgs/include/controller_manager_msgs/srv/detail/unload_controller__builder.hpp
-- Installing: /home/vx792/ros2_ws/src/ros-controls/ros2_control/install/controller_manager_msgs/include/controller_manager_msgs/srv/detail/load_controller__traits.hpp
-- Installing: /home/vx792/ros2_ws/src/ros-controls/ros2_control/install/controller_manager_msgs/include/controller_manager_msgs/srv/detail/list_controller_types__traits.hpp
-- Installing: /home/vx792/ros2_ws/src/ros-controls/ros2_control/install/controller_manager_msgs/include/controller_manager_msgs/srv/list_controller_types.hpp
-- Installing: /home/vx792/ros2_ws/src/ros-controls/ros2_control/install/controller_manager_msgs/include/controller_manager_msgs/srv/list_hardware_components.hpp
-- Installing: /home/vx792/ros2_ws/src/ros-controls/ros2_control/install/controller_manager_msgs/include/controller_manager_msgs/srv/list_hardware_interfaces.hpp
-- Installing: /home/vx792/ros2_ws/src/ros-controls/ros2_control/install/controller_manager_msgs/include/controller_manager_msgs/srv/switch_controller.hpp
-- Installing: /home/vx792/ros2_ws/src/ros-controls/ros2_control/install/controller_manager_msgs/include/controller_manager_msgs/srv/unload_controller.hpp
-- Installing: /home/vx792/ros2_ws/src/ros-controls/ros2_control/install/controller_manager_msgs/include/controller_manager_msgs/srv/reload_controller_libraries.hpp
-- Installing: /home/vx792/ros2_ws/src/ros-controls/ros2_control/install/controller_manager_msgs/include/controller_manager_msgs/srv/configure_controller.hpp
-- Installing: /home/vx792/ros2_ws/src/ros-controls/ros2_control/install/controller_manager_msgs/include/controller_manager_msgs/srv/load_controller.hpp
-- Up-to-date: /home/vx792/ros2_ws/src/ros-controls/ros2_control/install/controller_manager_msgs/include/controller_manager_msgs/msg
-- Installing: /home/vx792/ros2_ws/src/ros-controls/ros2_control/install/controller_manager_msgs/include/controller_manager_msgs/msg/hardware_component_state.hpp
-- Up-to-date: /home/vx792/ros2_ws/src/ros-controls/ros2_control/install/controller_manager_msgs/include/controller_manager_msgs/msg/detail
-- Installing: /home/vx792/ros2_ws/src/ros-controls/ros2_control/install/controller_manager_msgs/include/controller_manager_msgs/msg/detail/controller_state__traits.hpp
-- Installing: /home/vx792/ros2_ws/src/ros-controls/ros2_control/install/controller_manager_msgs/include/controller_manager_msgs/msg/detail/hardware_interface__traits.hpp
-- Installing: /home/vx792/ros2_ws/src/ros-controls/ros2_control/install/controller_manager_msgs/include/controller_manager_msgs/msg/detail/controller_state__struct.hpp
-- Installing: /home/vx792/ros2_ws/src/ros-controls/ros2_control/install/controller_manager_msgs/include/controller_manager_msgs/msg/detail/hardware_interface__builder.hpp
-- Installing: /home/vx792/ros2_ws/src/ros-controls/ros2_control/install/controller_manager_msgs/include/controller_manager_msgs/msg/detail/hardware_component_state__traits.hpp
-- Installing: /home/vx792/ros2_ws/src/ros-controls/ros2_control/install/controller_manager_msgs/include/controller_manager_msgs/msg/detail/hardware_component_state__builder.hpp
-- Installing: /home/vx792/ros2_ws/src/ros-controls/ros2_control/install/controller_manager_msgs/include/controller_manager_msgs/msg/detail/hardware_component_state__struct.hpp
-- Installing: /home/vx792/ros2_ws/src/ros-controls/ros2_control/install/controller_manager_msgs/include/controller_manager_msgs/msg/detail/controller_state__builder.hpp
-- Installing: /home/vx792/ros2_ws/src/ros-controls/ros2_control/install/controller_manager_msgs/include/controller_manager_msgs/msg/detail/hardware_interface__struct.hpp
-- Installing: /home/vx792/ros2_ws/src/ros-controls/ros2_control/install/controller_manager_msgs/include/controller_manager_msgs/msg/controller_state.hpp
-- Installing: /home/vx792/ros2_ws/src/ros-controls/ros2_control/install/controller_manager_msgs/include/controller_manager_msgs/msg/hardware_interface.hpp
-- Up-to-date: /home/vx792/ros2_ws/src/ros-controls/ros2_control/install/controller_manager_msgs/include/controller_manager_msgs
-- Up-to-date: /home/vx792/ros2_ws/src/ros-controls/ros2_control/install/controller_manager_msgs/include/controller_manager_msgs/srv
-- Up-to-date: /home/vx792/ros2_ws/src/ros-controls/ros2_control/install/controller_manager_msgs/include/controller_manager_msgs/srv/detail
-- Installing: /home/vx792/ros2_ws/src/ros-controls/ros2_control/install/controller_manager_msgs/include/controller_manager_msgs/srv/detail/list_hardware_interfaces__type_support.cpp
-- Installing: /home/vx792/ros2_ws/src/ros-controls/ros2_control/install/controller_manager_msgs/include/controller_manager_msgs/srv/detail/unload_controller__rosidl_typesupport_introspection_cpp.hpp
-- Installing: /home/vx792/ros2_ws/src/ros-controls/ros2_control/install/controller_manager_msgs/include/controller_manager_msgs/srv/detail/switch_controller__type_support.cpp
-- Installing: /home/vx792/ros2_ws/src/ros-controls/ros2_control/install/controller_manager_msgs/include/controller_manager_msgs/srv/detail/list_controllers__rosidl_typesupport_introspection_cpp.hpp
-- Installing: /home/vx792/ros2_ws/src/ros-controls/ros2_control/install/controller_manager_msgs/include/controller_manager_msgs/srv/detail/list_controller_types__type_support.cpp
-- Installing: /home/vx792/ros2_ws/src/ros-controls/ros2_control/install/controller_manager_msgs/include/controller_manager_msgs/srv/detail/configure_controller__type_support.cpp
-- Installing: /home/vx792/ros2_ws/src/ros-controls/ros2_control/install/controller_manager_msgs/include/controller_manager_msgs/srv/detail/set_hardware_component_state__rosidl_typesupport_introspection_cpp.hpp
-- Installing: /home/vx792/ros2_ws/src/ros-controls/ros2_control/install/controller_manager_msgs/include/controller_manager_msgs/srv/detail/list_hardware_interfaces__rosidl_typesupport_introspection_cpp.hpp
-- Installing: /home/vx792/ros2_ws/src/ros-controls/ros2_control/install/controller_manager_msgs/include/controller_manager_msgs/srv/detail/list_hardware_components__rosidl_typesupport_introspection_cpp.hpp
-- Installing: /home/vx792/ros2_ws/src/ros-controls/ros2_control/install/controller_manager_msgs/include/controller_manager_msgs/srv/detail/reload_controller_libraries__rosidl_typesupport_introspection_cpp.hpp
-- Installing: /home/vx792/ros2_ws/src/ros-controls/ros2_control/install/controller_manager_msgs/include/controller_manager_msgs/srv/detail/load_controller__rosidl_typesupport_introspection_cpp.hpp
-- Installing: /home/vx792/ros2_ws/src/ros-controls/ros2_control/install/controller_manager_msgs/include/controller_manager_msgs/srv/detail/unload_controller__type_support.cpp
-- Installing: /home/vx792/ros2_ws/src/ros-controls/ros2_control/install/controller_manager_msgs/include/controller_manager_msgs/srv/detail/set_hardware_component_state__type_support.cpp
-- Installing: /home/vx792/ros2_ws/src/ros-controls/ros2_control/install/controller_manager_msgs/include/controller_manager_msgs/srv/detail/list_hardware_components__type_support.cpp
-- Installing: /home/vx792/ros2_ws/src/ros-controls/ros2_control/install/controller_manager_msgs/include/controller_manager_msgs/srv/detail/switch_controller__rosidl_typesupport_introspection_cpp.hpp
-- Installing: /home/vx792/ros2_ws/src/ros-controls/ros2_control/install/controller_manager_msgs/include/controller_manager_msgs/srv/detail/list_controllers__type_support.cpp
-- Installing: /home/vx792/ros2_ws/src/ros-controls/ros2_control/install/controller_manager_msgs/include/controller_manager_msgs/srv/detail/configure_controller__rosidl_typesupport_introspection_cpp.hpp
-- Installing: /home/vx792/ros2_ws/src/ros-controls/ros2_control/install/controller_manager_msgs/include/controller_manager_msgs/srv/detail/load_controller__type_support.cpp
-- Installing: /home/vx792/ros2_ws/src/ros-controls/ros2_control/install/controller_manager_msgs/include/controller_manager_msgs/srv/detail/list_controller_types__rosidl_typesupport_introspection_cpp.hpp
-- Installing: /home/vx792/ros2_ws/src/ros-controls/ros2_control/install/controller_manager_msgs/include/controller_manager_msgs/srv/detail/reload_controller_libraries__type_support.cpp
-- Up-to-date: /home/vx792/ros2_ws/src/ros-controls/ros2_control/install/controller_manager_msgs/include/controller_manager_msgs/msg
-- Up-to-date: /home/vx792/ros2_ws/src/ros-controls/ros2_control/install/controller_manager_msgs/include/controller_manager_msgs/msg/detail
-- Installing: /home/vx792/ros2_ws/src/ros-controls/ros2_control/install/controller_manager_msgs/include/controller_manager_msgs/msg/detail/hardware_component_state__type_support.cpp
-- Installing: /home/vx792/ros2_ws/src/ros-controls/ros2_control/install/controller_manager_msgs/include/controller_manager_msgs/msg/detail/hardware_component_state__rosidl_typesupport_introspection_cpp.hpp
-- Installing: /home/vx792/ros2_ws/src/ros-controls/ros2_control/install/controller_manager_msgs/include/controller_manager_msgs/msg/detail/hardware_interface__rosidl_typesupport_introspection_cpp.hpp
-- Installing: /home/vx792/ros2_ws/src/ros-controls/ros2_control/install/controller_manager_msgs/include/controller_manager_msgs/msg/detail/controller_state__type_support.cpp
-- Installing: /home/vx792/ros2_ws/src/ros-controls/ros2_control/install/controller_manager_msgs/include/controller_manager_msgs/msg/detail/hardware_interface__type_support.cpp
-- Installing: /home/vx792/ros2_ws/src/ros-controls/ros2_control/install/controller_manager_msgs/include/controller_manager_msgs/msg/detail/controller_state__rosidl_typesupport_introspection_cpp.hpp
-- Installing: /home/vx792/ros2_ws/src/ros-controls/ros2_control/install/controller_manager_msgs/lib/libcontroller_manager_msgs__rosidl_typesupport_introspection_cpp.so
-- Set runtime path of "/home/vx792/ros2_ws/src/ros-controls/ros2_control/install/controller_manager_msgs/lib/libcontroller_manager_msgs__rosidl_typesupport_introspection_cpp.so" to ""
-- Installing: /home/vx792/ros2_ws/src/ros-controls/ros2_control/install/controller_manager_msgs/lib/libcontroller_manager_msgs__rosidl_typesupport_cpp.so
-- Set runtime path of "/home/vx792/ros2_ws/src/ros-controls/ros2_control/install/controller_manager_msgs/lib/libcontroller_manager_msgs__rosidl_typesupport_cpp.so" to ""
-- Installing: /home/vx792/ros2_ws/src/ros-controls/ros2_control/install/controller_manager_msgs/share/controller_manager_msgs/environment/pythonpath.sh
-- Installing: /home/vx792/ros2_ws/src/ros-controls/ros2_control/install/controller_manager_msgs/share/controller_manager_msgs/environment/pythonpath.dsv
-- Installing: /home/vx792/ros2_ws/src/ros-controls/ros2_control/install/controller_manager_msgs/lib/python3.8/site-packages/controller_manager_msgs-2.12.1-py3.8.egg-info
-- Installing: /home/vx792/ros2_ws/src/ros-controls/ros2_control/install/controller_manager_msgs/lib/python3.8/site-packages/controller_manager_msgs-2.12.1-py3.8.egg-info/PKG-INFO
-- Installing: /home/vx792/ros2_ws/src/ros-controls/ros2_control/install/controller_manager_msgs/lib/python3.8/site-packages/controller_manager_msgs-2.12.1-py3.8.egg-info/dependency_links.txt
-- Installing: /home/vx792/ros2_ws/src/ros-controls/ros2_control/install/controller_manager_msgs/lib/python3.8/site-packages/controller_manager_msgs-2.12.1-py3.8.egg-info/SOURCES.txt
-- Installing: /home/vx792/ros2_ws/src/ros-controls/ros2_control/install/controller_manager_msgs/lib/python3.8/site-packages/controller_manager_msgs-2.12.1-py3.8.egg-info/top_level.txt
-- Installing: /home/vx792/ros2_ws/src/ros-controls/ros2_control/install/controller_manager_msgs/lib/python3.8/site-packages/controller_manager_msgs
-- Installing: /home/vx792/ros2_ws/src/ros-controls/ros2_control/install/controller_manager_msgs/lib/python3.8/site-packages/controller_manager_msgs/controller_manager_msgs_s__rosidl_typesupport_c.cpython-38-x86_64-linux-gnu.so
-- Installing: /home/vx792/ros2_ws/src/ros-controls/ros2_control/install/controller_manager_msgs/lib/python3.8/site-packages/controller_manager_msgs/__init__.py
-- Installing: /home/vx792/ros2_ws/src/ros-controls/ros2_control/install/controller_manager_msgs/lib/python3.8/site-packages/controller_manager_msgs/srv
-- Installing: /home/vx792/ros2_ws/src/ros-controls/ros2_control/install/controller_manager_msgs/lib/python3.8/site-packages/controller_manager_msgs/srv/_switch_controller_s.c
-- Installing: /home/vx792/ros2_ws/src/ros-controls/ros2_control/install/controller_manager_msgs/lib/python3.8/site-packages/controller_manager_msgs/srv/_set_hardware_component_state_s.c
-- Installing: /home/vx792/ros2_ws/src/ros-controls/ros2_control/install/controller_manager_msgs/lib/python3.8/site-packages/controller_manager_msgs/srv/__init__.py
-- Installing: /home/vx792/ros2_ws/src/ros-controls/ros2_control/install/controller_manager_msgs/lib/python3.8/site-packages/controller_manager_msgs/srv/_list_hardware_components.py
-- Installing: /home/vx792/ros2_ws/src/ros-controls/ros2_control/install/controller_manager_msgs/lib/python3.8/site-packages/controller_manager_msgs/srv/_list_hardware_interfaces.py
-- Installing: /home/vx792/ros2_ws/src/ros-controls/ros2_control/install/controller_manager_msgs/lib/python3.8/site-packages/controller_manager_msgs/srv/_list_controller_types.py
-- Installing: /home/vx792/ros2_ws/src/ros-controls/ros2_control/install/controller_manager_msgs/lib/python3.8/site-packages/controller_manager_msgs/srv/_list_controllers.py
-- Installing: /home/vx792/ros2_ws/src/ros-controls/ros2_control/install/controller_manager_msgs/lib/python3.8/site-packages/controller_manager_msgs/srv/_list_controllers_s.c
-- Installing: /home/vx792/ros2_ws/src/ros-controls/ros2_control/install/controller_manager_msgs/lib/python3.8/site-packages/controller_manager_msgs/srv/_list_controller_types_s.c
-- Installing: /home/vx792/ros2_ws/src/ros-controls/ros2_control/install/controller_manager_msgs/lib/python3.8/site-packages/controller_manager_msgs/srv/_load_controller_s.c
-- Installing: /home/vx792/ros2_ws/src/ros-controls/ros2_control/install/controller_manager_msgs/lib/python3.8/site-packages/controller_manager_msgs/srv/_reload_controller_libraries.py
-- Installing: /home/vx792/ros2_ws/src/ros-controls/ros2_control/install/controller_manager_msgs/lib/python3.8/site-packages/controller_manager_msgs/srv/_set_hardware_component_state.py
-- Installing: /home/vx792/ros2_ws/src/ros-controls/ros2_control/install/controller_manager_msgs/lib/python3.8/site-packages/controller_manager_msgs/srv/_load_controller.py
-- Installing: /home/vx792/ros2_ws/src/ros-controls/ros2_control/install/controller_manager_msgs/lib/python3.8/site-packages/controller_manager_msgs/srv/_unload_controller_s.c
-- Installing: /home/vx792/ros2_ws/src/ros-controls/ros2_control/install/controller_manager_msgs/lib/python3.8/site-packages/controller_manager_msgs/srv/_list_hardware_components_s.c
-- Installing: /home/vx792/ros2_ws/src/ros-controls/ros2_control/install/controller_manager_msgs/lib/python3.8/site-packages/controller_manager_msgs/srv/_unload_controller.py
-- Installing: /home/vx792/ros2_ws/src/ros-controls/ros2_control/install/controller_manager_msgs/lib/python3.8/site-packages/controller_manager_msgs/srv/_configure_controller_s.c
-- Installing: /home/vx792/ros2_ws/src/ros-controls/ros2_control/install/controller_manager_msgs/lib/python3.8/site-packages/controller_manager_msgs/srv/_list_hardware_interfaces_s.c
-- Installing: /home/vx792/ros2_ws/src/ros-controls/ros2_control/install/controller_manager_msgs/lib/python3.8/site-packages/controller_manager_msgs/srv/_reload_controller_libraries_s.c
-- Installing: /home/vx792/ros2_ws/src/ros-controls/ros2_control/install/controller_manager_msgs/lib/python3.8/site-packages/controller_manager_msgs/srv/_configure_controller.py
-- Installing: /home/vx792/ros2_ws/src/ros-controls/ros2_control/install/controller_manager_msgs/lib/python3.8/site-packages/controller_manager_msgs/srv/_switch_controller.py
-- Installing: /home/vx792/ros2_ws/src/ros-controls/ros2_control/install/controller_manager_msgs/lib/python3.8/site-packages/controller_manager_msgs/libcontroller_manager_msgs__rosidl_generator_py.so
-- Installing: /home/vx792/ros2_ws/src/ros-controls/ros2_control/install/controller_manager_msgs/lib/python3.8/site-packages/controller_manager_msgs/_controller_manager_msgs_s.ep.rosidl_typesupport_c.c
-- Installing: /home/vx792/ros2_ws/src/ros-controls/ros2_control/install/controller_manager_msgs/lib/python3.8/site-packages/controller_manager_msgs/_controller_manager_msgs_s.ep.rosidl_typesupport_introspection_c.c
-- Installing: /home/vx792/ros2_ws/src/ros-controls/ros2_control/install/controller_manager_msgs/lib/python3.8/site-packages/controller_manager_msgs/controller_manager_msgs_s__rosidl_typesupport_fastrtps_c.cpython-38-x86_64-linux-gnu.so
-- Installing: /home/vx792/ros2_ws/src/ros-controls/ros2_control/install/controller_manager_msgs/lib/python3.8/site-packages/controller_manager_msgs/_controller_manager_msgs_s.ep.rosidl_typesupport_fastrtps_c.c
-- Installing: /home/vx792/ros2_ws/src/ros-controls/ros2_control/install/controller_manager_msgs/lib/python3.8/site-packages/controller_manager_msgs/controller_manager_msgs_s__rosidl_typesupport_introspection_c.cpython-38-x86_64-linux-gnu.so
-- Installing: /home/vx792/ros2_ws/src/ros-controls/ros2_control/install/controller_manager_msgs/lib/python3.8/site-packages/controller_manager_msgs/msg
-- Installing: /home/vx792/ros2_ws/src/ros-controls/ros2_control/install/controller_manager_msgs/lib/python3.8/site-packages/controller_manager_msgs/msg/__init__.py
-- Installing: /home/vx792/ros2_ws/src/ros-controls/ros2_control/install/controller_manager_msgs/lib/python3.8/site-packages/controller_manager_msgs/msg/_hardware_interface_s.c
-- Installing: /home/vx792/ros2_ws/src/ros-controls/ros2_control/install/controller_manager_msgs/lib/python3.8/site-packages/controller_manager_msgs/msg/_controller_state_s.c
-- Installing: /home/vx792/ros2_ws/src/ros-controls/ros2_control/install/controller_manager_msgs/lib/python3.8/site-packages/controller_manager_msgs/msg/_hardware_interface.py
-- Installing: /home/vx792/ros2_ws/src/ros-controls/ros2_control/install/controller_manager_msgs/lib/python3.8/site-packages/controller_manager_msgs/msg/_hardware_component_state_s.c
-- Installing: /home/vx792/ros2_ws/src/ros-controls/ros2_control/install/controller_manager_msgs/lib/python3.8/site-packages/controller_manager_msgs/msg/_hardware_component_state.py
-- Installing: /home/vx792/ros2_ws/src/ros-controls/ros2_control/install/controller_manager_msgs/lib/python3.8/site-packages/controller_manager_msgs/msg/_controller_state.py
Listing '/home/vx792/ros2_ws/src/ros-controls/ros2_control/install/controller_manager_msgs/lib/python3.8/site-packages/controller_manager_msgs'...
Compiling '/home/vx792/ros2_ws/src/ros-controls/ros2_control/install/controller_manager_msgs/lib/python3.8/site-packages/controller_manager_msgs/__init__.py'...
Listing '/home/vx792/ros2_ws/src/ros-controls/ros2_control/install/controller_manager_msgs/lib/python3.8/site-packages/controller_manager_msgs/msg'...
Compiling '/home/vx792/ros2_ws/src/ros-controls/ros2_control/install/controller_manager_msgs/lib/python3.8/site-packages/controller_manager_msgs/msg/__init__.py'...
Compiling '/home/vx792/ros2_ws/src/ros-controls/ros2_control/install/controller_manager_msgs/lib/python3.8/site-packages/controller_manager_msgs/msg/_controller_state.py'...
Compiling '/home/vx792/ros2_ws/src/ros-controls/ros2_control/install/controller_manager_msgs/lib/python3.8/site-packages/controller_manager_msgs/msg/_hardware_component_state.py'...
Compiling '/home/vx792/ros2_ws/src/ros-controls/ros2_control/install/controller_manager_msgs/lib/python3.8/site-packages/controller_manager_msgs/msg/_hardware_interface.py'...
Listing '/home/vx792/ros2_ws/src/ros-controls/ros2_control/install/controller_manager_msgs/lib/python3.8/site-packages/controller_manager_msgs/srv'...
Compiling '/home/vx792/ros2_ws/src/ros-controls/ros2_control/install/controller_manager_msgs/lib/python3.8/site-packages/controller_manager_msgs/srv/__init__.py'...
Compiling '/home/vx792/ros2_ws/src/ros-controls/ros2_control/install/controller_manager_msgs/lib/python3.8/site-packages/controller_manager_msgs/srv/_configure_controller.py'...
Compiling '/home/vx792/ros2_ws/src/ros-controls/ros2_control/install/controller_manager_msgs/lib/python3.8/site-packages/controller_manager_msgs/srv/_list_controller_types.py'...
Compiling '/home/vx792/ros2_ws/src/ros-controls/ros2_control/install/controller_manager_msgs/lib/python3.8/site-packages/controller_manager_msgs/srv/_list_controllers.py'...
Compiling '/home/vx792/ros2_ws/src/ros-controls/ros2_control/install/controller_manager_msgs/lib/python3.8/site-packages/controller_manager_msgs/srv/_list_hardware_components.py'...
Compiling '/home/vx792/ros2_ws/src/ros-controls/ros2_control/install/controller_manager_msgs/lib/python3.8/site-packages/controller_manager_msgs/srv/_list_hardware_interfaces.py'...
Compiling '/home/vx792/ros2_ws/src/ros-controls/ros2_control/install/controller_manager_msgs/lib/python3.8/site-packages/controller_manager_msgs/srv/_load_controller.py'...
Compiling '/home/vx792/ros2_ws/src/ros-controls/ros2_control/install/controller_manager_msgs/lib/python3.8/site-packages/controller_manager_msgs/srv/_reload_controller_libraries.py'...
Compiling '/home/vx792/ros2_ws/src/ros-controls/ros2_control/install/controller_manager_msgs/lib/python3.8/site-packages/controller_manager_msgs/srv/_set_hardware_component_state.py'...
Compiling '/home/vx792/ros2_ws/src/ros-controls/ros2_control/install/controller_manager_msgs/lib/python3.8/site-packages/controller_manager_msgs/srv/_switch_controller.py'...
Compiling '/home/vx792/ros2_ws/src/ros-controls/ros2_control/install/controller_manager_msgs/lib/python3.8/site-packages/controller_manager_msgs/srv/_unload_controller.py'...
-- Installing: /home/vx792/ros2_ws/src/ros-controls/ros2_control/install/controller_manager_msgs/lib/python3.8/site-packages/controller_manager_msgs/controller_manager_msgs_s__rosidl_typesupport_fastrtps_c.cpython-38-x86_64-linux-gnu.so
-- Set runtime path of "/home/vx792/ros2_ws/src/ros-controls/ros2_control/install/controller_manager_msgs/lib/python3.8/site-packages/controller_manager_msgs/controller_manager_msgs_s__rosidl_typesupport_fastrtps_c.cpython-38-x86_64-linux-gnu.so" to ""
-- Installing: /home/vx792/ros2_ws/src/ros-controls/ros2_control/install/controller_manager_msgs/lib/python3.8/site-packages/controller_manager_msgs/controller_manager_msgs_s__rosidl_typesupport_introspection_c.cpython-38-x86_64-linux-gnu.so
-- Set runtime path of "/home/vx792/ros2_ws/src/ros-controls/ros2_control/install/controller_manager_msgs/lib/python3.8/site-packages/controller_manager_msgs/controller_manager_msgs_s__rosidl_typesupport_introspection_c.cpython-38-x86_64-linux-gnu.so" to ""
-- Installing: /home/vx792/ros2_ws/src/ros-controls/ros2_control/install/controller_manager_msgs/lib/python3.8/site-packages/controller_manager_msgs/controller_manager_msgs_s__rosidl_typesupport_c.cpython-38-x86_64-linux-gnu.so
-- Set runtime path of "/home/vx792/ros2_ws/src/ros-controls/ros2_control/install/controller_manager_msgs/lib/python3.8/site-packages/controller_manager_msgs/controller_manager_msgs_s__rosidl_typesupport_c.cpython-38-x86_64-linux-gnu.so" to ""
-- Installing: /home/vx792/ros2_ws/src/ros-controls/ros2_control/install/controller_manager_msgs/lib/libcontroller_manager_msgs__rosidl_generator_py.so
-- Set runtime path of "/home/vx792/ros2_ws/src/ros-controls/ros2_control/install/controller_manager_msgs/lib/libcontroller_manager_msgs__rosidl_generator_py.so" to ""
-- Installing: /home/vx792/ros2_ws/src/ros-controls/ros2_control/install/controller_manager_msgs/share/controller_manager_msgs/msg/ControllerState.idl
-- Installing: /home/vx792/ros2_ws/src/ros-controls/ros2_control/install/controller_manager_msgs/share/controller_manager_msgs/msg/HardwareComponentState.idl
-- Installing: /home/vx792/ros2_ws/src/ros-controls/ros2_control/install/controller_manager_msgs/share/controller_manager_msgs/msg/HardwareInterface.idl
-- Installing: /home/vx792/ros2_ws/src/ros-controls/ros2_control/install/controller_manager_msgs/share/controller_manager_msgs/srv/ConfigureController.idl
-- Installing: /home/vx792/ros2_ws/src/ros-controls/ros2_control/install/controller_manager_msgs/share/controller_manager_msgs/srv/ListControllers.idl
-- Installing: /home/vx792/ros2_ws/src/ros-controls/ros2_control/install/controller_manager_msgs/share/controller_manager_msgs/srv/ListControllerTypes.idl
-- Installing: /home/vx792/ros2_ws/src/ros-controls/ros2_control/install/controller_manager_msgs/share/controller_manager_msgs/srv/ListHardwareComponents.idl
-- Installing: /home/vx792/ros2_ws/src/ros-controls/ros2_control/install/controller_manager_msgs/share/controller_manager_msgs/srv/ListHardwareInterfaces.idl
-- Installing: /home/vx792/ros2_ws/src/ros-controls/ros2_control/install/controller_manager_msgs/share/controller_manager_msgs/srv/LoadController.idl
-- Installing: /home/vx792/ros2_ws/src/ros-controls/ros2_control/install/controller_manager_msgs/share/controller_manager_msgs/srv/ReloadControllerLibraries.idl
-- Installing: /home/vx792/ros2_ws/src/ros-controls/ros2_control/install/controller_manager_msgs/share/controller_manager_msgs/srv/SetHardwareComponentState.idl
-- Installing: /home/vx792/ros2_ws/src/ros-controls/ros2_control/install/controller_manager_msgs/share/controller_manager_msgs/srv/SwitchController.idl
-- Installing: /home/vx792/ros2_ws/src/ros-controls/ros2_control/install/controller_manager_msgs/share/controller_manager_msgs/srv/UnloadController.idl
-- Installing: /home/vx792/ros2_ws/src/ros-controls/ros2_control/install/controller_manager_msgs/share/controller_manager_msgs/msg/ControllerState.msg
-- Installing: /home/vx792/ros2_ws/src/ros-controls/ros2_control/install/controller_manager_msgs/share/controller_manager_msgs/msg/HardwareComponentState.msg
-- Installing: /home/vx792/ros2_ws/src/ros-controls/ros2_control/install/controller_manager_msgs/share/controller_manager_msgs/msg/HardwareInterface.msg
-- Installing: /home/vx792/ros2_ws/src/ros-controls/ros2_control/install/controller_manager_msgs/share/controller_manager_msgs/srv/ConfigureController.srv
-- Installing: /home/vx792/ros2_ws/src/ros-controls/ros2_control/install/controller_manager_msgs/share/controller_manager_msgs/srv/ConfigureController_Request.msg
-- Installing: /home/vx792/ros2_ws/src/ros-controls/ros2_control/install/controller_manager_msgs/share/controller_manager_msgs/srv/ConfigureController_Response.msg
-- Installing: /home/vx792/ros2_ws/src/ros-controls/ros2_control/install/controller_manager_msgs/share/controller_manager_msgs/srv/ListControllers.srv
-- Installing: /home/vx792/ros2_ws/src/ros-controls/ros2_control/install/controller_manager_msgs/share/controller_manager_msgs/srv/ListControllers_Request.msg
-- Installing: /home/vx792/ros2_ws/src/ros-controls/ros2_control/install/controller_manager_msgs/share/controller_manager_msgs/srv/ListControllers_Response.msg
-- Installing: /home/vx792/ros2_ws/src/ros-controls/ros2_control/install/controller_manager_msgs/share/controller_manager_msgs/srv/ListControllerTypes.srv
-- Installing: /home/vx792/ros2_ws/src/ros-controls/ros2_control/install/controller_manager_msgs/share/controller_manager_msgs/srv/ListControllerTypes_Request.msg
-- Installing: /home/vx792/ros2_ws/src/ros-controls/ros2_control/install/controller_manager_msgs/share/controller_manager_msgs/srv/ListControllerTypes_Response.msg
-- Installing: /home/vx792/ros2_ws/src/ros-controls/ros2_control/install/controller_manager_msgs/share/controller_manager_msgs/srv/ListHardwareComponents.srv
-- Installing: /home/vx792/ros2_ws/src/ros-controls/ros2_control/install/controller_manager_msgs/share/controller_manager_msgs/srv/ListHardwareComponents_Request.msg
-- Installing: /home/vx792/ros2_ws/src/ros-controls/ros2_control/install/controller_manager_msgs/share/controller_manager_msgs/srv/ListHardwareComponents_Response.msg
-- Installing: /home/vx792/ros2_ws/src/ros-controls/ros2_control/install/controller_manager_msgs/share/controller_manager_msgs/srv/ListHardwareInterfaces.srv
-- Installing: /home/vx792/ros2_ws/src/ros-controls/ros2_control/install/controller_manager_msgs/share/controller_manager_msgs/srv/ListHardwareInterfaces_Request.msg
-- Installing: /home/vx792/ros2_ws/src/ros-controls/ros2_control/install/controller_manager_msgs/share/controller_manager_msgs/srv/ListHardwareInterfaces_Response.msg
-- Installing: /home/vx792/ros2_ws/src/ros-controls/ros2_control/install/controller_manager_msgs/share/controller_manager_msgs/srv/LoadController.srv
-- Installing: /home/vx792/ros2_ws/src/ros-controls/ros2_control/install/controller_manager_msgs/share/controller_manager_msgs/srv/LoadController_Request.msg
-- Installing: /home/vx792/ros2_ws/src/ros-controls/ros2_control/install/controller_manager_msgs/share/controller_manager_msgs/srv/LoadController_Response.msg
-- Installing: /home/vx792/ros2_ws/src/ros-controls/ros2_control/install/controller_manager_msgs/share/controller_manager_msgs/srv/ReloadControllerLibraries.srv
-- Installing: /home/vx792/ros2_ws/src/ros-controls/ros2_control/install/controller_manager_msgs/share/controller_manager_msgs/srv/ReloadControllerLibraries_Request.msg
-- Installing: /home/vx792/ros2_ws/src/ros-controls/ros2_control/install/controller_manager_msgs/share/controller_manager_msgs/srv/ReloadControllerLibraries_Response.msg
-- Installing: /home/vx792/ros2_ws/src/ros-controls/ros2_control/install/controller_manager_msgs/share/controller_manager_msgs/srv/SetHardwareComponentState.srv
-- Installing: /home/vx792/ros2_ws/src/ros-controls/ros2_control/install/controller_manager_msgs/share/controller_manager_msgs/srv/SetHardwareComponentState_Request.msg
-- Installing: /home/vx792/ros2_ws/src/ros-controls/ros2_control/install/controller_manager_msgs/share/controller_manager_msgs/srv/SetHardwareComponentState_Response.msg
-- Installing: /home/vx792/ros2_ws/src/ros-controls/ros2_control/install/controller_manager_msgs/share/controller_manager_msgs/srv/SwitchController.srv
-- Installing: /home/vx792/ros2_ws/src/ros-controls/ros2_control/install/controller_manager_msgs/share/controller_manager_msgs/srv/SwitchController_Request.msg
-- Installing: /home/vx792/ros2_ws/src/ros-controls/ros2_control/install/controller_manager_msgs/share/controller_manager_msgs/srv/SwitchController_Response.msg
-- Installing: /home/vx792/ros2_ws/src/ros-controls/ros2_control/install/controller_manager_msgs/share/controller_manager_msgs/srv/UnloadController.srv
-- Installing: /home/vx792/ros2_ws/src/ros-controls/ros2_control/install/controller_manager_msgs/share/controller_manager_msgs/srv/UnloadController_Request.msg
-- Installing: /home/vx792/ros2_ws/src/ros-controls/ros2_control/install/controller_manager_msgs/share/controller_manager_msgs/srv/UnloadController_Response.msg
-- Installing: /home/vx792/ros2_ws/src/ros-controls/ros2_control/install/controller_manager_msgs/share/ament_index/resource_index/package_run_dependencies/controller_manager_msgs
-- Installing: /home/vx792/ros2_ws/src/ros-controls/ros2_control/install/controller_manager_msgs/share/ament_index/resource_index/parent_prefix_path/controller_manager_msgs
-- Installing: /home/vx792/ros2_ws/src/ros-controls/ros2_control/install/controller_manager_msgs/share/controller_manager_msgs/environment/ament_prefix_path.sh
-- Installing: /home/vx792/ros2_ws/src/ros-controls/ros2_control/install/controller_manager_msgs/share/controller_manager_msgs/environment/ament_prefix_path.dsv
-- Installing: /home/vx792/ros2_ws/src/ros-controls/ros2_control/install/controller_manager_msgs/share/controller_manager_msgs/environment/path.sh
-- Installing: /home/vx792/ros2_ws/src/ros-controls/ros2_control/install/controller_manager_msgs/share/controller_manager_msgs/environment/path.dsv
-- Installing: /home/vx792/ros2_ws/src/ros-controls/ros2_control/install/controller_manager_msgs/share/controller_manager_msgs/local_setup.bash
-- Installing: /home/vx792/ros2_ws/src/ros-controls/ros2_control/install/controller_manager_msgs/share/controller_manager_msgs/local_setup.sh
-- Installing: /home/vx792/ros2_ws/src/ros-controls/ros2_control/install/controller_manager_msgs/share/controller_manager_msgs/local_setup.zsh
-- Installing: /home/vx792/ros2_ws/src/ros-controls/ros2_control/install/controller_manager_msgs/share/controller_manager_msgs/local_setup.dsv
-- Installing: /home/vx792/ros2_ws/src/ros-controls/ros2_control/install/controller_manager_msgs/share/controller_manager_msgs/package.dsv
-- Installing: /home/vx792/ros2_ws/src/ros-controls/ros2_control/install/controller_manager_msgs/share/ament_index/resource_index/packages/controller_manager_msgs
-- Installing: /home/vx792/ros2_ws/src/ros-controls/ros2_control/install/controller_manager_msgs/share/controller_manager_msgs/cmake/controller_manager_msgs__rosidl_generator_cExport.cmake
-- Installing: /home/vx792/ros2_ws/src/ros-controls/ros2_control/install/controller_manager_msgs/share/controller_manager_msgs/cmake/controller_manager_msgs__rosidl_generator_cExport-noconfig.cmake
-- Installing: /home/vx792/ros2_ws/src/ros-controls/ros2_control/install/controller_manager_msgs/share/controller_manager_msgs/cmake/controller_manager_msgs__rosidl_typesupport_introspection_cExport.cmake
-- Installing: /home/vx792/ros2_ws/src/ros-controls/ros2_control/install/controller_manager_msgs/share/controller_manager_msgs/cmake/controller_manager_msgs__rosidl_typesupport_introspection_cExport-noconfig.cmake
-- Installing: /home/vx792/ros2_ws/src/ros-controls/ros2_control/install/controller_manager_msgs/share/controller_manager_msgs/cmake/controller_manager_msgs__rosidl_typesupport_cExport.cmake
-- Installing: /home/vx792/ros2_ws/src/ros-controls/ros2_control/install/controller_manager_msgs/share/controller_manager_msgs/cmake/controller_manager_msgs__rosidl_typesupport_cExport-noconfig.cmake
-- Installing: /home/vx792/ros2_ws/src/ros-controls/ros2_control/install/controller_manager_msgs/share/controller_manager_msgs/cmake/controller_manager_msgs__rosidl_generator_cppExport.cmake
-- Installing: /home/vx792/ros2_ws/src/ros-controls/ros2_control/install/controller_manager_msgs/share/controller_manager_msgs/cmake/controller_manager_msgs__rosidl_typesupport_introspection_cppExport.cmake
-- Installing: /home/vx792/ros2_ws/src/ros-controls/ros2_control/install/controller_manager_msgs/share/controller_manager_msgs/cmake/controller_manager_msgs__rosidl_typesupport_introspection_cppExport-noconfig.cmake
-- Installing: /home/vx792/ros2_ws/src/ros-controls/ros2_control/install/controller_manager_msgs/share/controller_manager_msgs/cmake/controller_manager_msgs__rosidl_typesupport_cppExport.cmake
-- Installing: /home/vx792/ros2_ws/src/ros-controls/ros2_control/install/controller_manager_msgs/share/controller_manager_msgs/cmake/controller_manager_msgs__rosidl_typesupport_cppExport-noconfig.cmake
-- Installing: /home/vx792/ros2_ws/src/ros-controls/ros2_control/install/controller_manager_msgs/share/controller_manager_msgs/cmake/export_controller_manager_msgs__rosidl_generator_pyExport.cmake
-- Installing: /home/vx792/ros2_ws/src/ros-controls/ros2_control/install/controller_manager_msgs/share/controller_manager_msgs/cmake/export_controller_manager_msgs__rosidl_generator_pyExport-noconfig.cmake
-- Installing: /home/vx792/ros2_ws/src/ros-controls/ros2_control/install/controller_manager_msgs/share/controller_manager_msgs/cmake/rosidl_cmake-extras.cmake
-- Installing: /home/vx792/ros2_ws/src/ros-controls/ros2_control/install/controller_manager_msgs/share/controller_manager_msgs/cmake/ament_cmake_export_dependencies-extras.cmake
-- Installing: /home/vx792/ros2_ws/src/ros-controls/ros2_control/install/controller_manager_msgs/share/controller_manager_msgs/cmake/ament_cmake_export_libraries-extras.cmake
-- Installing: /home/vx792/ros2_ws/src/ros-controls/ros2_control/install/controller_manager_msgs/share/controller_manager_msgs/cmake/ament_cmake_export_targets-extras.cmake
-- Installing: /home/vx792/ros2_ws/src/ros-controls/ros2_control/install/controller_manager_msgs/share/controller_manager_msgs/cmake/ament_cmake_export_include_directories-extras.cmake
-- Installing: /home/vx792/ros2_ws/src/ros-controls/ros2_control/install/controller_manager_msgs/share/controller_manager_msgs/cmake/rosidl_cmake_export_typesupport_libraries-extras.cmake
-- Installing: /home/vx792/ros2_ws/src/ros-controls/ros2_control/install/controller_manager_msgs/share/controller_manager_msgs/cmake/rosidl_cmake_export_typesupport_targets-extras.cmake
-- Installing: /home/vx792/ros2_ws/src/ros-controls/ros2_control/install/controller_manager_msgs/share/controller_manager_msgs/cmake/controller_manager_msgsConfig.cmake
-- Installing: /home/vx792/ros2_ws/src/ros-controls/ros2_control/install/controller_manager_msgs/share/controller_manager_msgs/cmake/controller_manager_msgsConfig-version.cmake
-- Installing: /home/vx792/ros2_ws/src/ros-controls/ros2_control/install/controller_manager_msgs/share/controller_manager_msgs/package.xml
