-- The C compiler identification is GNU 9.4.0
-- The CXX compiler identification is GNU 9.4.0
-- Check for working C compiler: /usr/bin/cc
-- Check for working C compiler: /usr/bin/cc -- works
-- Detecting C compiler ABI info
-- Detecting C compiler ABI info - done
-- Detecting C compile features
-- Detecting C compile features - done
-- Check for working CXX compiler: /usr/bin/c++
-- Check for working CXX compiler: /usr/bin/c++ -- works
-- Detecting CXX compiler ABI info
-- Detecting CXX compiler ABI info - done
-- Detecting CXX compile features
-- Detecting CXX compile features - done
-- Found ament_cmake: 1.2.1 (/opt/ros/rolling/share/ament_cmake/cmake)
-- Found Python3: /usr/bin/python3.8 (found version "3.8.10") found components: Interpreter 
-- Found hardware_interface: 2.12.1 (/home/vx792/ros2_ws/src/ros-controls/ros2_control/install/hardware_interface/share/hardware_interface/cmake)
-- Using all available rosidl_typesupport_c: rosidl_typesupport_fastrtps_c;rosidl_typesupport_introspection_c
-- Found rosidl_adapter: 3.0.1 (/opt/ros/rolling/share/rosidl_adapter/cmake)
-- Using all available rosidl_typesupport_cpp: rosidl_typesupport_fastrtps_cpp;rosidl_typesupport_introspection_cpp
-- Found rmw_implementation_cmake: 5.1.0 (/opt/ros/rolling/share/rmw_implementation_cmake/cmake)
-- Found rmw_cyclonedds_cpp: 1.1.2 (/opt/ros/rolling/share/rmw_cyclonedds_cpp/cmake)
-- Using RMW implementation 'rmw_cyclonedds_cpp' as default
-- Found ament_cmake_gmock: 1.2.1 (/opt/ros/rolling/share/ament_cmake_gmock/cmake)
-- Found sensor_msgs: 4.0.0 (/opt/ros/rolling/share/sensor_msgs/cmake)
-- Found gmock sources under '/opt/ros/rolling/src/gmock_vendor': C++ tests using 'Google Mock' will be built
-- Found ament_cmake_gtest: 1.2.1 (/opt/ros/rolling/share/ament_cmake_gtest/cmake)
-- Found gtest sources under '/opt/ros/rolling/src/gtest_vendor': C++ tests using 'Google Test' will be built
-- Configuring done
-- Generating done
-- Build files have been written to: /home/vx792/ros2_ws/src/ros-controls/ros2_control/build/controller_interface
[35m[1mScanning dependencies of target gmock[0m
[  4%] [32mBuilding CXX object gmock/CMakeFiles/gmock.dir/opt/ros/rolling/src/gtest_vendor/src/gtest-all.cc.o[0m
[  9%] [32mBuilding CXX object gmock/CMakeFiles/gmock.dir/src/gmock-all.cc.o[0m
[ 14%] [32m[1mLinking CXX static library libgmock.a[0m
[ 14%] Built target gmock
[35m[1mScanning dependencies of target controller_interface[0m
[ 19%] [32mBuilding CXX object CMakeFiles/controller_interface.dir/src/controller_interface_base.cpp.o[0m
[ 23%] [32mBuilding CXX object CMakeFiles/controller_interface.dir/src/controller_interface.cpp.o[0m
[ 28%] [32mBuilding CXX object CMakeFiles/controller_interface.dir/src/chainable_controller_interface.cpp.o[0m
[ 33%] [32m[1mLinking CXX shared library libcontroller_interface.so[0m
[ 33%] Built target controller_interface
[35m[1mScanning dependencies of target gmock_main[0m
[ 38%] [32mBuilding CXX object gmock/CMakeFiles/gmock_main.dir/src/gmock_main.cc.o[0m
[ 42%] [32m[1mLinking CXX static library libgmock_main.a[0m
[ 42%] Built target gmock_main
[35m[1mScanning dependencies of target test_chainable_controller_interface[0m
[ 47%] [32mBuilding CXX object CMakeFiles/test_chainable_controller_interface.dir/test/test_chainable_controller_interface.cpp.o[0m
[ 52%] [32m[1mLinking CXX executable test_chainable_controller_interface[0m
[ 52%] Built target test_chainable_controller_interface
[35m[1mScanning dependencies of target test_force_torque_sensor[0m
[ 57%] [32mBuilding CXX object CMakeFiles/test_force_torque_sensor.dir/test/test_force_torque_sensor.cpp.o[0m
[ 61%] [32m[1mLinking CXX executable test_force_torque_sensor[0m
[ 61%] Built target test_force_torque_sensor
[35m[1mScanning dependencies of target test_controller_interface[0m
[ 66%] [32mBuilding CXX object CMakeFiles/test_controller_interface.dir/test/test_controller_interface.cpp.o[0m
[ 71%] [32m[1mLinking CXX executable test_controller_interface[0m
[ 71%] Built target test_controller_interface
[35m[1mScanning dependencies of target test_controller_with_options[0m
[ 76%] [32mBuilding CXX object CMakeFiles/test_controller_with_options.dir/test/test_controller_with_options.cpp.o[0m
[ 80%] [32m[1mLinking CXX executable test_controller_with_options[0m
[ 80%] Built target test_controller_with_options
[35m[1mScanning dependencies of target test_semantic_component_interface[0m
[ 85%] [32mBuilding CXX object CMakeFiles/test_semantic_component_interface.dir/test/test_semantic_component_interface.cpp.o[0m
[ 90%] [32m[1mLinking CXX executable test_semantic_component_interface[0m
[ 90%] Built target test_semantic_component_interface
[35m[1mScanning dependencies of target test_imu_sensor[0m
[ 95%] [32mBuilding CXX object CMakeFiles/test_imu_sensor.dir/test/test_imu_sensor.cpp.o[0m
[100%] [32m[1mLinking CXX executable test_imu_sensor[0m
[100%] Built target test_imu_sensor
-- Install configuration: ""
-- Installing: /home/vx792/ros2_ws/src/ros-controls/ros2_control/install/controller_interface/include
-- Installing: /home/vx792/ros2_ws/src/ros-controls/ros2_control/install/controller_interface/include/semantic_components
-- Installing: /home/vx792/ros2_ws/src/ros-controls/ros2_control/install/controller_interface/include/semantic_components/semantic_component_interface.hpp
-- Installing: /home/vx792/ros2_ws/src/ros-controls/ros2_control/install/controller_interface/include/semantic_components/imu_sensor.hpp
-- Installing: /home/vx792/ros2_ws/src/ros-controls/ros2_control/install/controller_interface/include/semantic_components/force_torque_sensor.hpp
-- Installing: /home/vx792/ros2_ws/src/ros-controls/ros2_control/install/controller_interface/include/controller_interface
-- Installing: /home/vx792/ros2_ws/src/ros-controls/ros2_control/install/controller_interface/include/controller_interface/controller_interface.hpp
-- Installing: /home/vx792/ros2_ws/src/ros-controls/ros2_control/install/controller_interface/include/controller_interface/chainable_controller_interface.hpp
-- Installing: /home/vx792/ros2_ws/src/ros-controls/ros2_control/install/controller_interface/include/controller_interface/controller_interface_base.hpp
-- Installing: /home/vx792/ros2_ws/src/ros-controls/ros2_control/install/controller_interface/include/controller_interface/helpers.hpp
-- Installing: /home/vx792/ros2_ws/src/ros-controls/ros2_control/install/controller_interface/include/controller_interface/visibility_control.h
-- Installing: /home/vx792/ros2_ws/src/ros-controls/ros2_control/install/controller_interface/lib/libcontroller_interface.so
-- Set runtime path of "/home/vx792/ros2_ws/src/ros-controls/ros2_control/install/controller_interface/lib/libcontroller_interface.so" to ""
-- Installing: /home/vx792/ros2_ws/src/ros-controls/ros2_control/install/controller_interface/share/controller_interface/environment/library_path.sh
-- Installing: /home/vx792/ros2_ws/src/ros-controls/ros2_control/install/controller_interface/share/controller_interface/environment/library_path.dsv
-- Installing: /home/vx792/ros2_ws/src/ros-controls/ros2_control/install/controller_interface/share/ament_index/resource_index/package_run_dependencies/controller_interface
-- Installing: /home/vx792/ros2_ws/src/ros-controls/ros2_control/install/controller_interface/share/ament_index/resource_index/parent_prefix_path/controller_interface
-- Installing: /home/vx792/ros2_ws/src/ros-controls/ros2_control/install/controller_interface/share/controller_interface/environment/ament_prefix_path.sh
-- Installing: /home/vx792/ros2_ws/src/ros-controls/ros2_control/install/controller_interface/share/controller_interface/environment/ament_prefix_path.dsv
-- Installing: /home/vx792/ros2_ws/src/ros-controls/ros2_control/install/controller_interface/share/controller_interface/environment/path.sh
-- Installing: /home/vx792/ros2_ws/src/ros-controls/ros2_control/install/controller_interface/share/controller_interface/environment/path.dsv
-- Installing: /home/vx792/ros2_ws/src/ros-controls/ros2_control/install/controller_interface/share/controller_interface/local_setup.bash
-- Installing: /home/vx792/ros2_ws/src/ros-controls/ros2_control/install/controller_interface/share/controller_interface/local_setup.sh
-- Installing: /home/vx792/ros2_ws/src/ros-controls/ros2_control/install/controller_interface/share/controller_interface/local_setup.zsh
-- Installing: /home/vx792/ros2_ws/src/ros-controls/ros2_control/install/controller_interface/share/controller_interface/local_setup.dsv
-- Installing: /home/vx792/ros2_ws/src/ros-controls/ros2_control/install/controller_interface/share/controller_interface/package.dsv
-- Installing: /home/vx792/ros2_ws/src/ros-controls/ros2_control/install/controller_interface/share/ament_index/resource_index/packages/controller_interface
-- Installing: /home/vx792/ros2_ws/src/ros-controls/ros2_control/install/controller_interface/share/controller_interface/cmake/ament_cmake_export_dependencies-extras.cmake
-- Installing: /home/vx792/ros2_ws/src/ros-controls/ros2_control/install/controller_interface/share/controller_interface/cmake/ament_cmake_export_include_directories-extras.cmake
-- Installing: /home/vx792/ros2_ws/src/ros-controls/ros2_control/install/controller_interface/share/controller_interface/cmake/ament_cmake_export_libraries-extras.cmake
-- Installing: /home/vx792/ros2_ws/src/ros-controls/ros2_control/install/controller_interface/share/controller_interface/cmake/controller_interfaceConfig.cmake
-- Installing: /home/vx792/ros2_ws/src/ros-controls/ros2_control/install/controller_interface/share/controller_interface/cmake/controller_interfaceConfig-version.cmake
-- Installing: /home/vx792/ros2_ws/src/ros-controls/ros2_control/install/controller_interface/share/controller_interface/package.xml
