[0.064s] Invoking command in '/home/vx792/ros2_ws/src/ros-controls/ros2_control/build/controller_interface': AMENT_PREFIX_PATH=/home/vx792/ros2_ws/src/ros-controls/ros2_control/install/hardware_interface:${AMENT_PREFIX_PATH} CMAKE_PREFIX_PATH=/home/vx792/ros2_ws/src/ros-controls/ros2_control/install/hardware_interface:/home/vx792/ros2_ws/src/ros-controls/install/gazebo_ros2_control_demos:/home/vx792/ros2_ws/src/ros-controls/install/ros2_controllers:/home/vx792/ros2_ws/src/ros-controls/install/velocity_controllers:/home/vx792/ros2_ws/src/ros-controls/install/ros2_control:/home/vx792/ros2_ws/src/ros-controls/install/transmission_interface:/home/vx792/ros2_ws/src/ros-controls/install/ros2_control_demos:/home/vx792/ros2_ws/src/ros-controls/install/ros2_control_demo_bringup:/home/vx792/ros2_ws/src/ros-controls/install/rrbot_description:/home/vx792/ros2_ws/src/ros-controls/install/gazebo_ros2_control:/home/vx792/ros2_ws/src/ros-controls/install/controller_manager:/home/vx792/ros2_ws/src/ros-controls/install/ros2_control_test_assets:/home/vx792/ros2_ws/src/ros-controls/install/ros2_control_demo_hardware:/home/vx792/ros2_ws/src/ros-controls/install/position_controllers:/home/vx792/ros2_ws/src/ros-controls/install/joint_trajectory_controller:/home/vx792/ros2_ws/src/ros-controls/install/joint_state_broadcaster:/home/vx792/ros2_ws/src/ros-controls/install/joint_limits:/home/vx792/ros2_ws/src/ros-controls/install/imu_sensor_broadcaster:/home/vx792/ros2_ws/src/ros-controls/install/gripper_controllers:/home/vx792/ros2_ws/src/ros-controls/install/effort_controllers:/home/vx792/ros2_ws/src/ros-controls/install/forward_command_controller:/home/vx792/ros2_ws/src/ros-controls/install/force_torque_sensor_broadcaster:/home/vx792/ros2_ws/src/ros-controls/install/diff_drive_controller:/home/vx792/ros2_ws/src/ros-controls/install/controller_interface:/home/vx792/ros2_ws/src/ros-controls/install/hardware_interface:/home/vx792/ros2_ws/src/ros-controls/install/diffbot_description:/home/vx792/ros2_ws/src/ros-controls/install/controller_manager_msgs:/home/vx792/ros2_ws/src/ros-controls/install/ros2controlcli:/home/vx792/ros2_ws/src/ros-controls/install/ros2_controllers_test_nodes:/home/vx792/ros2_ws/src/ros-controls/install/ros2_control_test_nodes:/opt/ros/rolling LD_LIBRARY_PATH=/home/vx792/ros2_ws/src/ros-controls/ros2_control/install/hardware_interface/lib:${LD_LIBRARY_PATH} /usr/bin/cmake /home/vx792/ros2_ws/src/ros-controls/ros2_control/controller_interface -DCMAKE_INSTALL_PREFIX=/home/vx792/ros2_ws/src/ros-controls/ros2_control/install/controller_interface
[0.298s] -- The C compiler identification is GNU 9.4.0
[0.448s] -- The CXX compiler identification is GNU 9.4.0
[0.457s] -- Check for working C compiler: /usr/bin/cc
[0.736s] -- Check for working C compiler: /usr/bin/cc -- works
[0.742s] -- Detecting C compiler ABI info
[0.994s] -- Detecting C compiler ABI info - done
[1.045s] -- Detecting C compile features
[1.046s] -- Detecting C compile features - done
[1.058s] -- Check for working CXX compiler: /usr/bin/c++
[1.406s] -- Check for working CXX compiler: /usr/bin/c++ -- works
[1.407s] -- Detecting CXX compiler ABI info
[1.728s] -- Detecting CXX compiler ABI info - done
[1.793s] -- Detecting CXX compile features
[1.795s] -- Detecting CXX compile features - done
[1.820s] -- Found ament_cmake: 1.2.1 (/opt/ros/rolling/share/ament_cmake/cmake)
[2.398s] -- Found Python3: /usr/bin/python3.8 (found version "3.8.10") found components: Interpreter 
[2.658s] -- Found hardware_interface: 2.12.1 (/home/vx792/ros2_ws/src/ros-controls/ros2_control/install/hardware_interface/share/hardware_interface/cmake)
[2.838s] -- Using all available rosidl_typesupport_c: rosidl_typesupport_fastrtps_c;rosidl_typesupport_introspection_c
[2.872s] -- Found rosidl_adapter: 3.0.1 (/opt/ros/rolling/share/rosidl_adapter/cmake)
[3.062s] -- Using all available rosidl_typesupport_cpp: rosidl_typesupport_fastrtps_cpp;rosidl_typesupport_introspection_cpp
[5.622s] -- Found rmw_implementation_cmake: 5.1.0 (/opt/ros/rolling/share/rmw_implementation_cmake/cmake)
[5.646s] -- Found rmw_cyclonedds_cpp: 1.1.2 (/opt/ros/rolling/share/rmw_cyclonedds_cpp/cmake)
[5.737s] -- Using RMW implementation 'rmw_cyclonedds_cpp' as default
[6.662s] -- Found ament_cmake_gmock: 1.2.1 (/opt/ros/rolling/share/ament_cmake_gmock/cmake)
[6.675s] -- Found sensor_msgs: 4.0.0 (/opt/ros/rolling/share/sensor_msgs/cmake)
[7.056s] -- Found gmock sources under '/opt/ros/rolling/src/gmock_vendor': C++ tests using 'Google Mock' will be built
[7.081s] -- Found ament_cmake_gtest: 1.2.1 (/opt/ros/rolling/share/ament_cmake_gtest/cmake)
[7.083s] -- Found gtest sources under '/opt/ros/rolling/src/gtest_vendor': C++ tests using 'Google Test' will be built
[7.940s] -- Configuring done
[8.518s] -- Generating done
[8.537s] -- Build files have been written to: /home/vx792/ros2_ws/src/ros-controls/ros2_control/build/controller_interface
[8.557s] Invoked command in '/home/vx792/ros2_ws/src/ros-controls/ros2_control/build/controller_interface' returned '0': AMENT_PREFIX_PATH=/home/vx792/ros2_ws/src/ros-controls/ros2_control/install/hardware_interface:${AMENT_PREFIX_PATH} CMAKE_PREFIX_PATH=/home/vx792/ros2_ws/src/ros-controls/ros2_control/install/hardware_interface:/home/vx792/ros2_ws/src/ros-controls/install/gazebo_ros2_control_demos:/home/vx792/ros2_ws/src/ros-controls/install/ros2_controllers:/home/vx792/ros2_ws/src/ros-controls/install/velocity_controllers:/home/vx792/ros2_ws/src/ros-controls/install/ros2_control:/home/vx792/ros2_ws/src/ros-controls/install/transmission_interface:/home/vx792/ros2_ws/src/ros-controls/install/ros2_control_demos:/home/vx792/ros2_ws/src/ros-controls/install/ros2_control_demo_bringup:/home/vx792/ros2_ws/src/ros-controls/install/rrbot_description:/home/vx792/ros2_ws/src/ros-controls/install/gazebo_ros2_control:/home/vx792/ros2_ws/src/ros-controls/install/controller_manager:/home/vx792/ros2_ws/src/ros-controls/install/ros2_control_test_assets:/home/vx792/ros2_ws/src/ros-controls/install/ros2_control_demo_hardware:/home/vx792/ros2_ws/src/ros-controls/install/position_controllers:/home/vx792/ros2_ws/src/ros-controls/install/joint_trajectory_controller:/home/vx792/ros2_ws/src/ros-controls/install/joint_state_broadcaster:/home/vx792/ros2_ws/src/ros-controls/install/joint_limits:/home/vx792/ros2_ws/src/ros-controls/install/imu_sensor_broadcaster:/home/vx792/ros2_ws/src/ros-controls/install/gripper_controllers:/home/vx792/ros2_ws/src/ros-controls/install/effort_controllers:/home/vx792/ros2_ws/src/ros-controls/install/forward_command_controller:/home/vx792/ros2_ws/src/ros-controls/install/force_torque_sensor_broadcaster:/home/vx792/ros2_ws/src/ros-controls/install/diff_drive_controller:/home/vx792/ros2_ws/src/ros-controls/install/controller_interface:/home/vx792/ros2_ws/src/ros-controls/install/hardware_interface:/home/vx792/ros2_ws/src/ros-controls/install/diffbot_description:/home/vx792/ros2_ws/src/ros-controls/install/controller_manager_msgs:/home/vx792/ros2_ws/src/ros-controls/install/ros2controlcli:/home/vx792/ros2_ws/src/ros-controls/install/ros2_controllers_test_nodes:/home/vx792/ros2_ws/src/ros-controls/install/ros2_control_test_nodes:/opt/ros/rolling LD_LIBRARY_PATH=/home/vx792/ros2_ws/src/ros-controls/ros2_control/install/hardware_interface/lib:${LD_LIBRARY_PATH} /usr/bin/cmake /home/vx792/ros2_ws/src/ros-controls/ros2_control/controller_interface -DCMAKE_INSTALL_PREFIX=/home/vx792/ros2_ws/src/ros-controls/ros2_control/install/controller_interface
[8.563s] Invoking command in '/home/vx792/ros2_ws/src/ros-controls/ros2_control/build/controller_interface': AMENT_PREFIX_PATH=/home/vx792/ros2_ws/src/ros-controls/ros2_control/install/hardware_interface:${AMENT_PREFIX_PATH} CMAKE_PREFIX_PATH=/home/vx792/ros2_ws/src/ros-controls/ros2_control/install/hardware_interface:/home/vx792/ros2_ws/src/ros-controls/install/gazebo_ros2_control_demos:/home/vx792/ros2_ws/src/ros-controls/install/ros2_controllers:/home/vx792/ros2_ws/src/ros-controls/install/velocity_controllers:/home/vx792/ros2_ws/src/ros-controls/install/ros2_control:/home/vx792/ros2_ws/src/ros-controls/install/transmission_interface:/home/vx792/ros2_ws/src/ros-controls/install/ros2_control_demos:/home/vx792/ros2_ws/src/ros-controls/install/ros2_control_demo_bringup:/home/vx792/ros2_ws/src/ros-controls/install/rrbot_description:/home/vx792/ros2_ws/src/ros-controls/install/gazebo_ros2_control:/home/vx792/ros2_ws/src/ros-controls/install/controller_manager:/home/vx792/ros2_ws/src/ros-controls/install/ros2_control_test_assets:/home/vx792/ros2_ws/src/ros-controls/install/ros2_control_demo_hardware:/home/vx792/ros2_ws/src/ros-controls/install/position_controllers:/home/vx792/ros2_ws/src/ros-controls/install/joint_trajectory_controller:/home/vx792/ros2_ws/src/ros-controls/install/joint_state_broadcaster:/home/vx792/ros2_ws/src/ros-controls/install/joint_limits:/home/vx792/ros2_ws/src/ros-controls/install/imu_sensor_broadcaster:/home/vx792/ros2_ws/src/ros-controls/install/gripper_controllers:/home/vx792/ros2_ws/src/ros-controls/install/effort_controllers:/home/vx792/ros2_ws/src/ros-controls/install/forward_command_controller:/home/vx792/ros2_ws/src/ros-controls/install/force_torque_sensor_broadcaster:/home/vx792/ros2_ws/src/ros-controls/install/diff_drive_controller:/home/vx792/ros2_ws/src/ros-controls/install/controller_interface:/home/vx792/ros2_ws/src/ros-controls/install/hardware_interface:/home/vx792/ros2_ws/src/ros-controls/install/diffbot_description:/home/vx792/ros2_ws/src/ros-controls/install/controller_manager_msgs:/home/vx792/ros2_ws/src/ros-controls/install/ros2controlcli:/home/vx792/ros2_ws/src/ros-controls/install/ros2_controllers_test_nodes:/home/vx792/ros2_ws/src/ros-controls/install/ros2_control_test_nodes:/opt/ros/rolling LD_LIBRARY_PATH=/home/vx792/ros2_ws/src/ros-controls/ros2_control/install/hardware_interface/lib:${LD_LIBRARY_PATH} /usr/bin/cmake --build /home/vx792/ros2_ws/src/ros-controls/ros2_control/build/controller_interface -- -j2 -l2
[8.726s] [35m[1mScanning dependencies of target gmock[0m
[8.815s] [  4%] [32mBuilding CXX object gmock/CMakeFiles/gmock.dir/opt/ros/rolling/src/gtest_vendor/src/gtest-all.cc.o[0m
[16.838s] [  9%] [32mBuilding CXX object gmock/CMakeFiles/gmock.dir/src/gmock-all.cc.o[0m
[21.286s] [ 14%] [32m[1mLinking CXX static library libgmock.a[0m
[21.526s] [ 14%] Built target gmock
[21.606s] [35m[1mScanning dependencies of target controller_interface[0m
[21.814s] [ 19%] [32mBuilding CXX object CMakeFiles/controller_interface.dir/src/controller_interface_base.cpp.o[0m
[29.319s] [ 23%] [32mBuilding CXX object CMakeFiles/controller_interface.dir/src/controller_interface.cpp.o[0m
[36.647s] [ 28%] [32mBuilding CXX object CMakeFiles/controller_interface.dir/src/chainable_controller_interface.cpp.o[0m
[44.048s] [ 33%] [32m[1mLinking CXX shared library libcontroller_interface.so[0m
[44.312s] [ 33%] Built target controller_interface
[44.327s] [35m[1mScanning dependencies of target gmock_main[0m
[44.368s] [ 38%] [32mBuilding CXX object gmock/CMakeFiles/gmock_main.dir/src/gmock_main.cc.o[0m
[45.578s] [ 42%] [32m[1mLinking CXX static library libgmock_main.a[0m
[45.613s] [ 42%] Built target gmock_main
[45.630s] [35m[1mScanning dependencies of target test_chainable_controller_interface[0m
[45.765s] [ 47%] [32mBuilding CXX object CMakeFiles/test_chainable_controller_interface.dir/test/test_chainable_controller_interface.cpp.o[0m
[52.149s] [ 52%] [32m[1mLinking CXX executable test_chainable_controller_interface[0m
[52.635s] [ 52%] Built target test_chainable_controller_interface
[52.650s] [35m[1mScanning dependencies of target test_force_torque_sensor[0m
[52.704s] [ 57%] [32mBuilding CXX object CMakeFiles/test_force_torque_sensor.dir/test/test_force_torque_sensor.cpp.o[0m
[55.575s] [ 61%] [32m[1mLinking CXX executable test_force_torque_sensor[0m
[56.125s] [ 61%] Built target test_force_torque_sensor
[56.140s] [35m[1mScanning dependencies of target test_controller_interface[0m
[56.277s] [ 66%] [32mBuilding CXX object CMakeFiles/test_controller_interface.dir/test/test_controller_interface.cpp.o[0m
[62.188s] [ 71%] [32m[1mLinking CXX executable test_controller_interface[0m
[62.632s] [ 71%] Built target test_controller_interface
[62.648s] [35m[1mScanning dependencies of target test_controller_with_options[0m
[62.741s] [ 76%] [32mBuilding CXX object CMakeFiles/test_controller_with_options.dir/test/test_controller_with_options.cpp.o[0m
[67.873s] [ 80%] [32m[1mLinking CXX executable test_controller_with_options[0m
[68.320s] [ 80%] Built target test_controller_with_options
[68.335s] [35m[1mScanning dependencies of target test_semantic_component_interface[0m
[68.376s] [ 85%] [32mBuilding CXX object CMakeFiles/test_semantic_component_interface.dir/test/test_semantic_component_interface.cpp.o[0m
[71.124s] [ 90%] [32m[1mLinking CXX executable test_semantic_component_interface[0m
[71.492s] [ 90%] Built target test_semantic_component_interface
[71.507s] [35m[1mScanning dependencies of target test_imu_sensor[0m
[71.547s] [ 95%] [32mBuilding CXX object CMakeFiles/test_imu_sensor.dir/test/test_imu_sensor.cpp.o[0m
[74.304s] [100%] [32m[1mLinking CXX executable test_imu_sensor[0m
[74.679s] [100%] Built target test_imu_sensor
[74.700s] Invoked command in '/home/vx792/ros2_ws/src/ros-controls/ros2_control/build/controller_interface' returned '0': AMENT_PREFIX_PATH=/home/vx792/ros2_ws/src/ros-controls/ros2_control/install/hardware_interface:${AMENT_PREFIX_PATH} CMAKE_PREFIX_PATH=/home/vx792/ros2_ws/src/ros-controls/ros2_control/install/hardware_interface:/home/vx792/ros2_ws/src/ros-controls/install/gazebo_ros2_control_demos:/home/vx792/ros2_ws/src/ros-controls/install/ros2_controllers:/home/vx792/ros2_ws/src/ros-controls/install/velocity_controllers:/home/vx792/ros2_ws/src/ros-controls/install/ros2_control:/home/vx792/ros2_ws/src/ros-controls/install/transmission_interface:/home/vx792/ros2_ws/src/ros-controls/install/ros2_control_demos:/home/vx792/ros2_ws/src/ros-controls/install/ros2_control_demo_bringup:/home/vx792/ros2_ws/src/ros-controls/install/rrbot_description:/home/vx792/ros2_ws/src/ros-controls/install/gazebo_ros2_control:/home/vx792/ros2_ws/src/ros-controls/install/controller_manager:/home/vx792/ros2_ws/src/ros-controls/install/ros2_control_test_assets:/home/vx792/ros2_ws/src/ros-controls/install/ros2_control_demo_hardware:/home/vx792/ros2_ws/src/ros-controls/install/position_controllers:/home/vx792/ros2_ws/src/ros-controls/install/joint_trajectory_controller:/home/vx792/ros2_ws/src/ros-controls/install/joint_state_broadcaster:/home/vx792/ros2_ws/src/ros-controls/install/joint_limits:/home/vx792/ros2_ws/src/ros-controls/install/imu_sensor_broadcaster:/home/vx792/ros2_ws/src/ros-controls/install/gripper_controllers:/home/vx792/ros2_ws/src/ros-controls/install/effort_controllers:/home/vx792/ros2_ws/src/ros-controls/install/forward_command_controller:/home/vx792/ros2_ws/src/ros-controls/install/force_torque_sensor_broadcaster:/home/vx792/ros2_ws/src/ros-controls/install/diff_drive_controller:/home/vx792/ros2_ws/src/ros-controls/install/controller_interface:/home/vx792/ros2_ws/src/ros-controls/install/hardware_interface:/home/vx792/ros2_ws/src/ros-controls/install/diffbot_description:/home/vx792/ros2_ws/src/ros-controls/install/controller_manager_msgs:/home/vx792/ros2_ws/src/ros-controls/install/ros2controlcli:/home/vx792/ros2_ws/src/ros-controls/install/ros2_controllers_test_nodes:/home/vx792/ros2_ws/src/ros-controls/install/ros2_control_test_nodes:/opt/ros/rolling LD_LIBRARY_PATH=/home/vx792/ros2_ws/src/ros-controls/ros2_control/install/hardware_interface/lib:${LD_LIBRARY_PATH} /usr/bin/cmake --build /home/vx792/ros2_ws/src/ros-controls/ros2_control/build/controller_interface -- -j2 -l2
[74.802s] Invoking command in '/home/vx792/ros2_ws/src/ros-controls/ros2_control/build/controller_interface': AMENT_PREFIX_PATH=/home/vx792/ros2_ws/src/ros-controls/ros2_control/install/hardware_interface:${AMENT_PREFIX_PATH} CMAKE_PREFIX_PATH=/home/vx792/ros2_ws/src/ros-controls/ros2_control/install/hardware_interface:/home/vx792/ros2_ws/src/ros-controls/install/gazebo_ros2_control_demos:/home/vx792/ros2_ws/src/ros-controls/install/ros2_controllers:/home/vx792/ros2_ws/src/ros-controls/install/velocity_controllers:/home/vx792/ros2_ws/src/ros-controls/install/ros2_control:/home/vx792/ros2_ws/src/ros-controls/install/transmission_interface:/home/vx792/ros2_ws/src/ros-controls/install/ros2_control_demos:/home/vx792/ros2_ws/src/ros-controls/install/ros2_control_demo_bringup:/home/vx792/ros2_ws/src/ros-controls/install/rrbot_description:/home/vx792/ros2_ws/src/ros-controls/install/gazebo_ros2_control:/home/vx792/ros2_ws/src/ros-controls/install/controller_manager:/home/vx792/ros2_ws/src/ros-controls/install/ros2_control_test_assets:/home/vx792/ros2_ws/src/ros-controls/install/ros2_control_demo_hardware:/home/vx792/ros2_ws/src/ros-controls/install/position_controllers:/home/vx792/ros2_ws/src/ros-controls/install/joint_trajectory_controller:/home/vx792/ros2_ws/src/ros-controls/install/joint_state_broadcaster:/home/vx792/ros2_ws/src/ros-controls/install/joint_limits:/home/vx792/ros2_ws/src/ros-controls/install/imu_sensor_broadcaster:/home/vx792/ros2_ws/src/ros-controls/install/gripper_controllers:/home/vx792/ros2_ws/src/ros-controls/install/effort_controllers:/home/vx792/ros2_ws/src/ros-controls/install/forward_command_controller:/home/vx792/ros2_ws/src/ros-controls/install/force_torque_sensor_broadcaster:/home/vx792/ros2_ws/src/ros-controls/install/diff_drive_controller:/home/vx792/ros2_ws/src/ros-controls/install/controller_interface:/home/vx792/ros2_ws/src/ros-controls/install/hardware_interface:/home/vx792/ros2_ws/src/ros-controls/install/diffbot_description:/home/vx792/ros2_ws/src/ros-controls/install/controller_manager_msgs:/home/vx792/ros2_ws/src/ros-controls/install/ros2controlcli:/home/vx792/ros2_ws/src/ros-controls/install/ros2_controllers_test_nodes:/home/vx792/ros2_ws/src/ros-controls/install/ros2_control_test_nodes:/opt/ros/rolling LD_LIBRARY_PATH=/home/vx792/ros2_ws/src/ros-controls/ros2_control/install/hardware_interface/lib:${LD_LIBRARY_PATH} /usr/bin/cmake --install /home/vx792/ros2_ws/src/ros-controls/ros2_control/build/controller_interface
[74.819s] -- Install configuration: ""
[74.820s] -- Installing: /home/vx792/ros2_ws/src/ros-controls/ros2_control/install/controller_interface/include
[74.820s] -- Installing: /home/vx792/ros2_ws/src/ros-controls/ros2_control/install/controller_interface/include/semantic_components
[74.821s] -- Installing: /home/vx792/ros2_ws/src/ros-controls/ros2_control/install/controller_interface/include/semantic_components/semantic_component_interface.hpp
[74.821s] -- Installing: /home/vx792/ros2_ws/src/ros-controls/ros2_control/install/controller_interface/include/semantic_components/imu_sensor.hpp
[74.822s] -- Installing: /home/vx792/ros2_ws/src/ros-controls/ros2_control/install/controller_interface/include/semantic_components/force_torque_sensor.hpp
[74.823s] -- Installing: /home/vx792/ros2_ws/src/ros-controls/ros2_control/install/controller_interface/include/controller_interface
[74.823s] -- Installing: /home/vx792/ros2_ws/src/ros-controls/ros2_control/install/controller_interface/include/controller_interface/controller_interface.hpp
[74.824s] -- Installing: /home/vx792/ros2_ws/src/ros-controls/ros2_control/install/controller_interface/include/controller_interface/chainable_controller_interface.hpp
[74.824s] -- Installing: /home/vx792/ros2_ws/src/ros-controls/ros2_control/install/controller_interface/include/controller_interface/controller_interface_base.hpp
[74.825s] -- Installing: /home/vx792/ros2_ws/src/ros-controls/ros2_control/install/controller_interface/include/controller_interface/helpers.hpp
[74.826s] -- Installing: /home/vx792/ros2_ws/src/ros-controls/ros2_control/install/controller_interface/include/controller_interface/visibility_control.h
[74.826s] -- Installing: /home/vx792/ros2_ws/src/ros-controls/ros2_control/install/controller_interface/lib/libcontroller_interface.so
[74.829s] -- Set runtime path of "/home/vx792/ros2_ws/src/ros-controls/ros2_control/install/controller_interface/lib/libcontroller_interface.so" to ""
[74.830s] -- Installing: /home/vx792/ros2_ws/src/ros-controls/ros2_control/install/controller_interface/share/controller_interface/environment/library_path.sh
[74.830s] -- Installing: /home/vx792/ros2_ws/src/ros-controls/ros2_control/install/controller_interface/share/controller_interface/environment/library_path.dsv
[74.831s] -- Installing: /home/vx792/ros2_ws/src/ros-controls/ros2_control/install/controller_interface/share/ament_index/resource_index/package_run_dependencies/controller_interface
[74.832s] -- Installing: /home/vx792/ros2_ws/src/ros-controls/ros2_control/install/controller_interface/share/ament_index/resource_index/parent_prefix_path/controller_interface
[74.833s] -- Installing: /home/vx792/ros2_ws/src/ros-controls/ros2_control/install/controller_interface/share/controller_interface/environment/ament_prefix_path.sh
[74.833s] -- Installing: /home/vx792/ros2_ws/src/ros-controls/ros2_control/install/controller_interface/share/controller_interface/environment/ament_prefix_path.dsv
[74.834s] -- Installing: /home/vx792/ros2_ws/src/ros-controls/ros2_control/install/controller_interface/share/controller_interface/environment/path.sh
[74.835s] -- Installing: /home/vx792/ros2_ws/src/ros-controls/ros2_control/install/controller_interface/share/controller_interface/environment/path.dsv
[74.835s] -- Installing: /home/vx792/ros2_ws/src/ros-controls/ros2_control/install/controller_interface/share/controller_interface/local_setup.bash
[74.836s] -- Installing: /home/vx792/ros2_ws/src/ros-controls/ros2_control/install/controller_interface/share/controller_interface/local_setup.sh
[74.837s] -- Installing: /home/vx792/ros2_ws/src/ros-controls/ros2_control/install/controller_interface/share/controller_interface/local_setup.zsh
[74.837s] -- Installing: /home/vx792/ros2_ws/src/ros-controls/ros2_control/install/controller_interface/share/controller_interface/local_setup.dsv
[74.838s] -- Installing: /home/vx792/ros2_ws/src/ros-controls/ros2_control/install/controller_interface/share/controller_interface/package.dsv
[74.839s] -- Installing: /home/vx792/ros2_ws/src/ros-controls/ros2_control/install/controller_interface/share/ament_index/resource_index/packages/controller_interface
[74.840s] -- Installing: /home/vx792/ros2_ws/src/ros-controls/ros2_control/install/controller_interface/share/controller_interface/cmake/ament_cmake_export_dependencies-extras.cmake
[74.840s] -- Installing: /home/vx792/ros2_ws/src/ros-controls/ros2_control/install/controller_interface/share/controller_interface/cmake/ament_cmake_export_include_directories-extras.cmake
[74.841s] -- Installing: /home/vx792/ros2_ws/src/ros-controls/ros2_control/install/controller_interface/share/controller_interface/cmake/ament_cmake_export_libraries-extras.cmake
[74.842s] -- Installing: /home/vx792/ros2_ws/src/ros-controls/ros2_control/install/controller_interface/share/controller_interface/cmake/controller_interfaceConfig.cmake
[74.842s] -- Installing: /home/vx792/ros2_ws/src/ros-controls/ros2_control/install/controller_interface/share/controller_interface/cmake/controller_interfaceConfig-version.cmake
[74.843s] -- Installing: /home/vx792/ros2_ws/src/ros-controls/ros2_control/install/controller_interface/share/controller_interface/package.xml
[74.850s] Invoked command in '/home/vx792/ros2_ws/src/ros-controls/ros2_control/build/controller_interface' returned '0': AMENT_PREFIX_PATH=/home/vx792/ros2_ws/src/ros-controls/ros2_control/install/hardware_interface:${AMENT_PREFIX_PATH} CMAKE_PREFIX_PATH=/home/vx792/ros2_ws/src/ros-controls/ros2_control/install/hardware_interface:/home/vx792/ros2_ws/src/ros-controls/install/gazebo_ros2_control_demos:/home/vx792/ros2_ws/src/ros-controls/install/ros2_controllers:/home/vx792/ros2_ws/src/ros-controls/install/velocity_controllers:/home/vx792/ros2_ws/src/ros-controls/install/ros2_control:/home/vx792/ros2_ws/src/ros-controls/install/transmission_interface:/home/vx792/ros2_ws/src/ros-controls/install/ros2_control_demos:/home/vx792/ros2_ws/src/ros-controls/install/ros2_control_demo_bringup:/home/vx792/ros2_ws/src/ros-controls/install/rrbot_description:/home/vx792/ros2_ws/src/ros-controls/install/gazebo_ros2_control:/home/vx792/ros2_ws/src/ros-controls/install/controller_manager:/home/vx792/ros2_ws/src/ros-controls/install/ros2_control_test_assets:/home/vx792/ros2_ws/src/ros-controls/install/ros2_control_demo_hardware:/home/vx792/ros2_ws/src/ros-controls/install/position_controllers:/home/vx792/ros2_ws/src/ros-controls/install/joint_trajectory_controller:/home/vx792/ros2_ws/src/ros-controls/install/joint_state_broadcaster:/home/vx792/ros2_ws/src/ros-controls/install/joint_limits:/home/vx792/ros2_ws/src/ros-controls/install/imu_sensor_broadcaster:/home/vx792/ros2_ws/src/ros-controls/install/gripper_controllers:/home/vx792/ros2_ws/src/ros-controls/install/effort_controllers:/home/vx792/ros2_ws/src/ros-controls/install/forward_command_controller:/home/vx792/ros2_ws/src/ros-controls/install/force_torque_sensor_broadcaster:/home/vx792/ros2_ws/src/ros-controls/install/diff_drive_controller:/home/vx792/ros2_ws/src/ros-controls/install/controller_interface:/home/vx792/ros2_ws/src/ros-controls/install/hardware_interface:/home/vx792/ros2_ws/src/ros-controls/install/diffbot_description:/home/vx792/ros2_ws/src/ros-controls/install/controller_manager_msgs:/home/vx792/ros2_ws/src/ros-controls/install/ros2controlcli:/home/vx792/ros2_ws/src/ros-controls/install/ros2_controllers_test_nodes:/home/vx792/ros2_ws/src/ros-controls/install/ros2_control_test_nodes:/opt/ros/rolling LD_LIBRARY_PATH=/home/vx792/ros2_ws/src/ros-controls/ros2_control/install/hardware_interface/lib:${LD_LIBRARY_PATH} /usr/bin/cmake --install /home/vx792/ros2_ws/src/ros-controls/ros2_control/build/controller_interface
